CRITICAL - 2020-05-19 07:50:45 --> Class 'App\Controllers\organizerModel' not found
#0 C:\wamp64\www\event\app\Controllers\OrganizerWSControler.php(8): App\Controllers\OrganizerWSControler->organizerList()
#1 C:\wamp64\www\event\system\CodeIgniter.php(914): App\Controllers\OrganizerWSControler->index()
#2 C:\wamp64\www\event\system\CodeIgniter.php(400): CodeIgniter\CodeIgniter->runController(Object(App\Controllers\OrganizerWSControler))
#3 C:\wamp64\www\event\system\CodeIgniter.php(308): CodeIgniter\CodeIgniter->handleRequest(NULL, Object(Config\Cache), false)
#4 C:\wamp64\www\event\public\index.php(45): CodeIgniter\CodeIgniter->run()
#5 {main}
CRITICAL - 2020-05-19 07:51:59 --> Class 'App\Controllers\OrganizerModel' not found
#0 C:\wamp64\www\event\app\Controllers\OrganizerWSControler.php(8): App\Controllers\OrganizerWSControler->organizerList()
#1 C:\wamp64\www\event\system\CodeIgniter.php(914): App\Controllers\OrganizerWSControler->index()
#2 C:\wamp64\www\event\system\CodeIgniter.php(400): CodeIgniter\CodeIgniter->runController(Object(App\Controllers\OrganizerWSControler))
#3 C:\wamp64\www\event\system\CodeIgniter.php(308): CodeIgniter\CodeIgniter->handleRequest(NULL, Object(Config\Cache), false)
#4 C:\wamp64\www\event\public\index.php(45): CodeIgniter\CodeIgniter->run()
#5 {main}
CRITICAL - 2020-05-19 07:53:54 --> Base 'event_db' inconnue
#0 C:\wamp64\www\event\system\Database\BaseConnection.php(377): CodeIgniter\Database\MySQLi\Connection->connect(false)
#1 C:\wamp64\www\event\system\Database\BaseConnection.php(643): CodeIgniter\Database\BaseConnection->initialize()
#2 C:\wamp64\www\event\system\Database\BaseBuilder.php(1845): CodeIgniter\Database\BaseConnection->query('SELECT `event`....', Array, false)
#3 C:\wamp64\www\event\app\Models\EventModel.php(75): CodeIgniter\Database\BaseBuilder->get()
#4 C:\wamp64\www\event\app\Controllers\EventWSController.php(18): App\Models\EventModel->eventSearchByDate('2020-10-10')
#5 C:\wamp64\www\event\system\CodeIgniter.php(914): App\Controllers\EventWSController->index()
#6 C:\wamp64\www\event\system\CodeIgniter.php(400): CodeIgniter\CodeIgniter->runController(Object(App\Controllers\EventWSController))
#7 C:\wamp64\www\event\system\CodeIgniter.php(308): CodeIgniter\CodeIgniter->handleRequest(NULL, Object(Config\Cache), false)
#8 C:\wamp64\www\event\public\index.php(45): CodeIgniter\CodeIgniter->run()
#9 {main}
CRITICAL - 2020-05-19 07:58:18 --> Base 'event_db' inconnue
#0 C:\wamp64\www\event\system\Database\BaseConnection.php(377): CodeIgniter\Database\MySQLi\Connection->connect(false)
#1 C:\wamp64\www\event\system\Database\BaseConnection.php(643): CodeIgniter\Database\BaseConnection->initialize()
#2 C:\wamp64\www\event\system\Database\BaseBuilder.php(1845): CodeIgniter\Database\BaseConnection->query('SELECT `event`....', Array, false)
#3 C:\wamp64\www\event\app\Models\EventModel.php(75): CodeIgniter\Database\BaseBuilder->get()
#4 C:\wamp64\www\event\app\Controllers\EventWSController.php(18): App\Models\EventModel->eventSearchByDate('2020-10-10')
#5 C:\wamp64\www\event\system\CodeIgniter.php(914): App\Controllers\EventWSController->index()
#6 C:\wamp64\www\event\system\CodeIgniter.php(400): CodeIgniter\CodeIgniter->runController(Object(App\Controllers\EventWSController))
#7 C:\wamp64\www\event\system\CodeIgniter.php(308): CodeIgniter\CodeIgniter->handleRequest(NULL, Object(Config\Cache), false)
#8 C:\wamp64\www\event\public\index.php(45): CodeIgniter\CodeIgniter->run()
#9 {main}
CRITICAL - 2020-05-19 07:58:36 --> Base 'event_db' inconnue
#0 C:\wamp64\www\event\system\Database\BaseConnection.php(377): CodeIgniter\Database\MySQLi\Connection->connect(false)
#1 C:\wamp64\www\event\system\Database\BaseConnection.php(643): CodeIgniter\Database\BaseConnection->initialize()
#2 C:\wamp64\www\event\system\Database\BaseBuilder.php(1845): CodeIgniter\Database\BaseConnection->query('SELECT `event`....', Array, false)
#3 C:\wamp64\www\event\app\Models\EventModel.php(75): CodeIgniter\Database\BaseBuilder->get()
#4 C:\wamp64\www\event\app\Controllers\EventWSController.php(18): App\Models\EventModel->eventSearchByDate('2020-10-10')
#5 C:\wamp64\www\event\system\CodeIgniter.php(914): App\Controllers\EventWSController->index()
#6 C:\wamp64\www\event\system\CodeIgniter.php(400): CodeIgniter\CodeIgniter->runController(Object(App\Controllers\EventWSController))
#7 C:\wamp64\www\event\system\CodeIgniter.php(308): CodeIgniter\CodeIgniter->handleRequest(NULL, Object(Config\Cache), false)
#8 C:\wamp64\www\event\public\index.php(45): CodeIgniter\CodeIgniter->run()
#9 {main}
CRITICAL - 2020-05-19 08:00:58 --> Base 'event_db' inconnue
#0 C:\wamp64\www\event\system\Database\BaseConnection.php(377): CodeIgniter\Database\MySQLi\Connection->connect(false)
#1 C:\wamp64\www\event\system\Database\BaseConnection.php(643): CodeIgniter\Database\BaseConnection->initialize()
#2 C:\wamp64\www\event\system\Database\BaseBuilder.php(1845): CodeIgniter\Database\BaseConnection->query('SELECT `event`....', Array, false)
#3 C:\wamp64\www\event\app\Models\EventModel.php(75): CodeIgniter\Database\BaseBuilder->get()
#4 C:\wamp64\www\event\app\Controllers\EventWSController.php(18): App\Models\EventModel->eventSearchByDate('2020-10-10')
#5 C:\wamp64\www\event\system\CodeIgniter.php(914): App\Controllers\EventWSController->index()
#6 C:\wamp64\www\event\system\CodeIgniter.php(400): CodeIgniter\CodeIgniter->runController(Object(App\Controllers\EventWSController))
#7 C:\wamp64\www\event\system\CodeIgniter.php(308): CodeIgniter\CodeIgniter->handleRequest(NULL, Object(Config\Cache), false)
#8 C:\wamp64\www\event\public\index.php(45): CodeIgniter\CodeIgniter->run()
#9 {main}
CRITICAL - 2020-05-19 08:08:34 --> Base 'event_db' inconnue
#0 C:\wamp64\www\event\system\Database\BaseConnection.php(377): CodeIgniter\Database\MySQLi\Connection->connect(false)
#1 C:\wamp64\www\event\system\Database\BaseConnection.php(643): CodeIgniter\Database\BaseConnection->initialize()
#2 C:\wamp64\www\event\system\Database\BaseBuilder.php(1845): CodeIgniter\Database\BaseConnection->query('SELECT `event`....', Array, false)
#3 C:\wamp64\www\event\app\Models\EventModel.php(75): CodeIgniter\Database\BaseBuilder->get()
#4 C:\wamp64\www\event\app\Controllers\EventWSController.php(18): App\Models\EventModel->eventSearchByDate('2020-10-10')
#5 C:\wamp64\www\event\system\CodeIgniter.php(914): App\Controllers\EventWSController->index()
#6 C:\wamp64\www\event\system\CodeIgniter.php(400): CodeIgniter\CodeIgniter->runController(Object(App\Controllers\EventWSController))
#7 C:\wamp64\www\event\system\CodeIgniter.php(308): CodeIgniter\CodeIgniter->handleRequest(NULL, Object(Config\Cache), false)
#8 C:\wamp64\www\event\public\index.php(45): CodeIgniter\CodeIgniter->run()
#9 {main}
