CRITICAL - 2020-05-20 08:23:23 --> syntax error, unexpected 'return' (T_RETURN)
#0 C:\wamp64\www\event\system\Autoloader\Autoloader.php(296): CodeIgniter\Autoloader\Autoloader->requireFile('C:\\wamp64\\www\\e...')
#1 C:\wamp64\www\event\system\Autoloader\Autoloader.php(258): CodeIgniter\Autoloader\Autoloader->loadInNamespace('App\\Controllers...')
#2 [internal function]: CodeIgniter\Autoloader\Autoloader->loadClass('App\\Controllers...')
#3 [internal function]: spl_autoload_call('App\\Controllers...')
#4 C:\wamp64\www\event\system\CodeIgniter.php(865): class_exists('\\App\\Controller...', true)
#5 C:\wamp64\www\event\system\CodeIgniter.php(390): CodeIgniter\CodeIgniter->startController()
#6 C:\wamp64\www\event\system\CodeIgniter.php(308): CodeIgniter\CodeIgniter->handleRequest(NULL, Object(Config\Cache), false)
#7 C:\wamp64\www\event\public\index.php(45): CodeIgniter\CodeIgniter->run()
#8 {main}
CRITICAL - 2020-05-20 08:26:11 --> Base 'event_db' inconnue
#0 C:\wamp64\www\event\system\Database\BaseConnection.php(377): CodeIgniter\Database\MySQLi\Connection->connect(false)
#1 C:\wamp64\www\event\system\Database\BaseConnection.php(643): CodeIgniter\Database\BaseConnection->initialize()
#2 C:\wamp64\www\event\system\Database\BaseBuilder.php(1845): CodeIgniter\Database\BaseConnection->query('SELECT `event`....', Array, false)
#3 C:\wamp64\www\event\app\Models\EventModel.php(75): CodeIgniter\Database\BaseBuilder->get()
#4 C:\wamp64\www\event\app\Controllers\EventWSController.php(18): App\Models\EventModel->eventSearchByDate('2020-10-10')
#5 C:\wamp64\www\event\system\CodeIgniter.php(914): App\Controllers\EventWSController->index()
#6 C:\wamp64\www\event\system\CodeIgniter.php(400): CodeIgniter\CodeIgniter->runController(Object(App\Controllers\EventWSController))
#7 C:\wamp64\www\event\system\CodeIgniter.php(308): CodeIgniter\CodeIgniter->handleRequest(NULL, Object(Config\Cache), false)
#8 C:\wamp64\www\event\public\index.php(45): CodeIgniter\CodeIgniter->run()
#9 {main}
CRITICAL - 2020-05-20 08:34:49 --> Call to undefined method App\Models\EventModel::liste
#0 C:\wamp64\www\event\app\Controllers\EventWSController.php(18): CodeIgniter\Model->__call('liste', Array)
#1 C:\wamp64\www\event\system\CodeIgniter.php(914): App\Controllers\EventWSController->index()
#2 C:\wamp64\www\event\system\CodeIgniter.php(400): CodeIgniter\CodeIgniter->runController(Object(App\Controllers\EventWSController))
#3 C:\wamp64\www\event\system\CodeIgniter.php(308): CodeIgniter\CodeIgniter->handleRequest(NULL, Object(Config\Cache), false)
#4 C:\wamp64\www\event\public\index.php(45): CodeIgniter\CodeIgniter->run()
#5 {main}
CRITICAL - 2020-05-20 08:39:58 --> Use of undefined constant lo - assumed 'lo' (this will throw an Error in a future version of PHP)
#0 C:\wamp64\www\event\app\Controllers\EventWSController.php(18): CodeIgniter\Debug\Exceptions->errorHandler(2, 'Use of undefine...', 'C:\\wamp64\\www\\e...', 18, Array)
#1 C:\wamp64\www\event\system\CodeIgniter.php(914): App\Controllers\EventWSController->index()
#2 C:\wamp64\www\event\system\CodeIgniter.php(400): CodeIgniter\CodeIgniter->runController(Object(App\Controllers\EventWSController))
#3 C:\wamp64\www\event\system\CodeIgniter.php(308): CodeIgniter\CodeIgniter->handleRequest(NULL, Object(Config\Cache), false)
#4 C:\wamp64\www\event\public\index.php(45): CodeIgniter\CodeIgniter->run()
#5 {main}
CRITICAL - 2020-05-20 08:43:53 --> Class 'App\Controllers\OrganizerModel' not found
#0 C:\wamp64\www\event\app\Controllers\OrganizerWSControler.php(8): App\Controllers\OrganizerWSControler->organizerList()
#1 C:\wamp64\www\event\system\CodeIgniter.php(914): App\Controllers\OrganizerWSControler->index()
#2 C:\wamp64\www\event\system\CodeIgniter.php(400): CodeIgniter\CodeIgniter->runController(Object(App\Controllers\OrganizerWSControler))
#3 C:\wamp64\www\event\system\CodeIgniter.php(308): CodeIgniter\CodeIgniter->handleRequest(NULL, Object(Config\Cache), false)
#4 C:\wamp64\www\event\public\index.php(45): CodeIgniter\CodeIgniter->run()
#5 {main}
CRITICAL - 2020-05-20 08:45:08 --> Class 'App\Controllers\OrganizerModel' not found
#0 C:\wamp64\www\event\app\Controllers\OrganizerWSControler.php(8): App\Controllers\OrganizerWSControler->organizerList()
#1 C:\wamp64\www\event\system\CodeIgniter.php(914): App\Controllers\OrganizerWSControler->index()
#2 C:\wamp64\www\event\system\CodeIgniter.php(400): CodeIgniter\CodeIgniter->runController(Object(App\Controllers\OrganizerWSControler))
#3 C:\wamp64\www\event\system\CodeIgniter.php(308): CodeIgniter\CodeIgniter->handleRequest(NULL, Object(Config\Cache), false)
#4 C:\wamp64\www\event\public\index.php(45): CodeIgniter\CodeIgniter->run()
#5 {main}
CRITICAL - 2020-05-20 08:45:09 --> Class 'App\Controllers\OrganizerModel' not found
#0 C:\wamp64\www\event\app\Controllers\OrganizerWSControler.php(8): App\Controllers\OrganizerWSControler->organizerList()
#1 C:\wamp64\www\event\system\CodeIgniter.php(914): App\Controllers\OrganizerWSControler->index()
#2 C:\wamp64\www\event\system\CodeIgniter.php(400): CodeIgniter\CodeIgniter->runController(Object(App\Controllers\OrganizerWSControler))
#3 C:\wamp64\www\event\system\CodeIgniter.php(308): CodeIgniter\CodeIgniter->handleRequest(NULL, Object(Config\Cache), false)
#4 C:\wamp64\www\event\public\index.php(45): CodeIgniter\CodeIgniter->run()
#5 {main}
CRITICAL - 2020-05-20 08:45:09 --> Class 'App\Controllers\OrganizerModel' not found
#0 C:\wamp64\www\event\app\Controllers\OrganizerWSControler.php(8): App\Controllers\OrganizerWSControler->organizerList()
#1 C:\wamp64\www\event\system\CodeIgniter.php(914): App\Controllers\OrganizerWSControler->index()
#2 C:\wamp64\www\event\system\CodeIgniter.php(400): CodeIgniter\CodeIgniter->runController(Object(App\Controllers\OrganizerWSControler))
#3 C:\wamp64\www\event\system\CodeIgniter.php(308): CodeIgniter\CodeIgniter->handleRequest(NULL, Object(Config\Cache), false)
#4 C:\wamp64\www\event\public\index.php(45): CodeIgniter\CodeIgniter->run()
#5 {main}
CRITICAL - 2020-05-20 08:47:02 --> Argument 1 passed to CodeIgniter\Model::__construct() must be an instance of CodeIgniter\Database\ConnectionInterface or null, int given, called in C:\wamp64\www\event\app\Controllers\OrganizerWSControler.php on line 20
#0 C:\wamp64\www\event\app\Controllers\OrganizerWSControler.php(20): CodeIgniter\Model->__construct(1)
#1 C:\wamp64\www\event\app\Controllers\OrganizerWSControler.php(8): App\Controllers\OrganizerWSControler->organizerById(1)
#2 C:\wamp64\www\event\system\CodeIgniter.php(914): App\Controllers\OrganizerWSControler->index()
#3 C:\wamp64\www\event\system\CodeIgniter.php(400): CodeIgniter\CodeIgniter->runController(Object(App\Controllers\OrganizerWSControler))
#4 C:\wamp64\www\event\system\CodeIgniter.php(308): CodeIgniter\CodeIgniter->handleRequest(NULL, Object(Config\Cache), false)
#5 C:\wamp64\www\event\public\index.php(45): CodeIgniter\CodeIgniter->run()
#6 {main}
CRITICAL - 2020-05-20 08:50:13 --> Call to undefined method App\Models\OrganizerModel::organizerDetails
#0 C:\wamp64\www\event\app\Controllers\OrganizerWSControler.php(27): CodeIgniter\Model->__call('organizerDetail...', Array)
#1 C:\wamp64\www\event\app\Controllers\OrganizerWSControler.php(8): App\Controllers\OrganizerWSControler->organizerDetails()
#2 C:\wamp64\www\event\system\CodeIgniter.php(914): App\Controllers\OrganizerWSControler->index()
#3 C:\wamp64\www\event\system\CodeIgniter.php(400): CodeIgniter\CodeIgniter->runController(Object(App\Controllers\OrganizerWSControler))
#4 C:\wamp64\www\event\system\CodeIgniter.php(308): CodeIgniter\CodeIgniter->handleRequest(NULL, Object(Config\Cache), false)
#5 C:\wamp64\www\event\public\index.php(45): CodeIgniter\CodeIgniter->run()
#6 {main}
CRITICAL - 2020-05-20 08:53:33 --> Argument 1 passed to CodeIgniter\Model::doProtectFields() must be of the type array, string given, called in C:\wamp64\www\event\system\Model.php on line 845
#0 C:\wamp64\www\event\system\Model.php(845): CodeIgniter\Model->doProtectFields('lkjk')
#1 C:\wamp64\www\event\app\Models\OrganizerModel.php(28): CodeIgniter\Model->update(Array, 'lkjk')
#2 C:\wamp64\www\event\app\Controllers\OrganizerWSControler.php(44): App\Models\OrganizerModel->updateOrganizer(4, 'lkjk')
#3 C:\wamp64\www\event\app\Controllers\OrganizerWSControler.php(8): App\Controllers\OrganizerWSControler->updateOrganizer(4, 'lkjk')
#4 C:\wamp64\www\event\system\CodeIgniter.php(914): App\Controllers\OrganizerWSControler->index()
#5 C:\wamp64\www\event\system\CodeIgniter.php(400): CodeIgniter\CodeIgniter->runController(Object(App\Controllers\OrganizerWSControler))
#6 C:\wamp64\www\event\system\CodeIgniter.php(308): CodeIgniter\CodeIgniter->handleRequest(NULL, Object(Config\Cache), false)
#7 C:\wamp64\www\event\public\index.php(45): CodeIgniter\CodeIgniter->run()
#8 {main}
CRITICAL - 2020-05-20 08:56:07 --> Class 'App\Controllers\EventModel' not found
#0 C:\wamp64\www\event\app\Controllers\PlaceWSControler.php(8): App\Controllers\PlaceWSControler->placeList()
#1 C:\wamp64\www\event\system\CodeIgniter.php(914): App\Controllers\PlaceWSControler->index()
#2 C:\wamp64\www\event\system\CodeIgniter.php(400): CodeIgniter\CodeIgniter->runController(Object(App\Controllers\PlaceWSControler))
#3 C:\wamp64\www\event\system\CodeIgniter.php(308): CodeIgniter\CodeIgniter->handleRequest(NULL, Object(Config\Cache), false)
#4 C:\wamp64\www\event\public\index.php(45): CodeIgniter\CodeIgniter->run()
#5 {main}
CRITICAL - 2020-05-20 08:58:38 --> Call to a member function placeList() on null
#0 C:\wamp64\www\event\app\Controllers\PlaceWSControler.php(8): App\Controllers\PlaceWSControler->placeList()
#1 C:\wamp64\www\event\system\CodeIgniter.php(914): App\Controllers\PlaceWSControler->index()
#2 C:\wamp64\www\event\system\CodeIgniter.php(400): CodeIgniter\CodeIgniter->runController(Object(App\Controllers\PlaceWSControler))
#3 C:\wamp64\www\event\system\CodeIgniter.php(308): CodeIgniter\CodeIgniter->handleRequest(NULL, Object(Config\Cache), false)
#4 C:\wamp64\www\event\public\index.php(45): CodeIgniter\CodeIgniter->run()
#5 {main}
CRITICAL - 2020-05-20 08:59:16 --> Maximum function nesting level of '256' reached, aborting!
#0 C:\wamp64\www\event\app\Controllers\PlaceWSControler.php(14): unknown()
#1 C:\wamp64\www\event\app\Controllers\PlaceWSControler.php(15): App\Controllers\PlaceWSControler->placeList()
#2 C:\wamp64\www\event\app\Controllers\PlaceWSControler.php(15): App\Controllers\PlaceWSControler->placeList()
#3 C:\wamp64\www\event\app\Controllers\PlaceWSControler.php(15): App\Controllers\PlaceWSControler->placeList()
#4 C:\wamp64\www\event\app\Controllers\PlaceWSControler.php(15): App\Controllers\PlaceWSControler->placeList()
#5 C:\wamp64\www\event\app\Controllers\PlaceWSControler.php(15): App\Controllers\PlaceWSControler->placeList()
#6 C:\wamp64\www\event\app\Controllers\PlaceWSControler.php(15): App\Controllers\PlaceWSControler->placeList()
#7 C:\wamp64\www\event\app\Controllers\PlaceWSControler.php(15): App\Controllers\PlaceWSControler->placeList()
#8 C:\wamp64\www\event\app\Controllers\PlaceWSControler.php(15): App\Controllers\PlaceWSControler->placeList()
#9 C:\wamp64\www\event\app\Controllers\PlaceWSControler.php(15): App\Controllers\PlaceWSControler->placeList()
#10 C:\wamp64\www\event\app\Controllers\PlaceWSControler.php(15): App\Controllers\PlaceWSControler->placeList()
#11 C:\wamp64\www\event\app\Controllers\PlaceWSControler.php(15): App\Controllers\PlaceWSControler->placeList()
#12 C:\wamp64\www\event\app\Controllers\PlaceWSControler.php(15): App\Controllers\PlaceWSControler->placeList()
#13 C:\wamp64\www\event\app\Controllers\PlaceWSControler.php(15): App\Controllers\PlaceWSControler->placeList()
#14 C:\wamp64\www\event\app\Controllers\PlaceWSControler.php(15): App\Controllers\PlaceWSControler->placeList()
#15 C:\wamp64\www\event\app\Controllers\PlaceWSControler.php(15): App\Controllers\PlaceWSControler->placeList()
#16 C:\wamp64\www\event\app\Controllers\PlaceWSControler.php(15): App\Controllers\PlaceWSControler->placeList()
#17 C:\wamp64\www\event\app\Controllers\PlaceWSControler.php(15): App\Controllers\PlaceWSControler->placeList()
#18 C:\wamp64\www\event\app\Controllers\PlaceWSControler.php(15): App\Controllers\PlaceWSControler->placeList()
#19 C:\wamp64\www\event\app\Controllers\PlaceWSControler.php(15): App\Controllers\PlaceWSControler->placeList()
#20 C:\wamp64\www\event\app\Controllers\PlaceWSControler.php(15): App\Controllers\PlaceWSControler->placeList()
#21 C:\wamp64\www\event\app\Controllers\PlaceWSControler.php(15): App\Controllers\PlaceWSControler->placeList()
#22 C:\wamp64\www\event\app\Controllers\PlaceWSControler.php(15): App\Controllers\PlaceWSControler->placeList()
#23 C:\wamp64\www\event\app\Controllers\PlaceWSControler.php(15): App\Controllers\PlaceWSControler->placeList()
#24 C:\wamp64\www\event\app\Controllers\PlaceWSControler.php(15): App\Controllers\PlaceWSControler->placeList()
#25 C:\wamp64\www\event\app\Controllers\PlaceWSControler.php(15): App\Controllers\PlaceWSControler->placeList()
#26 C:\wamp64\www\event\app\Controllers\PlaceWSControler.php(15): App\Controllers\PlaceWSControler->placeList()
#27 C:\wamp64\www\event\app\Controllers\PlaceWSControler.php(15): App\Controllers\PlaceWSControler->placeList()
#28 C:\wamp64\www\event\app\Controllers\PlaceWSControler.php(15): App\Controllers\PlaceWSControler->placeList()
#29 C:\wamp64\www\event\app\Controllers\PlaceWSControler.php(15): App\Controllers\PlaceWSControler->placeList()
#30 C:\wamp64\www\event\app\Controllers\PlaceWSControler.php(15): App\Controllers\PlaceWSControler->placeList()
#31 C:\wamp64\www\event\app\Controllers\PlaceWSControler.php(15): App\Controllers\PlaceWSControler->placeList()
#32 C:\wamp64\www\event\app\Controllers\PlaceWSControler.php(15): App\Controllers\PlaceWSControler->placeList()
#33 C:\wamp64\www\event\app\Controllers\PlaceWSControler.php(15): App\Controllers\PlaceWSControler->placeList()
#34 C:\wamp64\www\event\app\Controllers\PlaceWSControler.php(15): App\Controllers\PlaceWSControler->placeList()
#35 C:\wamp64\www\event\app\Controllers\PlaceWSControler.php(15): App\Controllers\PlaceWSControler->placeList()
#36 C:\wamp64\www\event\app\Controllers\PlaceWSControler.php(15): App\Controllers\PlaceWSControler->placeList()
#37 C:\wamp64\www\event\app\Controllers\PlaceWSControler.php(15): App\Controllers\PlaceWSControler->placeList()
#38 C:\wamp64\www\event\app\Controllers\PlaceWSControler.php(15): App\Controllers\PlaceWSControler->placeList()
#39 C:\wamp64\www\event\app\Controllers\PlaceWSControler.php(15): App\Controllers\PlaceWSControler->placeList()
#40 C:\wamp64\www\event\app\Controllers\PlaceWSControler.php(15): App\Controllers\PlaceWSControler->placeList()
#41 C:\wamp64\www\event\app\Controllers\PlaceWSControler.php(15): App\Controllers\PlaceWSControler->placeList()
#42 C:\wamp64\www\event\app\Controllers\PlaceWSControler.php(15): App\Controllers\PlaceWSControler->placeList()
#43 C:\wamp64\www\event\app\Controllers\PlaceWSControler.php(15): App\Controllers\PlaceWSControler->placeList()
#44 C:\wamp64\www\event\app\Controllers\PlaceWSControler.php(15): App\Controllers\PlaceWSControler->placeList()
#45 C:\wamp64\www\event\app\Controllers\PlaceWSControler.php(15): App\Controllers\PlaceWSControler->placeList()
#46 C:\wamp64\www\event\app\Controllers\PlaceWSControler.php(15): App\Controllers\PlaceWSControler->placeList()
#47 C:\wamp64\www\event\app\Controllers\PlaceWSControler.php(15): App\Controllers\PlaceWSControler->placeList()
#48 C:\wamp64\www\event\app\Controllers\PlaceWSControler.php(15): App\Controllers\PlaceWSControler->placeList()
#49 C:\wamp64\www\event\app\Controllers\PlaceWSControler.php(15): App\Controllers\PlaceWSControler->placeList()
#50 C:\wamp64\www\event\app\Controllers\PlaceWSControler.php(15): App\Controllers\PlaceWSControler->placeList()
#51 C:\wamp64\www\event\app\Controllers\PlaceWSControler.php(15): App\Controllers\PlaceWSControler->placeList()
#52 C:\wamp64\www\event\app\Controllers\PlaceWSControler.php(15): App\Controllers\PlaceWSControler->placeList()
#53 C:\wamp64\www\event\app\Controllers\PlaceWSControler.php(15): App\Controllers\PlaceWSControler->placeList()
#54 C:\wamp64\www\event\app\Controllers\PlaceWSControler.php(15): App\Controllers\PlaceWSControler->placeList()
#55 C:\wamp64\www\event\app\Controllers\PlaceWSControler.php(15): App\Controllers\PlaceWSControler->placeList()
#56 C:\wamp64\www\event\app\Controllers\PlaceWSControler.php(15): App\Controllers\PlaceWSControler->placeList()
#57 C:\wamp64\www\event\app\Controllers\PlaceWSControler.php(15): App\Controllers\PlaceWSControler->placeList()
#58 C:\wamp64\www\event\app\Controllers\PlaceWSControler.php(15): App\Controllers\PlaceWSControler->placeList()
#59 C:\wamp64\www\event\app\Controllers\PlaceWSControler.php(15): App\Controllers\PlaceWSControler->placeList()
#60 C:\wamp64\www\event\app\Controllers\PlaceWSControler.php(15): App\Controllers\PlaceWSControler->placeList()
#61 C:\wamp64\www\event\app\Controllers\PlaceWSControler.php(15): App\Controllers\PlaceWSControler->placeList()
#62 C:\wamp64\www\event\app\Controllers\PlaceWSControler.php(15): App\Controllers\PlaceWSControler->placeList()
#63 C:\wamp64\www\event\app\Controllers\PlaceWSControler.php(15): App\Controllers\PlaceWSControler->placeList()
#64 C:\wamp64\www\event\app\Controllers\PlaceWSControler.php(15): App\Controllers\PlaceWSControler->placeList()
#65 C:\wamp64\www\event\app\Controllers\PlaceWSControler.php(15): App\Controllers\PlaceWSControler->placeList()
#66 C:\wamp64\www\event\app\Controllers\PlaceWSControler.php(15): App\Controllers\PlaceWSControler->placeList()
#67 C:\wamp64\www\event\app\Controllers\PlaceWSControler.php(15): App\Controllers\PlaceWSControler->placeList()
#68 C:\wamp64\www\event\app\Controllers\PlaceWSControler.php(15): App\Controllers\PlaceWSControler->placeList()
#69 C:\wamp64\www\event\app\Controllers\PlaceWSControler.php(15): App\Controllers\PlaceWSControler->placeList()
#70 C:\wamp64\www\event\app\Controllers\PlaceWSControler.php(15): App\Controllers\PlaceWSControler->placeList()
#71 C:\wamp64\www\event\app\Controllers\PlaceWSControler.php(15): App\Controllers\PlaceWSControler->placeList()
#72 C:\wamp64\www\event\app\Controllers\PlaceWSControler.php(15): App\Controllers\PlaceWSControler->placeList()
#73 C:\wamp64\www\event\app\Controllers\PlaceWSControler.php(15): App\Controllers\PlaceWSControler->placeList()
#74 C:\wamp64\www\event\app\Controllers\PlaceWSControler.php(15): App\Controllers\PlaceWSControler->placeList()
#75 C:\wamp64\www\event\app\Controllers\PlaceWSControler.php(15): App\Controllers\PlaceWSControler->placeList()
#76 C:\wamp64\www\event\app\Controllers\PlaceWSControler.php(15): App\Controllers\PlaceWSControler->placeList()
#77 C:\wamp64\www\event\app\Controllers\PlaceWSControler.php(15): App\Controllers\PlaceWSControler->placeList()
#78 C:\wamp64\www\event\app\Controllers\PlaceWSControler.php(15): App\Controllers\PlaceWSControler->placeList()
#79 C:\wamp64\www\event\app\Controllers\PlaceWSControler.php(15): App\Controllers\PlaceWSControler->placeList()
#80 C:\wamp64\www\event\app\Controllers\PlaceWSControler.php(15): App\Controllers\PlaceWSControler->placeList()
#81 C:\wamp64\www\event\app\Controllers\PlaceWSControler.php(15): App\Controllers\PlaceWSControler->placeList()
#82 C:\wamp64\www\event\app\Controllers\PlaceWSControler.php(15): App\Controllers\PlaceWSControler->placeList()
#83 C:\wamp64\www\event\app\Controllers\PlaceWSControler.php(15): App\Controllers\PlaceWSControler->placeList()
#84 C:\wamp64\www\event\app\Controllers\PlaceWSControler.php(15): App\Controllers\PlaceWSControler->placeList()
#85 C:\wamp64\www\event\app\Controllers\PlaceWSControler.php(15): App\Controllers\PlaceWSControler->placeList()
#86 C:\wamp64\www\event\app\Controllers\PlaceWSControler.php(15): App\Controllers\PlaceWSControler->placeList()
#87 C:\wamp64\www\event\app\Controllers\PlaceWSControler.php(15): App\Controllers\PlaceWSControler->placeList()
#88 C:\wamp64\www\event\app\Controllers\PlaceWSControler.php(15): App\Controllers\PlaceWSControler->placeList()
#89 C:\wamp64\www\event\app\Controllers\PlaceWSControler.php(15): App\Controllers\PlaceWSControler->placeList()
#90 C:\wamp64\www\event\app\Controllers\PlaceWSControler.php(15): App\Controllers\PlaceWSControler->placeList()
#91 C:\wamp64\www\event\app\Controllers\PlaceWSControler.php(15): App\Controllers\PlaceWSControler->placeList()
#92 C:\wamp64\www\event\app\Controllers\PlaceWSControler.php(15): App\Controllers\PlaceWSControler->placeList()
#93 C:\wamp64\www\event\app\Controllers\PlaceWSControler.php(15): App\Controllers\PlaceWSControler->placeList()
#94 C:\wamp64\www\event\app\Controllers\PlaceWSControler.php(15): App\Controllers\PlaceWSControler->placeList()
#95 C:\wamp64\www\event\app\Controllers\PlaceWSControler.php(15): App\Controllers\PlaceWSControler->placeList()
#96 C:\wamp64\www\event\app\Controllers\PlaceWSControler.php(15): App\Controllers\PlaceWSControler->placeList()
#97 C:\wamp64\www\event\app\Controllers\PlaceWSControler.php(15): App\Controllers\PlaceWSControler->placeList()
#98 C:\wamp64\www\event\app\Controllers\PlaceWSControler.php(15): App\Controllers\PlaceWSControler->placeList()
#99 C:\wamp64\www\event\app\Controllers\PlaceWSControler.php(15): App\Controllers\PlaceWSControler->placeList()
#100 C:\wamp64\www\event\app\Controllers\PlaceWSControler.php(15): App\Controllers\PlaceWSControler->placeList()
#101 C:\wamp64\www\event\app\Controllers\PlaceWSControler.php(15): App\Controllers\PlaceWSControler->placeList()
#102 C:\wamp64\www\event\app\Controllers\PlaceWSControler.php(15): App\Controllers\PlaceWSControler->placeList()
#103 C:\wamp64\www\event\app\Controllers\PlaceWSControler.php(15): App\Controllers\PlaceWSControler->placeList()
#104 C:\wamp64\www\event\app\Controllers\PlaceWSControler.php(15): App\Controllers\PlaceWSControler->placeList()
#105 C:\wamp64\www\event\app\Controllers\PlaceWSControler.php(15): App\Controllers\PlaceWSControler->placeList()
#106 C:\wamp64\www\event\app\Controllers\PlaceWSControler.php(15): App\Controllers\PlaceWSControler->placeList()
#107 C:\wamp64\www\event\app\Controllers\PlaceWSControler.php(15): App\Controllers\PlaceWSControler->placeList()
#108 C:\wamp64\www\event\app\Controllers\PlaceWSControler.php(15): App\Controllers\PlaceWSControler->placeList()
#109 C:\wamp64\www\event\app\Controllers\PlaceWSControler.php(15): App\Controllers\PlaceWSControler->placeList()
#110 C:\wamp64\www\event\app\Controllers\PlaceWSControler.php(15): App\Controllers\PlaceWSControler->placeList()
#111 C:\wamp64\www\event\app\Controllers\PlaceWSControler.php(15): App\Controllers\PlaceWSControler->placeList()
#112 C:\wamp64\www\event\app\Controllers\PlaceWSControler.php(15): App\Controllers\PlaceWSControler->placeList()
#113 C:\wamp64\www\event\app\Controllers\PlaceWSControler.php(15): App\Controllers\PlaceWSControler->placeList()
#114 C:\wamp64\www\event\app\Controllers\PlaceWSControler.php(15): App\Controllers\PlaceWSControler->placeList()
#115 C:\wamp64\www\event\app\Controllers\PlaceWSControler.php(15): App\Controllers\PlaceWSControler->placeList()
#116 C:\wamp64\www\event\app\Controllers\PlaceWSControler.php(15): App\Controllers\PlaceWSControler->placeList()
#117 C:\wamp64\www\event\app\Controllers\PlaceWSControler.php(15): App\Controllers\PlaceWSControler->placeList()
#118 C:\wamp64\www\event\app\Controllers\PlaceWSControler.php(15): App\Controllers\PlaceWSControler->placeList()
#119 C:\wamp64\www\event\app\Controllers\PlaceWSControler.php(15): App\Controllers\PlaceWSControler->placeList()
#120 C:\wamp64\www\event\app\Controllers\PlaceWSControler.php(15): App\Controllers\PlaceWSControler->placeList()
#121 C:\wamp64\www\event\app\Controllers\PlaceWSControler.php(15): App\Controllers\PlaceWSControler->placeList()
#122 C:\wamp64\www\event\app\Controllers\PlaceWSControler.php(15): App\Controllers\PlaceWSControler->placeList()
#123 C:\wamp64\www\event\app\Controllers\PlaceWSControler.php(15): App\Controllers\PlaceWSControler->placeList()
#124 C:\wamp64\www\event\app\Controllers\PlaceWSControler.php(15): App\Controllers\PlaceWSControler->placeList()
#125 C:\wamp64\www\event\app\Controllers\PlaceWSControler.php(15): App\Controllers\PlaceWSControler->placeList()
#126 C:\wamp64\www\event\app\Controllers\PlaceWSControler.php(15): App\Controllers\PlaceWSControler->placeList()
#127 C:\wamp64\www\event\app\Controllers\PlaceWSControler.php(15): App\Controllers\PlaceWSControler->placeList()
#128 C:\wamp64\www\event\app\Controllers\PlaceWSControler.php(15): App\Controllers\PlaceWSControler->placeList()
#129 C:\wamp64\www\event\app\Controllers\PlaceWSControler.php(15): App\Controllers\PlaceWSControler->placeList()
#130 C:\wamp64\www\event\app\Controllers\PlaceWSControler.php(15): App\Controllers\PlaceWSControler->placeList()
#131 C:\wamp64\www\event\app\Controllers\PlaceWSControler.php(15): App\Controllers\PlaceWSControler->placeList()
#132 C:\wamp64\www\event\app\Controllers\PlaceWSControler.php(15): App\Controllers\PlaceWSControler->placeList()
#133 C:\wamp64\www\event\app\Controllers\PlaceWSControler.php(15): App\Controllers\PlaceWSControler->placeList()
#134 C:\wamp64\www\event\app\Controllers\PlaceWSControler.php(15): App\Controllers\PlaceWSControler->placeList()
#135 C:\wamp64\www\event\app\Controllers\PlaceWSControler.php(15): App\Controllers\PlaceWSControler->placeList()
#136 C:\wamp64\www\event\app\Controllers\PlaceWSControler.php(15): App\Controllers\PlaceWSControler->placeList()
#137 C:\wamp64\www\event\app\Controllers\PlaceWSControler.php(15): App\Controllers\PlaceWSControler->placeList()
#138 C:\wamp64\www\event\app\Controllers\PlaceWSControler.php(15): App\Controllers\PlaceWSControler->placeList()
#139 C:\wamp64\www\event\app\Controllers\PlaceWSControler.php(15): App\Controllers\PlaceWSControler->placeList()
#140 C:\wamp64\www\event\app\Controllers\PlaceWSControler.php(15): App\Controllers\PlaceWSControler->placeList()
#141 C:\wamp64\www\event\app\Controllers\PlaceWSControler.php(15): App\Controllers\PlaceWSControler->placeList()
#142 C:\wamp64\www\event\app\Controllers\PlaceWSControler.php(15): App\Controllers\PlaceWSControler->placeList()
#143 C:\wamp64\www\event\app\Controllers\PlaceWSControler.php(15): App\Controllers\PlaceWSControler->placeList()
#144 C:\wamp64\www\event\app\Controllers\PlaceWSControler.php(15): App\Controllers\PlaceWSControler->placeList()
#145 C:\wamp64\www\event\app\Controllers\PlaceWSControler.php(15): App\Controllers\PlaceWSControler->placeList()
#146 C:\wamp64\www\event\app\Controllers\PlaceWSControler.php(15): App\Controllers\PlaceWSControler->placeList()
#147 C:\wamp64\www\event\app\Controllers\PlaceWSControler.php(15): App\Controllers\PlaceWSControler->placeList()
#148 C:\wamp64\www\event\app\Controllers\PlaceWSControler.php(15): App\Controllers\PlaceWSControler->placeList()
#149 C:\wamp64\www\event\app\Controllers\PlaceWSControler.php(15): App\Controllers\PlaceWSControler->placeList()
#150 C:\wamp64\www\event\app\Controllers\PlaceWSControler.php(15): App\Controllers\PlaceWSControler->placeList()
#151 C:\wamp64\www\event\app\Controllers\PlaceWSControler.php(15): App\Controllers\PlaceWSControler->placeList()
#152 C:\wamp64\www\event\app\Controllers\PlaceWSControler.php(15): App\Controllers\PlaceWSControler->placeList()
#153 C:\wamp64\www\event\app\Controllers\PlaceWSControler.php(15): App\Controllers\PlaceWSControler->placeList()
#154 C:\wamp64\www\event\app\Controllers\PlaceWSControler.php(15): App\Controllers\PlaceWSControler->placeList()
#155 C:\wamp64\www\event\app\Controllers\PlaceWSControler.php(15): App\Controllers\PlaceWSControler->placeList()
#156 C:\wamp64\www\event\app\Controllers\PlaceWSControler.php(15): App\Controllers\PlaceWSControler->placeList()
#157 C:\wamp64\www\event\app\Controllers\PlaceWSControler.php(15): App\Controllers\PlaceWSControler->placeList()
#158 C:\wamp64\www\event\app\Controllers\PlaceWSControler.php(15): App\Controllers\PlaceWSControler->placeList()
#159 C:\wamp64\www\event\app\Controllers\PlaceWSControler.php(15): App\Controllers\PlaceWSControler->placeList()
#160 C:\wamp64\www\event\app\Controllers\PlaceWSControler.php(15): App\Controllers\PlaceWSControler->placeList()
#161 C:\wamp64\www\event\app\Controllers\PlaceWSControler.php(15): App\Controllers\PlaceWSControler->placeList()
#162 C:\wamp64\www\event\app\Controllers\PlaceWSControler.php(15): App\Controllers\PlaceWSControler->placeList()
#163 C:\wamp64\www\event\app\Controllers\PlaceWSControler.php(15): App\Controllers\PlaceWSControler->placeList()
#164 C:\wamp64\www\event\app\Controllers\PlaceWSControler.php(15): App\Controllers\PlaceWSControler->placeList()
#165 C:\wamp64\www\event\app\Controllers\PlaceWSControler.php(15): App\Controllers\PlaceWSControler->placeList()
#166 C:\wamp64\www\event\app\Controllers\PlaceWSControler.php(15): App\Controllers\PlaceWSControler->placeList()
#167 C:\wamp64\www\event\app\Controllers\PlaceWSControler.php(15): App\Controllers\PlaceWSControler->placeList()
#168 C:\wamp64\www\event\app\Controllers\PlaceWSControler.php(15): App\Controllers\PlaceWSControler->placeList()
#169 C:\wamp64\www\event\app\Controllers\PlaceWSControler.php(15): App\Controllers\PlaceWSControler->placeList()
#170 C:\wamp64\www\event\app\Controllers\PlaceWSControler.php(15): App\Controllers\PlaceWSControler->placeList()
#171 C:\wamp64\www\event\app\Controllers\PlaceWSControler.php(15): App\Controllers\PlaceWSControler->placeList()
#172 C:\wamp64\www\event\app\Controllers\PlaceWSControler.php(15): App\Controllers\PlaceWSControler->placeList()
#173 C:\wamp64\www\event\app\Controllers\PlaceWSControler.php(15): App\Controllers\PlaceWSControler->placeList()
#174 C:\wamp64\www\event\app\Controllers\PlaceWSControler.php(15): App\Controllers\PlaceWSControler->placeList()
#175 C:\wamp64\www\event\app\Controllers\PlaceWSControler.php(15): App\Controllers\PlaceWSControler->placeList()
#176 C:\wamp64\www\event\app\Controllers\PlaceWSControler.php(15): App\Controllers\PlaceWSControler->placeList()
#177 C:\wamp64\www\event\app\Controllers\PlaceWSControler.php(15): App\Controllers\PlaceWSControler->placeList()
#178 C:\wamp64\www\event\app\Controllers\PlaceWSControler.php(15): App\Controllers\PlaceWSControler->placeList()
#179 C:\wamp64\www\event\app\Controllers\PlaceWSControler.php(15): App\Controllers\PlaceWSControler->placeList()
#180 C:\wamp64\www\event\app\Controllers\PlaceWSControler.php(15): App\Controllers\PlaceWSControler->placeList()
#181 C:\wamp64\www\event\app\Controllers\PlaceWSControler.php(15): App\Controllers\PlaceWSControler->placeList()
#182 C:\wamp64\www\event\app\Controllers\PlaceWSControler.php(15): App\Controllers\PlaceWSControler->placeList()
#183 C:\wamp64\www\event\app\Controllers\PlaceWSControler.php(15): App\Controllers\PlaceWSControler->placeList()
#184 C:\wamp64\www\event\app\Controllers\PlaceWSControler.php(15): App\Controllers\PlaceWSControler->placeList()
#185 C:\wamp64\www\event\app\Controllers\PlaceWSControler.php(15): App\Controllers\PlaceWSControler->placeList()
#186 C:\wamp64\www\event\app\Controllers\PlaceWSControler.php(15): App\Controllers\PlaceWSControler->placeList()
#187 C:\wamp64\www\event\app\Controllers\PlaceWSControler.php(15): App\Controllers\PlaceWSControler->placeList()
#188 C:\wamp64\www\event\app\Controllers\PlaceWSControler.php(15): App\Controllers\PlaceWSControler->placeList()
#189 C:\wamp64\www\event\app\Controllers\PlaceWSControler.php(15): App\Controllers\PlaceWSControler->placeList()
#190 C:\wamp64\www\event\app\Controllers\PlaceWSControler.php(15): App\Controllers\PlaceWSControler->placeList()
#191 C:\wamp64\www\event\app\Controllers\PlaceWSControler.php(15): App\Controllers\PlaceWSControler->placeList()
#192 C:\wamp64\www\event\app\Controllers\PlaceWSControler.php(15): App\Controllers\PlaceWSControler->placeList()
#193 C:\wamp64\www\event\app\Controllers\PlaceWSControler.php(15): App\Controllers\PlaceWSControler->placeList()
#194 C:\wamp64\www\event\app\Controllers\PlaceWSControler.php(15): App\Controllers\PlaceWSControler->placeList()
#195 C:\wamp64\www\event\app\Controllers\PlaceWSControler.php(15): App\Controllers\PlaceWSControler->placeList()
#196 C:\wamp64\www\event\app\Controllers\PlaceWSControler.php(15): App\Controllers\PlaceWSControler->placeList()
#197 C:\wamp64\www\event\app\Controllers\PlaceWSControler.php(15): App\Controllers\PlaceWSControler->placeList()
#198 C:\wamp64\www\event\app\Controllers\PlaceWSControler.php(15): App\Controllers\PlaceWSControler->placeList()
#199 C:\wamp64\www\event\app\Controllers\PlaceWSControler.php(15): App\Controllers\PlaceWSControler->placeList()
#200 C:\wamp64\www\event\app\Controllers\PlaceWSControler.php(15): App\Controllers\PlaceWSControler->placeList()
#201 C:\wamp64\www\event\app\Controllers\PlaceWSControler.php(15): App\Controllers\PlaceWSControler->placeList()
#202 C:\wamp64\www\event\app\Controllers\PlaceWSControler.php(15): App\Controllers\PlaceWSControler->placeList()
#203 C:\wamp64\www\event\app\Controllers\PlaceWSControler.php(15): App\Controllers\PlaceWSControler->placeList()
#204 C:\wamp64\www\event\app\Controllers\PlaceWSControler.php(15): App\Controllers\PlaceWSControler->placeList()
#205 C:\wamp64\www\event\app\Controllers\PlaceWSControler.php(15): App\Controllers\PlaceWSControler->placeList()
#206 C:\wamp64\www\event\app\Controllers\PlaceWSControler.php(15): App\Controllers\PlaceWSControler->placeList()
#207 C:\wamp64\www\event\app\Controllers\PlaceWSControler.php(15): App\Controllers\PlaceWSControler->placeList()
#208 C:\wamp64\www\event\app\Controllers\PlaceWSControler.php(15): App\Controllers\PlaceWSControler->placeList()
#209 C:\wamp64\www\event\app\Controllers\PlaceWSControler.php(15): App\Controllers\PlaceWSControler->placeList()
#210 C:\wamp64\www\event\app\Controllers\PlaceWSControler.php(15): App\Controllers\PlaceWSControler->placeList()
#211 C:\wamp64\www\event\app\Controllers\PlaceWSControler.php(15): App\Controllers\PlaceWSControler->placeList()
#212 C:\wamp64\www\event\app\Controllers\PlaceWSControler.php(15): App\Controllers\PlaceWSControler->placeList()
#213 C:\wamp64\www\event\app\Controllers\PlaceWSControler.php(15): App\Controllers\PlaceWSControler->placeList()
#214 C:\wamp64\www\event\app\Controllers\PlaceWSControler.php(15): App\Controllers\PlaceWSControler->placeList()
#215 C:\wamp64\www\event\app\Controllers\PlaceWSControler.php(15): App\Controllers\PlaceWSControler->placeList()
#216 C:\wamp64\www\event\app\Controllers\PlaceWSControler.php(15): App\Controllers\PlaceWSControler->placeList()
#217 C:\wamp64\www\event\app\Controllers\PlaceWSControler.php(15): App\Controllers\PlaceWSControler->placeList()
#218 C:\wamp64\www\event\app\Controllers\PlaceWSControler.php(15): App\Controllers\PlaceWSControler->placeList()
#219 C:\wamp64\www\event\app\Controllers\PlaceWSControler.php(15): App\Controllers\PlaceWSControler->placeList()
#220 C:\wamp64\www\event\app\Controllers\PlaceWSControler.php(15): App\Controllers\PlaceWSControler->placeList()
#221 C:\wamp64\www\event\app\Controllers\PlaceWSControler.php(15): App\Controllers\PlaceWSControler->placeList()
#222 C:\wamp64\www\event\app\Controllers\PlaceWSControler.php(15): App\Controllers\PlaceWSControler->placeList()
#223 C:\wamp64\www\event\app\Controllers\PlaceWSControler.php(15): App\Controllers\PlaceWSControler->placeList()
#224 C:\wamp64\www\event\app\Controllers\PlaceWSControler.php(15): App\Controllers\PlaceWSControler->placeList()
#225 C:\wamp64\www\event\app\Controllers\PlaceWSControler.php(15): App\Controllers\PlaceWSControler->placeList()
#226 C:\wamp64\www\event\app\Controllers\PlaceWSControler.php(15): App\Controllers\PlaceWSControler->placeList()
#227 C:\wamp64\www\event\app\Controllers\PlaceWSControler.php(15): App\Controllers\PlaceWSControler->placeList()
#228 C:\wamp64\www\event\app\Controllers\PlaceWSControler.php(15): App\Controllers\PlaceWSControler->placeList()
#229 C:\wamp64\www\event\app\Controllers\PlaceWSControler.php(15): App\Controllers\PlaceWSControler->placeList()
#230 C:\wamp64\www\event\app\Controllers\PlaceWSControler.php(15): App\Controllers\PlaceWSControler->placeList()
#231 C:\wamp64\www\event\app\Controllers\PlaceWSControler.php(15): App\Controllers\PlaceWSControler->placeList()
#232 C:\wamp64\www\event\app\Controllers\PlaceWSControler.php(15): App\Controllers\PlaceWSControler->placeList()
#233 C:\wamp64\www\event\app\Controllers\PlaceWSControler.php(15): App\Controllers\PlaceWSControler->placeList()
#234 C:\wamp64\www\event\app\Controllers\PlaceWSControler.php(15): App\Controllers\PlaceWSControler->placeList()
#235 C:\wamp64\www\event\app\Controllers\PlaceWSControler.php(15): App\Controllers\PlaceWSControler->placeList()
#236 C:\wamp64\www\event\app\Controllers\PlaceWSControler.php(15): App\Controllers\PlaceWSControler->placeList()
#237 C:\wamp64\www\event\app\Controllers\PlaceWSControler.php(15): App\Controllers\PlaceWSControler->placeList()
#238 C:\wamp64\www\event\app\Controllers\PlaceWSControler.php(15): App\Controllers\PlaceWSControler->placeList()
#239 C:\wamp64\www\event\app\Controllers\PlaceWSControler.php(15): App\Controllers\PlaceWSControler->placeList()
#240 C:\wamp64\www\event\app\Controllers\PlaceWSControler.php(15): App\Controllers\PlaceWSControler->placeList()
#241 C:\wamp64\www\event\app\Controllers\PlaceWSControler.php(15): App\Controllers\PlaceWSControler->placeList()
#242 C:\wamp64\www\event\app\Controllers\PlaceWSControler.php(15): App\Controllers\PlaceWSControler->placeList()
#243 C:\wamp64\www\event\app\Controllers\PlaceWSControler.php(15): App\Controllers\PlaceWSControler->placeList()
#244 C:\wamp64\www\event\app\Controllers\PlaceWSControler.php(15): App\Controllers\PlaceWSControler->placeList()
#245 C:\wamp64\www\event\app\Controllers\PlaceWSControler.php(15): App\Controllers\PlaceWSControler->placeList()
#246 C:\wamp64\www\event\app\Controllers\PlaceWSControler.php(15): App\Controllers\PlaceWSControler->placeList()
#247 C:\wamp64\www\event\app\Controllers\PlaceWSControler.php(15): App\Controllers\PlaceWSControler->placeList()
#248 C:\wamp64\www\event\app\Controllers\PlaceWSControler.php(15): App\Controllers\PlaceWSControler->placeList()
#249 C:\wamp64\www\event\app\Controllers\PlaceWSControler.php(15): App\Controllers\PlaceWSControler->placeList()
#250 C:\wamp64\www\event\app\Controllers\PlaceWSControler.php(15): App\Controllers\PlaceWSControler->placeList()
#251 C:\wamp64\www\event\app\Controllers\PlaceWSControler.php(8): App\Controllers\PlaceWSControler->placeList()
#252 C:\wamp64\www\event\system\CodeIgniter.php(914): App\Controllers\PlaceWSControler->index()
#253 C:\wamp64\www\event\system\CodeIgniter.php(400): CodeIgniter\CodeIgniter->runController(Object(App\Controllers\PlaceWSControler))
#254 C:\wamp64\www\event\system\CodeIgniter.php(308): CodeIgniter\CodeIgniter->handleRequest(NULL, Object(Config\Cache), false)
#255 C:\wamp64\www\event\public\index.php(45): CodeIgniter\CodeIgniter->run()
#256 {main}
CRITICAL - 2020-05-20 09:05:38 --> Class 'App\Controllers\PointOfSaleModel' not found
#0 C:\wamp64\www\event\app\Controllers\PointOfSaleWSControler.php(8): App\Controllers\PointOfSaleWSControler->pointOfSaleList()
#1 C:\wamp64\www\event\system\CodeIgniter.php(914): App\Controllers\PointOfSaleWSControler->index()
#2 C:\wamp64\www\event\system\CodeIgniter.php(400): CodeIgniter\CodeIgniter->runController(Object(App\Controllers\PointOfSaleWSControler))
#3 C:\wamp64\www\event\system\CodeIgniter.php(308): CodeIgniter\CodeIgniter->handleRequest(NULL, Object(Config\Cache), false)
#4 C:\wamp64\www\event\public\index.php(45): CodeIgniter\CodeIgniter->run()
#5 {main}
CRITICAL - 2020-05-20 09:14:17 --> Call to a member function priceList() on null
#0 C:\wamp64\www\event\app\Controllers\PriceWSControler.php(8): App\Controllers\PriceWSControler->priceList()
#1 C:\wamp64\www\event\system\CodeIgniter.php(914): App\Controllers\PriceWSControler->index()
#2 C:\wamp64\www\event\system\CodeIgniter.php(400): CodeIgniter\CodeIgniter->runController(Object(App\Controllers\PriceWSControler))
#3 C:\wamp64\www\event\system\CodeIgniter.php(308): CodeIgniter\CodeIgniter->handleRequest(NULL, Object(Config\Cache), false)
#4 C:\wamp64\www\event\public\index.php(45): CodeIgniter\CodeIgniter->run()
#5 {main}
CRITICAL - 2020-05-20 09:24:47 --> Call to undefined method App\Models\AgendaModel::agendaList
#0 C:\wamp64\www\event\app\Controllers\AgendaWSControler.php(15): CodeIgniter\Model->__call('agendaList', Array)
#1 C:\wamp64\www\event\app\Controllers\AgendaWSControler.php(8): App\Controllers\AgendaWSControler->agendaList()
#2 C:\wamp64\www\event\system\CodeIgniter.php(914): App\Controllers\AgendaWSControler->index()
#3 C:\wamp64\www\event\system\CodeIgniter.php(400): CodeIgniter\CodeIgniter->runController(Object(App\Controllers\AgendaWSControler))
#4 C:\wamp64\www\event\system\CodeIgniter.php(308): CodeIgniter\CodeIgniter->handleRequest(NULL, Object(Config\Cache), false)
#5 C:\wamp64\www\event\public\index.php(45): CodeIgniter\CodeIgniter->run()
#6 {main}
CRITICAL - 2020-05-20 10:48:17 --> Call to undefined method App\Models\EventModel::getById
#0 C:\wamp64\www\event\app\Controllers\EventController.php(24): CodeIgniter\Model->__call('getById', Array)
#1 C:\wamp64\www\event\system\CodeIgniter.php(914): App\Controllers\EventController->getById('1')
#2 C:\wamp64\www\event\system\CodeIgniter.php(400): CodeIgniter\CodeIgniter->runController(Object(App\Controllers\EventController))
#3 C:\wamp64\www\event\system\CodeIgniter.php(308): CodeIgniter\CodeIgniter->handleRequest(NULL, Object(Config\Cache), false)
#4 C:\wamp64\www\event\index.php(45): CodeIgniter\CodeIgniter->run()
#5 {main}
CRITICAL - 2020-05-20 10:55:38 --> syntax error, unexpected '->' (T_OBJECT_OPERATOR)
#0 C:\wamp64\www\event\system\Autoloader\Autoloader.php(296): CodeIgniter\Autoloader\Autoloader->requireFile('C:\\wamp64\\www\\e...')
#1 C:\wamp64\www\event\system\Autoloader\Autoloader.php(258): CodeIgniter\Autoloader\Autoloader->loadInNamespace('App\\Controllers...')
#2 [internal function]: CodeIgniter\Autoloader\Autoloader->loadClass('App\\Controllers...')
#3 [internal function]: spl_autoload_call('App\\Controllers...')
#4 C:\wamp64\www\event\system\CodeIgniter.php(865): class_exists('\\App\\Controller...', true)
#5 C:\wamp64\www\event\system\CodeIgniter.php(390): CodeIgniter\CodeIgniter->startController()
#6 C:\wamp64\www\event\system\CodeIgniter.php(308): CodeIgniter\CodeIgniter->handleRequest(NULL, Object(Config\Cache), false)
#7 C:\wamp64\www\event\index.php(45): CodeIgniter\CodeIgniter->run()
#8 {main}
CRITICAL - 2020-05-20 12:53:16 --> syntax error, unexpected '->' (T_OBJECT_OPERATOR)
#0 C:\wamp64\www\event\system\Autoloader\Autoloader.php(296): CodeIgniter\Autoloader\Autoloader->requireFile('C:\\wamp64\\www\\e...')
#1 C:\wamp64\www\event\system\Autoloader\Autoloader.php(258): CodeIgniter\Autoloader\Autoloader->loadInNamespace('App\\Controllers...')
#2 [internal function]: CodeIgniter\Autoloader\Autoloader->loadClass('App\\Controllers...')
#3 [internal function]: spl_autoload_call('App\\Controllers...')
#4 C:\wamp64\www\event\system\CodeIgniter.php(865): class_exists('\\App\\Controller...', true)
#5 C:\wamp64\www\event\system\CodeIgniter.php(390): CodeIgniter\CodeIgniter->startController()
#6 C:\wamp64\www\event\system\CodeIgniter.php(308): CodeIgniter\CodeIgniter->handleRequest(NULL, Object(Config\Cache), false)
#7 C:\wamp64\www\event\index.php(45): CodeIgniter\CodeIgniter->run()
#8 {main}
CRITICAL - 2020-05-20 12:53:42 --> syntax error, unexpected '->' (T_OBJECT_OPERATOR)
#0 C:\wamp64\www\event\system\Autoloader\Autoloader.php(296): CodeIgniter\Autoloader\Autoloader->requireFile('C:\\wamp64\\www\\e...')
#1 C:\wamp64\www\event\system\Autoloader\Autoloader.php(258): CodeIgniter\Autoloader\Autoloader->loadInNamespace('App\\Controllers...')
#2 [internal function]: CodeIgniter\Autoloader\Autoloader->loadClass('App\\Controllers...')
#3 [internal function]: spl_autoload_call('App\\Controllers...')
#4 C:\wamp64\www\event\system\CodeIgniter.php(865): class_exists('\\App\\Controller...', true)
#5 C:\wamp64\www\event\system\CodeIgniter.php(390): CodeIgniter\CodeIgniter->startController()
#6 C:\wamp64\www\event\system\CodeIgniter.php(308): CodeIgniter\CodeIgniter->handleRequest(NULL, Object(Config\Cache), false)
#7 C:\wamp64\www\event\index.php(45): CodeIgniter\CodeIgniter->run()
#8 {main}
CRITICAL - 2020-05-20 12:53:43 --> syntax error, unexpected '->' (T_OBJECT_OPERATOR)
#0 C:\wamp64\www\event\system\Autoloader\Autoloader.php(296): CodeIgniter\Autoloader\Autoloader->requireFile('C:\\wamp64\\www\\e...')
#1 C:\wamp64\www\event\system\Autoloader\Autoloader.php(258): CodeIgniter\Autoloader\Autoloader->loadInNamespace('App\\Controllers...')
#2 [internal function]: CodeIgniter\Autoloader\Autoloader->loadClass('App\\Controllers...')
#3 [internal function]: spl_autoload_call('App\\Controllers...')
#4 C:\wamp64\www\event\system\CodeIgniter.php(865): class_exists('\\App\\Controller...', true)
#5 C:\wamp64\www\event\system\CodeIgniter.php(390): CodeIgniter\CodeIgniter->startController()
#6 C:\wamp64\www\event\system\CodeIgniter.php(308): CodeIgniter\CodeIgniter->handleRequest(NULL, Object(Config\Cache), false)
#7 C:\wamp64\www\event\index.php(45): CodeIgniter\CodeIgniter->run()
#8 {main}
CRITICAL - 2020-05-20 12:54:12 --> Too few arguments to function App\Controllers\OrganizerWSControler::organizerDetails(), 0 passed in C:\wamp64\www\event\system\CodeIgniter.php on line 914 and exactly 1 expected
#0 C:\wamp64\www\event\system\CodeIgniter.php(914): App\Controllers\OrganizerWSControler->organizerDetails()
#1 C:\wamp64\www\event\system\CodeIgniter.php(400): CodeIgniter\CodeIgniter->runController(Object(App\Controllers\OrganizerWSControler))
#2 C:\wamp64\www\event\system\CodeIgniter.php(308): CodeIgniter\CodeIgniter->handleRequest(NULL, Object(Config\Cache), false)
#3 C:\wamp64\www\event\index.php(45): CodeIgniter\CodeIgniter->run()
#4 {main}
CRITICAL - 2020-05-20 12:56:23 --> Too few arguments to function App\Controllers\OrganizerWSControler::organizerDetails(), 0 passed in C:\wamp64\www\event\system\CodeIgniter.php on line 914 and exactly 1 expected
#0 C:\wamp64\www\event\system\CodeIgniter.php(914): App\Controllers\OrganizerWSControler->organizerDetails()
#1 C:\wamp64\www\event\system\CodeIgniter.php(400): CodeIgniter\CodeIgniter->runController(Object(App\Controllers\OrganizerWSControler))
#2 C:\wamp64\www\event\system\CodeIgniter.php(308): CodeIgniter\CodeIgniter->handleRequest(NULL, Object(Config\Cache), false)
#3 C:\wamp64\www\event\index.php(45): CodeIgniter\CodeIgniter->run()
#4 {main}
CRITICAL - 2020-05-20 13:05:14 --> Too few arguments to function App\Controllers\OrganizerWSControler::organizerDetails(), 0 passed in C:\wamp64\www\event\system\CodeIgniter.php on line 914 and exactly 1 expected
#0 C:\wamp64\www\event\system\CodeIgniter.php(914): App\Controllers\OrganizerWSControler->organizerDetails()
#1 C:\wamp64\www\event\system\CodeIgniter.php(400): CodeIgniter\CodeIgniter->runController(Object(App\Controllers\OrganizerWSControler))
#2 C:\wamp64\www\event\system\CodeIgniter.php(308): CodeIgniter\CodeIgniter->handleRequest(NULL, Object(Config\Cache), false)
#3 C:\wamp64\www\event\index.php(45): CodeIgniter\CodeIgniter->run()
#4 {main}
CRITICAL - 2020-05-20 13:05:25 --> Too few arguments to function App\Controllers\OrganizerWSControler::organizerDetails(), 0 passed in C:\wamp64\www\event\system\CodeIgniter.php on line 914 and exactly 1 expected
#0 C:\wamp64\www\event\system\CodeIgniter.php(914): App\Controllers\OrganizerWSControler->organizerDetails()
#1 C:\wamp64\www\event\system\CodeIgniter.php(400): CodeIgniter\CodeIgniter->runController(Object(App\Controllers\OrganizerWSControler))
#2 C:\wamp64\www\event\system\CodeIgniter.php(308): CodeIgniter\CodeIgniter->handleRequest(NULL, Object(Config\Cache), false)
#3 C:\wamp64\www\event\index.php(45): CodeIgniter\CodeIgniter->run()
#4 {main}
CRITICAL - 2020-05-20 13:05:29 --> Too few arguments to function App\Controllers\OrganizerWSControler::organizerDetails(), 0 passed in C:\wamp64\www\event\system\CodeIgniter.php on line 914 and exactly 1 expected
#0 C:\wamp64\www\event\system\CodeIgniter.php(914): App\Controllers\OrganizerWSControler->organizerDetails()
#1 C:\wamp64\www\event\system\CodeIgniter.php(400): CodeIgniter\CodeIgniter->runController(Object(App\Controllers\OrganizerWSControler))
#2 C:\wamp64\www\event\system\CodeIgniter.php(308): CodeIgniter\CodeIgniter->handleRequest(NULL, Object(Config\Cache), false)
#3 C:\wamp64\www\event\index.php(45): CodeIgniter\CodeIgniter->run()
#4 {main}
CRITICAL - 2020-05-20 13:05:54 --> Too few arguments to function App\Controllers\OrganizerWSControler::organizerDetails(), 0 passed in C:\wamp64\www\event\system\CodeIgniter.php on line 914 and exactly 1 expected
#0 C:\wamp64\www\event\system\CodeIgniter.php(914): App\Controllers\OrganizerWSControler->organizerDetails()
#1 C:\wamp64\www\event\system\CodeIgniter.php(400): CodeIgniter\CodeIgniter->runController(Object(App\Controllers\OrganizerWSControler))
#2 C:\wamp64\www\event\system\CodeIgniter.php(308): CodeIgniter\CodeIgniter->handleRequest(NULL, Object(Config\Cache), false)
#3 C:\wamp64\www\event\index.php(45): CodeIgniter\CodeIgniter->run()
#4 {main}
CRITICAL - 2020-05-20 13:05:57 --> Too few arguments to function App\Controllers\OrganizerWSControler::organizerDetails(), 0 passed in C:\wamp64\www\event\system\CodeIgniter.php on line 914 and exactly 1 expected
#0 C:\wamp64\www\event\system\CodeIgniter.php(914): App\Controllers\OrganizerWSControler->organizerDetails()
#1 C:\wamp64\www\event\system\CodeIgniter.php(400): CodeIgniter\CodeIgniter->runController(Object(App\Controllers\OrganizerWSControler))
#2 C:\wamp64\www\event\system\CodeIgniter.php(308): CodeIgniter\CodeIgniter->handleRequest(NULL, Object(Config\Cache), false)
#3 C:\wamp64\www\event\index.php(45): CodeIgniter\CodeIgniter->run()
#4 {main}
