CRITICAL - 2022-09-25 11:55:41 --> syntax error, unexpected 'echo' (T_ECHO), expecting ';'
#0 /home/wezmg/domains/wez.mg/public_html/system/Autoloader/Autoloader.php(296): CodeIgniter\Autoloader\Autoloader->requireFile('/home/wezmg/dom...')
#1 /home/wezmg/domains/wez.mg/public_html/system/Autoloader/Autoloader.php(258): CodeIgniter\Autoloader\Autoloader->loadInNamespace('App\\Controllers...')
#2 [internal function]: CodeIgniter\Autoloader\Autoloader->loadClass('App\\Controllers...')
#3 [internal function]: spl_autoload_call('App\\Controllers...')
#4 /home/wezmg/domains/wez.mg/public_html/system/CodeIgniter.php(865): class_exists('\\App\\Controller...', true)
#5 /home/wezmg/domains/wez.mg/public_html/system/CodeIgniter.php(390): CodeIgniter\CodeIgniter->startController()
#6 /home/wezmg/domains/wez.mg/public_html/system/CodeIgniter.php(308): CodeIgniter\CodeIgniter->handleRequest(NULL, Object(Config\Cache), false)
#7 /home/wezmg/domains/wez.mg/public_html/index.php(45): CodeIgniter\CodeIgniter->run()
#8 {main}
CRITICAL - 2022-09-25 11:57:13 --> Call to undefined function App\Controllers\base64_url_decode()
#0 /home/wezmg/domains/wez.mg/public_html/app/Controllers/EventWSController.php(608): App\Controllers\EventWSController->parse_signed_request(NULL)
#1 /home/wezmg/domains/wez.mg/public_html/system/CodeIgniter.php(914): App\Controllers\EventWSController->fbDelection()
#2 /home/wezmg/domains/wez.mg/public_html/system/CodeIgniter.php(400): CodeIgniter\CodeIgniter->runController(Object(App\Controllers\EventWSController))
#3 /home/wezmg/domains/wez.mg/public_html/system/CodeIgniter.php(308): CodeIgniter\CodeIgniter->handleRequest(NULL, Object(Config\Cache), false)
#4 /home/wezmg/domains/wez.mg/public_html/index.php(45): CodeIgniter\CodeIgniter->run()
#5 {main}
CRITICAL - 2022-09-25 11:58:07 --> Call to undefined function App\Controllers\base64_url_decode()
#0 /home/wezmg/domains/wez.mg/public_html/app/Controllers/EventWSController.php(609): App\Controllers\EventWSController->parse_signed_request('smsmslkfjm smdl...')
#1 /home/wezmg/domains/wez.mg/public_html/system/CodeIgniter.php(914): App\Controllers\EventWSController->fbDelection()
#2 /home/wezmg/domains/wez.mg/public_html/system/CodeIgniter.php(400): CodeIgniter\CodeIgniter->runController(Object(App\Controllers\EventWSController))
#3 /home/wezmg/domains/wez.mg/public_html/system/CodeIgniter.php(308): CodeIgniter\CodeIgniter->handleRequest(NULL, Object(Config\Cache), false)
#4 /home/wezmg/domains/wez.mg/public_html/index.php(45): CodeIgniter\CodeIgniter->run()
#5 {main}
CRITICAL - 2022-09-25 12:01:38 --> Call to undefined function App\Controllers\base64_url_decode()
#0 /home/wezmg/domains/wez.mg/public_html/app/Controllers/EventWSController.php(610): App\Controllers\EventWSController->parse_signed_request('smsmslkfjm smdl...')
#1 /home/wezmg/domains/wez.mg/public_html/system/CodeIgniter.php(914): App\Controllers\EventWSController->fbDelection()
#2 /home/wezmg/domains/wez.mg/public_html/system/CodeIgniter.php(400): CodeIgniter\CodeIgniter->runController(Object(App\Controllers\EventWSController))
#3 /home/wezmg/domains/wez.mg/public_html/system/CodeIgniter.php(308): CodeIgniter\CodeIgniter->handleRequest(NULL, Object(Config\Cache), false)
#4 /home/wezmg/domains/wez.mg/public_html/index.php(45): CodeIgniter\CodeIgniter->run()
#5 {main}
