CRITICAL - 2021-11-16 00:41:25 --> Cannot add or update a child row: a foreign key constraint fails (`wezmg_wezdb`.`token`, CONSTRAINT `token_ibfk_1` FOREIGN KEY (`idUser`) REFERENCES `user` (`idUser`) ON DELETE CASCADE)
#0 /home/wezmg/domains/wez.mg/public_html/services/system/Database/MySQLi/Connection.php(331): mysqli->query('INSERT INTO `to...')
#1 /home/wezmg/domains/wez.mg/public_html/services/system/Database/BaseConnection.php(738): CodeIgniter\Database\MySQLi\Connection->execute('INSERT INTO `to...')
#2 /home/wezmg/domains/wez.mg/public_html/services/system/Database/BaseConnection.php(666): CodeIgniter\Database\BaseConnection->simpleQuery('INSERT INTO `to...')
#3 /home/wezmg/domains/wez.mg/public_html/services/system/Database/BaseBuilder.php(2234): CodeIgniter\Database\BaseConnection->query('INSERT INTO `to...', Array, false)
#4 /home/wezmg/domains/wez.mg/public_html/services/system/Model.php(729): CodeIgniter\Database\BaseBuilder->insert()
#5 /home/wezmg/domains/wez.mg/public_html/services/system/Model.php(557): CodeIgniter\Model->insert(Array, false)
#6 /home/wezmg/domains/wez.mg/public_html/services/app/Models/TokenModel.php(26): CodeIgniter\Model->save(Object(App\Entities\Token))
#7 /home/wezmg/domains/wez.mg/public_html/services/app/Controllers/TokenWSController.php(22): App\Models\TokenModel->saveToken(Object(App\Entities\Token))
#8 /home/wezmg/domains/wez.mg/public_html/services/system/CodeIgniter.php(914): App\Controllers\TokenWSController->saveToken()
#9 /home/wezmg/domains/wez.mg/public_html/services/system/CodeIgniter.php(400): CodeIgniter\CodeIgniter->runController(Object(App\Controllers\TokenWSController))
#10 /home/wezmg/domains/wez.mg/public_html/services/system/CodeIgniter.php(308): CodeIgniter\CodeIgniter->handleRequest(NULL, Object(Config\Cache), false)
#11 /home/wezmg/domains/wez.mg/public_html/services/index.php(45): CodeIgniter\CodeIgniter->run()
#12 {main}
CRITICAL - 2021-11-16 03:10:19 --> Argument 2 passed to view() must be of the type array, object given, called in /home/wezmg/domains/wez.mg/public_html/services/app/Controllers/EventController.php on line 1553
#0 /home/wezmg/domains/wez.mg/public_html/services/app/Controllers/EventController.php(1553): view('evenement_info', Object(CodeIgniter\HTTP\RedirectResponse))
#1 /home/wezmg/domains/wez.mg/public_html/services/system/CodeIgniter.php(914): App\Controllers\EventController->pageInfoEvent()
#2 /home/wezmg/domains/wez.mg/public_html/services/system/CodeIgniter.php(400): CodeIgniter\CodeIgniter->runController(Object(App\Controllers\EventController))
#3 /home/wezmg/domains/wez.mg/public_html/services/system/CodeIgniter.php(308): CodeIgniter\CodeIgniter->handleRequest(NULL, Object(Config\Cache), false)
#4 /home/wezmg/domains/wez.mg/public_html/services/index.php(45): CodeIgniter\CodeIgniter->run()
#5 {main}
CRITICAL - 2021-11-16 04:55:10 --> Cannot add or update a child row: a foreign key constraint fails (`wezmg_wezdb`.`token`, CONSTRAINT `token_ibfk_1` FOREIGN KEY (`idUser`) REFERENCES `user` (`idUser`) ON DELETE CASCADE)
#0 /home/wezmg/domains/wez.mg/public_html/services/system/Database/MySQLi/Connection.php(331): mysqli->query('INSERT INTO `to...')
#1 /home/wezmg/domains/wez.mg/public_html/services/system/Database/BaseConnection.php(738): CodeIgniter\Database\MySQLi\Connection->execute('INSERT INTO `to...')
#2 /home/wezmg/domains/wez.mg/public_html/services/system/Database/BaseConnection.php(666): CodeIgniter\Database\BaseConnection->simpleQuery('INSERT INTO `to...')
#3 /home/wezmg/domains/wez.mg/public_html/services/system/Database/BaseBuilder.php(2234): CodeIgniter\Database\BaseConnection->query('INSERT INTO `to...', Array, false)
#4 /home/wezmg/domains/wez.mg/public_html/services/system/Model.php(729): CodeIgniter\Database\BaseBuilder->insert()
#5 /home/wezmg/domains/wez.mg/public_html/services/system/Model.php(557): CodeIgniter\Model->insert(Array, false)
#6 /home/wezmg/domains/wez.mg/public_html/services/app/Models/TokenModel.php(26): CodeIgniter\Model->save(Object(App\Entities\Token))
#7 /home/wezmg/domains/wez.mg/public_html/services/app/Controllers/TokenWSController.php(22): App\Models\TokenModel->saveToken(Object(App\Entities\Token))
#8 /home/wezmg/domains/wez.mg/public_html/services/system/CodeIgniter.php(914): App\Controllers\TokenWSController->saveToken()
#9 /home/wezmg/domains/wez.mg/public_html/services/system/CodeIgniter.php(400): CodeIgniter\CodeIgniter->runController(Object(App\Controllers\TokenWSController))
#10 /home/wezmg/domains/wez.mg/public_html/services/system/CodeIgniter.php(308): CodeIgniter\CodeIgniter->handleRequest(NULL, Object(Config\Cache), false)
#11 /home/wezmg/domains/wez.mg/public_html/services/index.php(45): CodeIgniter\CodeIgniter->run()
#12 {main}
CRITICAL - 2021-11-16 06:20:43 --> Cannot add or update a child row: a foreign key constraint fails (`wezmg_wezdb`.`token`, CONSTRAINT `token_ibfk_1` FOREIGN KEY (`idUser`) REFERENCES `user` (`idUser`) ON DELETE CASCADE)
#0 /home/wezmg/domains/wez.mg/public_html/services/system/Database/MySQLi/Connection.php(331): mysqli->query('INSERT INTO `to...')
#1 /home/wezmg/domains/wez.mg/public_html/services/system/Database/BaseConnection.php(738): CodeIgniter\Database\MySQLi\Connection->execute('INSERT INTO `to...')
#2 /home/wezmg/domains/wez.mg/public_html/services/system/Database/BaseConnection.php(666): CodeIgniter\Database\BaseConnection->simpleQuery('INSERT INTO `to...')
#3 /home/wezmg/domains/wez.mg/public_html/services/system/Database/BaseBuilder.php(2234): CodeIgniter\Database\BaseConnection->query('INSERT INTO `to...', Array, false)
#4 /home/wezmg/domains/wez.mg/public_html/services/system/Model.php(729): CodeIgniter\Database\BaseBuilder->insert()
#5 /home/wezmg/domains/wez.mg/public_html/services/system/Model.php(557): CodeIgniter\Model->insert(Array, false)
#6 /home/wezmg/domains/wez.mg/public_html/services/app/Models/TokenModel.php(26): CodeIgniter\Model->save(Object(App\Entities\Token))
#7 /home/wezmg/domains/wez.mg/public_html/services/app/Controllers/TokenWSController.php(22): App\Models\TokenModel->saveToken(Object(App\Entities\Token))
#8 /home/wezmg/domains/wez.mg/public_html/services/system/CodeIgniter.php(914): App\Controllers\TokenWSController->saveToken()
#9 /home/wezmg/domains/wez.mg/public_html/services/system/CodeIgniter.php(400): CodeIgniter\CodeIgniter->runController(Object(App\Controllers\TokenWSController))
#10 /home/wezmg/domains/wez.mg/public_html/services/system/CodeIgniter.php(308): CodeIgniter\CodeIgniter->handleRequest(NULL, Object(Config\Cache), false)
#11 /home/wezmg/domains/wez.mg/public_html/services/index.php(45): CodeIgniter\CodeIgniter->run()
#12 {main}
CRITICAL - 2021-11-16 08:33:06 --> Cannot add or update a child row: a foreign key constraint fails (`wezmg_wezdb`.`token`, CONSTRAINT `token_ibfk_1` FOREIGN KEY (`idUser`) REFERENCES `user` (`idUser`) ON DELETE CASCADE)
#0 /home/wezmg/domains/wez.mg/public_html/services/system/Database/MySQLi/Connection.php(331): mysqli->query('INSERT INTO `to...')
#1 /home/wezmg/domains/wez.mg/public_html/services/system/Database/BaseConnection.php(738): CodeIgniter\Database\MySQLi\Connection->execute('INSERT INTO `to...')
#2 /home/wezmg/domains/wez.mg/public_html/services/system/Database/BaseConnection.php(666): CodeIgniter\Database\BaseConnection->simpleQuery('INSERT INTO `to...')
#3 /home/wezmg/domains/wez.mg/public_html/services/system/Database/BaseBuilder.php(2234): CodeIgniter\Database\BaseConnection->query('INSERT INTO `to...', Array, false)
#4 /home/wezmg/domains/wez.mg/public_html/services/system/Model.php(729): CodeIgniter\Database\BaseBuilder->insert()
#5 /home/wezmg/domains/wez.mg/public_html/services/system/Model.php(557): CodeIgniter\Model->insert(Array, false)
#6 /home/wezmg/domains/wez.mg/public_html/services/app/Models/TokenModel.php(26): CodeIgniter\Model->save(Object(App\Entities\Token))
#7 /home/wezmg/domains/wez.mg/public_html/services/app/Controllers/TokenWSController.php(22): App\Models\TokenModel->saveToken(Object(App\Entities\Token))
#8 /home/wezmg/domains/wez.mg/public_html/services/system/CodeIgniter.php(914): App\Controllers\TokenWSController->saveToken()
#9 /home/wezmg/domains/wez.mg/public_html/services/system/CodeIgniter.php(400): CodeIgniter\CodeIgniter->runController(Object(App\Controllers\TokenWSController))
#10 /home/wezmg/domains/wez.mg/public_html/services/system/CodeIgniter.php(308): CodeIgniter\CodeIgniter->handleRequest(NULL, Object(Config\Cache), false)
#11 /home/wezmg/domains/wez.mg/public_html/services/index.php(45): CodeIgniter\CodeIgniter->run()
#12 {main}
CRITICAL - 2021-11-16 13:17:06 --> Call to undefined method App\Controllers\OrganizerController::userByEmailOrganizer()
#0 /home/wezmg/domains/wez.mg/public_html/services/system/CodeIgniter.php(914): App\Controllers\OrganizerController->saveUserOrg()
#1 /home/wezmg/domains/wez.mg/public_html/services/system/CodeIgniter.php(400): CodeIgniter\CodeIgniter->runController(Object(App\Controllers\OrganizerController))
#2 /home/wezmg/domains/wez.mg/public_html/services/system/CodeIgniter.php(308): CodeIgniter\CodeIgniter->handleRequest(NULL, Object(Config\Cache), false)
#3 /home/wezmg/domains/wez.mg/public_html/services/index.php(45): CodeIgniter\CodeIgniter->run()
#4 {main}
