CRITICAL - 2023-04-13 09:55:48 --> Argument 2 passed to view() must be of the type array, object given, called in /home/wezmg/domains/wez.mg/public_html/app/Controllers/EventController.php on line 2031
#0 /home/wezmg/domains/wez.mg/public_html/app/Controllers/EventController.php(2031): view('evenement_info', Object(CodeIgniter\HTTP\RedirectResponse))
#1 /home/wezmg/domains/wez.mg/public_html/system/CodeIgniter.php(914): App\Controllers\EventController->pageInfoEvent()
#2 /home/wezmg/domains/wez.mg/public_html/system/CodeIgniter.php(400): CodeIgniter\CodeIgniter->runController(Object(App\Controllers\EventController))
#3 /home/wezmg/domains/wez.mg/public_html/system/CodeIgniter.php(308): CodeIgniter\CodeIgniter->handleRequest(NULL, Object(Config\Cache), false)
#4 /home/wezmg/domains/wez.mg/public_html/index.php(45): CodeIgniter\CodeIgniter->run()
#5 {main}
CRITICAL - 2023-04-13 09:55:51 --> Argument 2 passed to view() must be of the type array, object given, called in /home/wezmg/domains/wez.mg/public_html/app/Controllers/EventController.php on line 2031
#0 /home/wezmg/domains/wez.mg/public_html/app/Controllers/EventController.php(2031): view('evenement_info', Object(CodeIgniter\HTTP\RedirectResponse))
#1 /home/wezmg/domains/wez.mg/public_html/system/CodeIgniter.php(914): App\Controllers\EventController->pageInfoEvent()
#2 /home/wezmg/domains/wez.mg/public_html/system/CodeIgniter.php(400): CodeIgniter\CodeIgniter->runController(Object(App\Controllers\EventController))
#3 /home/wezmg/domains/wez.mg/public_html/system/CodeIgniter.php(308): CodeIgniter\CodeIgniter->handleRequest(NULL, Object(Config\Cache), false)
#4 /home/wezmg/domains/wez.mg/public_html/index.php(45): CodeIgniter\CodeIgniter->run()
#5 {main}
CRITICAL - 2023-04-13 11:30:26 --> Call to undefined function App\Controllers\base64_url_decode()
#0 /home/wezmg/domains/wez.mg/public_html/app/Controllers/EventWSController.php(611): App\Controllers\EventWSController->parse_signed_request(NULL)
#1 /home/wezmg/domains/wez.mg/public_html/system/CodeIgniter.php(914): App\Controllers\EventWSController->fbDelection()
#2 /home/wezmg/domains/wez.mg/public_html/system/CodeIgniter.php(400): CodeIgniter\CodeIgniter->runController(Object(App\Controllers\EventWSController))
#3 /home/wezmg/domains/wez.mg/public_html/system/CodeIgniter.php(308): CodeIgniter\CodeIgniter->handleRequest(NULL, Object(Config\Cache), false)
#4 /home/wezmg/domains/wez.mg/public_html/index.php(45): CodeIgniter\CodeIgniter->run()
#5 {main}
CRITICAL - 2023-04-13 11:31:00 --> Call to undefined function App\Controllers\base64_url_decode()
#0 /home/wezmg/domains/wez.mg/public_html/app/Controllers/EventWSController.php(611): App\Controllers\EventWSController->parse_signed_request(NULL)
#1 /home/wezmg/domains/wez.mg/public_html/system/CodeIgniter.php(914): App\Controllers\EventWSController->fbDelection()
#2 /home/wezmg/domains/wez.mg/public_html/system/CodeIgniter.php(400): CodeIgniter\CodeIgniter->runController(Object(App\Controllers\EventWSController))
#3 /home/wezmg/domains/wez.mg/public_html/system/CodeIgniter.php(308): CodeIgniter\CodeIgniter->handleRequest(NULL, Object(Config\Cache), false)
#4 /home/wezmg/domains/wez.mg/public_html/index.php(45): CodeIgniter\CodeIgniter->run()
#5 {main}
CRITICAL - 2023-04-13 11:32:32 --> Call to undefined function App\Controllers\base64_url_decode()
#0 /home/wezmg/domains/wez.mg/public_html/app/Controllers/EventWSController.php(611): App\Controllers\EventWSController->parse_signed_request(NULL)
#1 /home/wezmg/domains/wez.mg/public_html/system/CodeIgniter.php(914): App\Controllers\EventWSController->fbDelection()
#2 /home/wezmg/domains/wez.mg/public_html/system/CodeIgniter.php(400): CodeIgniter\CodeIgniter->runController(Object(App\Controllers\EventWSController))
#3 /home/wezmg/domains/wez.mg/public_html/system/CodeIgniter.php(308): CodeIgniter\CodeIgniter->handleRequest(NULL, Object(Config\Cache), false)
#4 /home/wezmg/domains/wez.mg/public_html/index.php(45): CodeIgniter\CodeIgniter->run()
#5 {main}
CRITICAL - 2023-04-13 11:38:18 --> Call to undefined function App\Controllers\base64_url_decode()
#0 /home/wezmg/domains/wez.mg/public_html/app/Controllers/EventWSController.php(611): App\Controllers\EventWSController->parse_signed_request(NULL)
#1 /home/wezmg/domains/wez.mg/public_html/system/CodeIgniter.php(914): App\Controllers\EventWSController->fbDelection()
#2 /home/wezmg/domains/wez.mg/public_html/system/CodeIgniter.php(400): CodeIgniter\CodeIgniter->runController(Object(App\Controllers\EventWSController))
#3 /home/wezmg/domains/wez.mg/public_html/system/CodeIgniter.php(308): CodeIgniter\CodeIgniter->handleRequest(NULL, Object(Config\Cache), false)
#4 /home/wezmg/domains/wez.mg/public_html/index.php(45): CodeIgniter\CodeIgniter->run()
#5 {main}
