CRITICAL - 2021-12-09 12:40:01 --> Cannot add or update a child row: a foreign key constraint fails (`wezmg_wezdb`.`event`, CONSTRAINT `event_ibfk_2` FOREIGN KEY (`idPlace`) REFERENCES `place` (`idPlace`) ON DELETE CASCADE)
#0 /home/wezmg/domains/wez.mg/public_html/services/system/Database/MySQLi/Connection.php(331): mysqli->query('UPDATE `event` ...')
#1 /home/wezmg/domains/wez.mg/public_html/services/system/Database/BaseConnection.php(738): CodeIgniter\Database\MySQLi\Connection->execute('UPDATE `event` ...')
#2 /home/wezmg/domains/wez.mg/public_html/services/system/Database/BaseConnection.php(666): CodeIgniter\Database\BaseConnection->simpleQuery('UPDATE `event` ...')
#3 /home/wezmg/domains/wez.mg/public_html/services/system/Database/BaseBuilder.php(2441): CodeIgniter\Database\BaseConnection->query('UPDATE `event` ...', Array, false)
#4 /home/wezmg/domains/wez.mg/public_html/services/system/Model.php(864): CodeIgniter\Database\BaseBuilder->update()
#5 /home/wezmg/domains/wez.mg/public_html/services/app/Models/EventModel.php(160): CodeIgniter\Model->update(NULL, Array)
#6 /home/wezmg/domains/wez.mg/public_html/services/app/Controllers/EventController.php(228): App\Models\EventModel->updateEvent(NULL, Object(App\Entities\Event))
#7 /home/wezmg/domains/wez.mg/public_html/services/system/CodeIgniter.php(914): App\Controllers\EventController->updateEventRefonte()
#8 /home/wezmg/domains/wez.mg/public_html/services/system/CodeIgniter.php(400): CodeIgniter\CodeIgniter->runController(Object(App\Controllers\EventController))
#9 /home/wezmg/domains/wez.mg/public_html/services/system/CodeIgniter.php(308): CodeIgniter\CodeIgniter->handleRequest(NULL, Object(Config\Cache), false)
#10 /home/wezmg/domains/wez.mg/public_html/services/index.php(45): CodeIgniter\CodeIgniter->run()
#11 {main}
CRITICAL - 2021-12-09 12:43:42 --> Cannot add or update a child row: a foreign key constraint fails (`wezmg_wezdb`.`event`, CONSTRAINT `event_ibfk_2` FOREIGN KEY (`idPlace`) REFERENCES `place` (`idPlace`) ON DELETE CASCADE)
#0 /home/wezmg/domains/wez.mg/public_html/services/system/Database/MySQLi/Connection.php(331): mysqli->query('UPDATE `event` ...')
#1 /home/wezmg/domains/wez.mg/public_html/services/system/Database/BaseConnection.php(738): CodeIgniter\Database\MySQLi\Connection->execute('UPDATE `event` ...')
#2 /home/wezmg/domains/wez.mg/public_html/services/system/Database/BaseConnection.php(666): CodeIgniter\Database\BaseConnection->simpleQuery('UPDATE `event` ...')
#3 /home/wezmg/domains/wez.mg/public_html/services/system/Database/BaseBuilder.php(2441): CodeIgniter\Database\BaseConnection->query('UPDATE `event` ...', Array, false)
#4 /home/wezmg/domains/wez.mg/public_html/services/system/Model.php(864): CodeIgniter\Database\BaseBuilder->update()
#5 /home/wezmg/domains/wez.mg/public_html/services/app/Models/EventModel.php(160): CodeIgniter\Model->update(NULL, Array)
#6 /home/wezmg/domains/wez.mg/public_html/services/app/Controllers/EventController.php(232): App\Models\EventModel->updateEvent(NULL, Object(App\Entities\Event))
#7 /home/wezmg/domains/wez.mg/public_html/services/system/CodeIgniter.php(914): App\Controllers\EventController->updateEventRefonte()
#8 /home/wezmg/domains/wez.mg/public_html/services/system/CodeIgniter.php(400): CodeIgniter\CodeIgniter->runController(Object(App\Controllers\EventController))
#9 /home/wezmg/domains/wez.mg/public_html/services/system/CodeIgniter.php(308): CodeIgniter\CodeIgniter->handleRequest(NULL, Object(Config\Cache), false)
#10 /home/wezmg/domains/wez.mg/public_html/services/index.php(45): CodeIgniter\CodeIgniter->run()
#11 {main}
CRITICAL - 2021-12-09 12:43:53 --> Cannot add or update a child row: a foreign key constraint fails (`wezmg_wezdb`.`event`, CONSTRAINT `event_ibfk_2` FOREIGN KEY (`idPlace`) REFERENCES `place` (`idPlace`) ON DELETE CASCADE)
#0 /home/wezmg/domains/wez.mg/public_html/services/system/Database/MySQLi/Connection.php(331): mysqli->query('UPDATE `event` ...')
#1 /home/wezmg/domains/wez.mg/public_html/services/system/Database/BaseConnection.php(738): CodeIgniter\Database\MySQLi\Connection->execute('UPDATE `event` ...')
#2 /home/wezmg/domains/wez.mg/public_html/services/system/Database/BaseConnection.php(666): CodeIgniter\Database\BaseConnection->simpleQuery('UPDATE `event` ...')
#3 /home/wezmg/domains/wez.mg/public_html/services/system/Database/BaseBuilder.php(2441): CodeIgniter\Database\BaseConnection->query('UPDATE `event` ...', Array, false)
#4 /home/wezmg/domains/wez.mg/public_html/services/system/Model.php(864): CodeIgniter\Database\BaseBuilder->update()
#5 /home/wezmg/domains/wez.mg/public_html/services/app/Models/EventModel.php(160): CodeIgniter\Model->update(NULL, Array)
#6 /home/wezmg/domains/wez.mg/public_html/services/app/Controllers/EventController.php(232): App\Models\EventModel->updateEvent(NULL, Object(App\Entities\Event))
#7 /home/wezmg/domains/wez.mg/public_html/services/system/CodeIgniter.php(914): App\Controllers\EventController->updateEventRefonte()
#8 /home/wezmg/domains/wez.mg/public_html/services/system/CodeIgniter.php(400): CodeIgniter\CodeIgniter->runController(Object(App\Controllers\EventController))
#9 /home/wezmg/domains/wez.mg/public_html/services/system/CodeIgniter.php(308): CodeIgniter\CodeIgniter->handleRequest(NULL, Object(Config\Cache), false)
#10 /home/wezmg/domains/wez.mg/public_html/services/index.php(45): CodeIgniter\CodeIgniter->run()
#11 {main}
CRITICAL - 2021-12-09 12:45:36 --> Cannot add or update a child row: a foreign key constraint fails (`wezmg_wezdb`.`event`, CONSTRAINT `event_ibfk_2` FOREIGN KEY (`idPlace`) REFERENCES `place` (`idPlace`) ON DELETE CASCADE)
#0 /home/wezmg/domains/wez.mg/public_html/services/system/Database/MySQLi/Connection.php(331): mysqli->query('UPDATE `event` ...')
#1 /home/wezmg/domains/wez.mg/public_html/services/system/Database/BaseConnection.php(738): CodeIgniter\Database\MySQLi\Connection->execute('UPDATE `event` ...')
#2 /home/wezmg/domains/wez.mg/public_html/services/system/Database/BaseConnection.php(666): CodeIgniter\Database\BaseConnection->simpleQuery('UPDATE `event` ...')
#3 /home/wezmg/domains/wez.mg/public_html/services/system/Database/BaseBuilder.php(2441): CodeIgniter\Database\BaseConnection->query('UPDATE `event` ...', Array, false)
#4 /home/wezmg/domains/wez.mg/public_html/services/system/Model.php(864): CodeIgniter\Database\BaseBuilder->update()
#5 /home/wezmg/domains/wez.mg/public_html/services/app/Models/EventModel.php(160): CodeIgniter\Model->update(NULL, Array)
#6 /home/wezmg/domains/wez.mg/public_html/services/app/Controllers/EventController.php(232): App\Models\EventModel->updateEvent(NULL, Object(App\Entities\Event))
#7 /home/wezmg/domains/wez.mg/public_html/services/system/CodeIgniter.php(914): App\Controllers\EventController->updateEventRefonte()
#8 /home/wezmg/domains/wez.mg/public_html/services/system/CodeIgniter.php(400): CodeIgniter\CodeIgniter->runController(Object(App\Controllers\EventController))
#9 /home/wezmg/domains/wez.mg/public_html/services/system/CodeIgniter.php(308): CodeIgniter\CodeIgniter->handleRequest(NULL, Object(Config\Cache), false)
#10 /home/wezmg/domains/wez.mg/public_html/services/index.php(45): CodeIgniter\CodeIgniter->run()
#11 {main}
CRITICAL - 2021-12-09 12:46:31 --> Cannot add or update a child row: a foreign key constraint fails (`wezmg_wezdb`.`event`, CONSTRAINT `event_ibfk_2` FOREIGN KEY (`idPlace`) REFERENCES `place` (`idPlace`) ON DELETE CASCADE)
#0 /home/wezmg/domains/wez.mg/public_html/services/system/Database/MySQLi/Connection.php(331): mysqli->query('UPDATE `event` ...')
#1 /home/wezmg/domains/wez.mg/public_html/services/system/Database/BaseConnection.php(738): CodeIgniter\Database\MySQLi\Connection->execute('UPDATE `event` ...')
#2 /home/wezmg/domains/wez.mg/public_html/services/system/Database/BaseConnection.php(666): CodeIgniter\Database\BaseConnection->simpleQuery('UPDATE `event` ...')
#3 /home/wezmg/domains/wez.mg/public_html/services/system/Database/BaseBuilder.php(2441): CodeIgniter\Database\BaseConnection->query('UPDATE `event` ...', Array, false)
#4 /home/wezmg/domains/wez.mg/public_html/services/system/Model.php(864): CodeIgniter\Database\BaseBuilder->update()
#5 /home/wezmg/domains/wez.mg/public_html/services/app/Models/EventModel.php(160): CodeIgniter\Model->update(NULL, Array)
#6 /home/wezmg/domains/wez.mg/public_html/services/app/Controllers/EventController.php(232): App\Models\EventModel->updateEvent(NULL, Object(App\Entities\Event))
#7 /home/wezmg/domains/wez.mg/public_html/services/system/CodeIgniter.php(914): App\Controllers\EventController->updateEventRefonte()
#8 /home/wezmg/domains/wez.mg/public_html/services/system/CodeIgniter.php(400): CodeIgniter\CodeIgniter->runController(Object(App\Controllers\EventController))
#9 /home/wezmg/domains/wez.mg/public_html/services/system/CodeIgniter.php(308): CodeIgniter\CodeIgniter->handleRequest(NULL, Object(Config\Cache), false)
#10 /home/wezmg/domains/wez.mg/public_html/services/index.php(45): CodeIgniter\CodeIgniter->run()
#11 {main}
CRITICAL - 2021-12-09 19:33:15 --> syntax error, unexpected '$event' (T_VARIABLE)
#0 /home/wezmg/domains/wez.mg/public_html/services/system/Autoloader/Autoloader.php(296): CodeIgniter\Autoloader\Autoloader->requireFile('/home/wezmg/dom...')
#1 /home/wezmg/domains/wez.mg/public_html/services/system/Autoloader/Autoloader.php(258): CodeIgniter\Autoloader\Autoloader->loadInNamespace('App\\Controllers...')
#2 [internal function]: CodeIgniter\Autoloader\Autoloader->loadClass('App\\Controllers...')
#3 [internal function]: spl_autoload_call('App\\Controllers...')
#4 /home/wezmg/domains/wez.mg/public_html/services/system/CodeIgniter.php(865): class_exists('\\App\\Controller...', true)
#5 /home/wezmg/domains/wez.mg/public_html/services/system/CodeIgniter.php(390): CodeIgniter\CodeIgniter->startController()
#6 /home/wezmg/domains/wez.mg/public_html/services/system/CodeIgniter.php(308): CodeIgniter\CodeIgniter->handleRequest(NULL, Object(Config\Cache), false)
#7 /home/wezmg/domains/wez.mg/public_html/services/index.php(45): CodeIgniter\CodeIgniter->run()
#8 {main}
CRITICAL - 2021-12-09 19:33:40 --> Cannot use object of type CodeIgniter\HTTP\RedirectResponse as array
#0 /home/wezmg/domains/wez.mg/public_html/services/app/Controllers/EventController.php(1768): App\Controllers\EventController->goPageInfo('100')
#1 /home/wezmg/domains/wez.mg/public_html/services/system/CodeIgniter.php(914): App\Controllers\EventController->pageInfoEvent()
#2 /home/wezmg/domains/wez.mg/public_html/services/system/CodeIgniter.php(400): CodeIgniter\CodeIgniter->runController(Object(App\Controllers\EventController))
#3 /home/wezmg/domains/wez.mg/public_html/services/system/CodeIgniter.php(308): CodeIgniter\CodeIgniter->handleRequest(NULL, Object(Config\Cache), false)
#4 /home/wezmg/domains/wez.mg/public_html/services/index.php(45): CodeIgniter\CodeIgniter->run()
#5 {main}
CRITICAL - 2021-12-09 19:39:46 --> Cannot add or update a child row: a foreign key constraint fails (`wezmg_wezdb`.`event`, CONSTRAINT `event_ibfk_2` FOREIGN KEY (`idPlace`) REFERENCES `place` (`idPlace`) ON DELETE CASCADE)
#0 /home/wezmg/domains/wez.mg/public_html/services/system/Database/MySQLi/Connection.php(331): mysqli->query('UPDATE `event` ...')
#1 /home/wezmg/domains/wez.mg/public_html/services/system/Database/BaseConnection.php(738): CodeIgniter\Database\MySQLi\Connection->execute('UPDATE `event` ...')
#2 /home/wezmg/domains/wez.mg/public_html/services/system/Database/BaseConnection.php(666): CodeIgniter\Database\BaseConnection->simpleQuery('UPDATE `event` ...')
#3 /home/wezmg/domains/wez.mg/public_html/services/system/Database/BaseBuilder.php(2441): CodeIgniter\Database\BaseConnection->query('UPDATE `event` ...', Array, false)
#4 /home/wezmg/domains/wez.mg/public_html/services/system/Model.php(864): CodeIgniter\Database\BaseBuilder->update()
#5 /home/wezmg/domains/wez.mg/public_html/services/app/Models/EventModel.php(160): CodeIgniter\Model->update(NULL, Array)
#6 /home/wezmg/domains/wez.mg/public_html/services/app/Controllers/EventController.php(234): App\Models\EventModel->updateEvent(NULL, Object(App\Entities\Event))
#7 /home/wezmg/domains/wez.mg/public_html/services/system/CodeIgniter.php(914): App\Controllers\EventController->updateEventRefonte()
#8 /home/wezmg/domains/wez.mg/public_html/services/system/CodeIgniter.php(400): CodeIgniter\CodeIgniter->runController(Object(App\Controllers\EventController))
#9 /home/wezmg/domains/wez.mg/public_html/services/system/CodeIgniter.php(308): CodeIgniter\CodeIgniter->handleRequest(NULL, Object(Config\Cache), false)
#10 /home/wezmg/domains/wez.mg/public_html/services/index.php(45): CodeIgniter\CodeIgniter->run()
#11 {main}
