CRITICAL - 2021-11-30 03:48:02 --> Cannot add or update a child row: a foreign key constraint fails (`wezmg_wezdb`.`token`, CONSTRAINT `token_ibfk_1` FOREIGN KEY (`idUser`) REFERENCES `user` (`idUser`) ON DELETE CASCADE)
#0 /home/wezmg/domains/wez.mg/public_html/services/system/Database/MySQLi/Connection.php(331): mysqli->query('INSERT INTO `to...')
#1 /home/wezmg/domains/wez.mg/public_html/services/system/Database/BaseConnection.php(738): CodeIgniter\Database\MySQLi\Connection->execute('INSERT INTO `to...')
#2 /home/wezmg/domains/wez.mg/public_html/services/system/Database/BaseConnection.php(666): CodeIgniter\Database\BaseConnection->simpleQuery('INSERT INTO `to...')
#3 /home/wezmg/domains/wez.mg/public_html/services/system/Database/BaseBuilder.php(2234): CodeIgniter\Database\BaseConnection->query('INSERT INTO `to...', Array, false)
#4 /home/wezmg/domains/wez.mg/public_html/services/system/Model.php(729): CodeIgniter\Database\BaseBuilder->insert()
#5 /home/wezmg/domains/wez.mg/public_html/services/system/Model.php(557): CodeIgniter\Model->insert(Array, false)
#6 /home/wezmg/domains/wez.mg/public_html/services/app/Models/TokenModel.php(26): CodeIgniter\Model->save(Object(App\Entities\Token))
#7 /home/wezmg/domains/wez.mg/public_html/services/app/Controllers/TokenWSController.php(22): App\Models\TokenModel->saveToken(Object(App\Entities\Token))
#8 /home/wezmg/domains/wez.mg/public_html/services/system/CodeIgniter.php(914): App\Controllers\TokenWSController->saveToken()
#9 /home/wezmg/domains/wez.mg/public_html/services/system/CodeIgniter.php(400): CodeIgniter\CodeIgniter->runController(Object(App\Controllers\TokenWSController))
#10 /home/wezmg/domains/wez.mg/public_html/services/system/CodeIgniter.php(308): CodeIgniter\CodeIgniter->handleRequest(NULL, Object(Config\Cache), false)
#11 /home/wezmg/domains/wez.mg/public_html/services/index.php(45): CodeIgniter\CodeIgniter->run()
#12 {main}
CRITICAL - 2021-11-30 08:25:06 --> Cannot add or update a child row: a foreign key constraint fails (`wezmg_wezdb`.`token`, CONSTRAINT `token_ibfk_1` FOREIGN KEY (`idUser`) REFERENCES `user` (`idUser`) ON DELETE CASCADE)
#0 /home/wezmg/domains/wez.mg/public_html/services/system/Database/MySQLi/Connection.php(331): mysqli->query('INSERT INTO `to...')
#1 /home/wezmg/domains/wez.mg/public_html/services/system/Database/BaseConnection.php(738): CodeIgniter\Database\MySQLi\Connection->execute('INSERT INTO `to...')
#2 /home/wezmg/domains/wez.mg/public_html/services/system/Database/BaseConnection.php(666): CodeIgniter\Database\BaseConnection->simpleQuery('INSERT INTO `to...')
#3 /home/wezmg/domains/wez.mg/public_html/services/system/Database/BaseBuilder.php(2234): CodeIgniter\Database\BaseConnection->query('INSERT INTO `to...', Array, false)
#4 /home/wezmg/domains/wez.mg/public_html/services/system/Model.php(729): CodeIgniter\Database\BaseBuilder->insert()
#5 /home/wezmg/domains/wez.mg/public_html/services/system/Model.php(557): CodeIgniter\Model->insert(Array, false)
#6 /home/wezmg/domains/wez.mg/public_html/services/app/Models/TokenModel.php(26): CodeIgniter\Model->save(Object(App\Entities\Token))
#7 /home/wezmg/domains/wez.mg/public_html/services/app/Controllers/TokenWSController.php(22): App\Models\TokenModel->saveToken(Object(App\Entities\Token))
#8 /home/wezmg/domains/wez.mg/public_html/services/system/CodeIgniter.php(914): App\Controllers\TokenWSController->saveToken()
#9 /home/wezmg/domains/wez.mg/public_html/services/system/CodeIgniter.php(400): CodeIgniter\CodeIgniter->runController(Object(App\Controllers\TokenWSController))
#10 /home/wezmg/domains/wez.mg/public_html/services/system/CodeIgniter.php(308): CodeIgniter\CodeIgniter->handleRequest(NULL, Object(Config\Cache), false)
#11 /home/wezmg/domains/wez.mg/public_html/services/index.php(45): CodeIgniter\CodeIgniter->run()
#12 {main}
CRITICAL - 2021-11-30 22:30:50 --> Cannot add or update a child row: a foreign key constraint fails (`wezmg_wezdb`.`token`, CONSTRAINT `token_ibfk_1` FOREIGN KEY (`idUser`) REFERENCES `user` (`idUser`) ON DELETE CASCADE)
#0 /home/wezmg/domains/wez.mg/public_html/services/system/Database/MySQLi/Connection.php(331): mysqli->query('INSERT INTO `to...')
#1 /home/wezmg/domains/wez.mg/public_html/services/system/Database/BaseConnection.php(738): CodeIgniter\Database\MySQLi\Connection->execute('INSERT INTO `to...')
#2 /home/wezmg/domains/wez.mg/public_html/services/system/Database/BaseConnection.php(666): CodeIgniter\Database\BaseConnection->simpleQuery('INSERT INTO `to...')
#3 /home/wezmg/domains/wez.mg/public_html/services/system/Database/BaseBuilder.php(2234): CodeIgniter\Database\BaseConnection->query('INSERT INTO `to...', Array, false)
#4 /home/wezmg/domains/wez.mg/public_html/services/system/Model.php(729): CodeIgniter\Database\BaseBuilder->insert()
#5 /home/wezmg/domains/wez.mg/public_html/services/system/Model.php(557): CodeIgniter\Model->insert(Array, false)
#6 /home/wezmg/domains/wez.mg/public_html/services/app/Models/TokenModel.php(26): CodeIgniter\Model->save(Object(App\Entities\Token))
#7 /home/wezmg/domains/wez.mg/public_html/services/app/Controllers/TokenWSController.php(22): App\Models\TokenModel->saveToken(Object(App\Entities\Token))
#8 /home/wezmg/domains/wez.mg/public_html/services/system/CodeIgniter.php(914): App\Controllers\TokenWSController->saveToken()
#9 /home/wezmg/domains/wez.mg/public_html/services/system/CodeIgniter.php(400): CodeIgniter\CodeIgniter->runController(Object(App\Controllers\TokenWSController))
#10 /home/wezmg/domains/wez.mg/public_html/services/system/CodeIgniter.php(308): CodeIgniter\CodeIgniter->handleRequest(NULL, Object(Config\Cache), false)
#11 /home/wezmg/domains/wez.mg/public_html/services/index.php(45): CodeIgniter\CodeIgniter->run()
#12 {main}
CRITICAL - 2021-11-30 23:49:36 --> Object of class DateTime could not be converted to string
#0 /home/wezmg/domains/wez.mg/public_html/services/app/Views/evenement_liste_refonte.php(127): CodeIgniter\Debug\Exceptions->errorHandler(4096, 'Object of class...', '/home/wezmg/dom...', 127, Array)
#1 /home/wezmg/domains/wez.mg/public_html/services/system/View/View.php(246): include('/home/wezmg/dom...')
#2 /home/wezmg/domains/wez.mg/public_html/services/system/Common.php(1087): CodeIgniter\View\View->render('evenement_liste...', Array, true)
#3 /home/wezmg/domains/wez.mg/public_html/services/app/Controllers/EventController.php(393): view('evenement_liste...', Array)
#4 /home/wezmg/domains/wez.mg/public_html/services/system/CodeIgniter.php(914): App\Controllers\EventController->listeRefonte()
#5 /home/wezmg/domains/wez.mg/public_html/services/system/CodeIgniter.php(400): CodeIgniter\CodeIgniter->runController(Object(App\Controllers\EventController))
#6 /home/wezmg/domains/wez.mg/public_html/services/system/CodeIgniter.php(308): CodeIgniter\CodeIgniter->handleRequest(NULL, Object(Config\Cache), false)
#7 /home/wezmg/domains/wez.mg/public_html/services/index.php(45): CodeIgniter\CodeIgniter->run()
#8 {main}
CRITICAL - 2021-11-30 23:55:54 --> syntax error, unexpected ')', expecting ',' or ';'
#0 /home/wezmg/domains/wez.mg/public_html/services/system/Common.php(1087): CodeIgniter\View\View->render('evenement_liste...', Array, true)
#1 /home/wezmg/domains/wez.mg/public_html/services/app/Controllers/EventController.php(393): view('evenement_liste...', Array)
#2 /home/wezmg/domains/wez.mg/public_html/services/system/CodeIgniter.php(914): App\Controllers\EventController->listeRefonte()
#3 /home/wezmg/domains/wez.mg/public_html/services/system/CodeIgniter.php(400): CodeIgniter\CodeIgniter->runController(Object(App\Controllers\EventController))
#4 /home/wezmg/domains/wez.mg/public_html/services/system/CodeIgniter.php(308): CodeIgniter\CodeIgniter->handleRequest(NULL, Object(Config\Cache), false)
#5 /home/wezmg/domains/wez.mg/public_html/services/index.php(45): CodeIgniter\CodeIgniter->run()
#6 {main}
