CRITICAL - 2020-06-20 01:15:53 --> syntax error, unexpected '?>'
#0 C:\wamp64\www\event\system\Common.php(1087): CodeIgniter\View\View->render('utilisateur_ajo...', Array, true)
#1 C:\wamp64\www\event\app\Controllers\UserController.php(33): view('utilisateur_ajo...', Array)
#2 C:\wamp64\www\event\system\CodeIgniter.php(914): App\Controllers\UserController->update()
#3 C:\wamp64\www\event\system\CodeIgniter.php(400): CodeIgniter\CodeIgniter->runController(Object(App\Controllers\UserController))
#4 C:\wamp64\www\event\system\CodeIgniter.php(308): CodeIgniter\CodeIgniter->handleRequest(NULL, Object(Config\Cache), false)
#5 C:\wamp64\www\event\index.php(45): CodeIgniter\CodeIgniter->run()
#6 {main}
CRITICAL - 2020-06-20 08:04:17 --> Too few arguments to function App\Controllers\PointOfSaleWSController::savePointOfSale(), 0 passed in C:\wamp64\www\event\system\CodeIgniter.php on line 914 and exactly 1 expected
#0 C:\wamp64\www\event\system\CodeIgniter.php(914): App\Controllers\PointOfSaleWSController->savePointOfSale()
#1 C:\wamp64\www\event\system\CodeIgniter.php(400): CodeIgniter\CodeIgniter->runController(Object(App\Controllers\PointOfSaleWSController))
#2 C:\wamp64\www\event\system\CodeIgniter.php(308): CodeIgniter\CodeIgniter->handleRequest(NULL, Object(Config\Cache), false)
#3 C:\wamp64\www\event\index.php(45): CodeIgniter\CodeIgniter->run()
#4 {main}
CRITICAL - 2020-06-20 08:11:42 --> Too few arguments to function App\Controllers\PointOfSaleWSController::updatePointOfSale(), 0 passed in C:\wamp64\www\event\system\CodeIgniter.php on line 914 and exactly 1 expected
#0 C:\wamp64\www\event\system\CodeIgniter.php(914): App\Controllers\PointOfSaleWSController->updatePointOfSale()
#1 C:\wamp64\www\event\system\CodeIgniter.php(400): CodeIgniter\CodeIgniter->runController(Object(App\Controllers\PointOfSaleWSController))
#2 C:\wamp64\www\event\system\CodeIgniter.php(308): CodeIgniter\CodeIgniter->handleRequest(NULL, Object(Config\Cache), false)
#3 C:\wamp64\www\event\index.php(45): CodeIgniter\CodeIgniter->run()
#4 {main}
CRITICAL - 2020-06-20 08:12:30 --> Too few arguments to function App\Controllers\PointOfSaleWSController::updatePointOfSale(), 0 passed in C:\wamp64\www\event\system\CodeIgniter.php on line 914 and exactly 1 expected
#0 C:\wamp64\www\event\system\CodeIgniter.php(914): App\Controllers\PointOfSaleWSController->updatePointOfSale()
#1 C:\wamp64\www\event\system\CodeIgniter.php(400): CodeIgniter\CodeIgniter->runController(Object(App\Controllers\PointOfSaleWSController))
#2 C:\wamp64\www\event\system\CodeIgniter.php(308): CodeIgniter\CodeIgniter->handleRequest(NULL, Object(Config\Cache), false)
#3 C:\wamp64\www\event\index.php(45): CodeIgniter\CodeIgniter->run()
#4 {main}
CRITICAL - 2020-06-20 08:12:50 --> Too few arguments to function App\Controllers\PointOfSaleWSController::updatePointOfSale(), 0 passed in C:\wamp64\www\event\system\CodeIgniter.php on line 914 and exactly 1 expected
#0 C:\wamp64\www\event\system\CodeIgniter.php(914): App\Controllers\PointOfSaleWSController->updatePointOfSale()
#1 C:\wamp64\www\event\system\CodeIgniter.php(400): CodeIgniter\CodeIgniter->runController(Object(App\Controllers\PointOfSaleWSController))
#2 C:\wamp64\www\event\system\CodeIgniter.php(308): CodeIgniter\CodeIgniter->handleRequest(NULL, Object(Config\Cache), false)
#3 C:\wamp64\www\event\index.php(45): CodeIgniter\CodeIgniter->run()
#4 {main}
CRITICAL - 2020-06-20 08:17:00 --> Too few arguments to function App\Controllers\PointOfSaleWSController::updatePointOfSale(), 0 passed in C:\wamp64\www\event\system\CodeIgniter.php on line 914 and exactly 1 expected
#0 C:\wamp64\www\event\system\CodeIgniter.php(914): App\Controllers\PointOfSaleWSController->updatePointOfSale()
#1 C:\wamp64\www\event\system\CodeIgniter.php(400): CodeIgniter\CodeIgniter->runController(Object(App\Controllers\PointOfSaleWSController))
#2 C:\wamp64\www\event\system\CodeIgniter.php(308): CodeIgniter\CodeIgniter->handleRequest(NULL, Object(Config\Cache), false)
#3 C:\wamp64\www\event\index.php(45): CodeIgniter\CodeIgniter->run()
#4 {main}
CRITICAL - 2020-06-20 08:17:08 --> Too few arguments to function App\Controllers\PointOfSaleWSController::updatePointOfSale(), 0 passed in C:\wamp64\www\event\system\CodeIgniter.php on line 914 and exactly 1 expected
#0 C:\wamp64\www\event\system\CodeIgniter.php(914): App\Controllers\PointOfSaleWSController->updatePointOfSale()
#1 C:\wamp64\www\event\system\CodeIgniter.php(400): CodeIgniter\CodeIgniter->runController(Object(App\Controllers\PointOfSaleWSController))
#2 C:\wamp64\www\event\system\CodeIgniter.php(308): CodeIgniter\CodeIgniter->handleRequest(NULL, Object(Config\Cache), false)
#3 C:\wamp64\www\event\index.php(45): CodeIgniter\CodeIgniter->run()
#4 {main}
CRITICAL - 2020-06-20 08:21:07 --> Too few arguments to function App\Controllers\OrganizerWSController::saveOrganizer(), 0 passed in C:\wamp64\www\event\system\CodeIgniter.php on line 914 and exactly 4 expected
#0 C:\wamp64\www\event\system\CodeIgniter.php(914): App\Controllers\OrganizerWSController->saveOrganizer()
#1 C:\wamp64\www\event\system\CodeIgniter.php(400): CodeIgniter\CodeIgniter->runController(Object(App\Controllers\OrganizerWSController))
#2 C:\wamp64\www\event\system\CodeIgniter.php(308): CodeIgniter\CodeIgniter->handleRequest(NULL, Object(Config\Cache), false)
#3 C:\wamp64\www\event\index.php(45): CodeIgniter\CodeIgniter->run()
#4 {main}
CRITICAL - 2020-06-20 08:21:23 --> Too few arguments to function App\Controllers\OrganizerWSController::saveOrganizer(), 0 passed in C:\wamp64\www\event\system\CodeIgniter.php on line 914 and exactly 4 expected
#0 C:\wamp64\www\event\system\CodeIgniter.php(914): App\Controllers\OrganizerWSController->saveOrganizer()
#1 C:\wamp64\www\event\system\CodeIgniter.php(400): CodeIgniter\CodeIgniter->runController(Object(App\Controllers\OrganizerWSController))
#2 C:\wamp64\www\event\system\CodeIgniter.php(308): CodeIgniter\CodeIgniter->handleRequest(NULL, Object(Config\Cache), false)
#3 C:\wamp64\www\event\index.php(45): CodeIgniter\CodeIgniter->run()
#4 {main}
CRITICAL - 2020-06-20 08:47:26 --> Too few arguments to function App\Controllers\UserWSController::updateUser(), 0 passed in C:\wamp64\www\event\system\CodeIgniter.php on line 914 and exactly 1 expected
#0 C:\wamp64\www\event\system\CodeIgniter.php(914): App\Controllers\UserWSController->updateUser()
#1 C:\wamp64\www\event\system\CodeIgniter.php(400): CodeIgniter\CodeIgniter->runController(Object(App\Controllers\UserWSController))
#2 C:\wamp64\www\event\system\CodeIgniter.php(308): CodeIgniter\CodeIgniter->handleRequest(NULL, Object(Config\Cache), false)
#3 C:\wamp64\www\event\index.php(45): CodeIgniter\CodeIgniter->run()
#4 {main}
CRITICAL - 2020-06-20 08:48:11 --> Too few arguments to function App\Controllers\UserWSController::updateUser(), 0 passed in C:\wamp64\www\event\system\CodeIgniter.php on line 914 and exactly 1 expected
#0 C:\wamp64\www\event\system\CodeIgniter.php(914): App\Controllers\UserWSController->updateUser()
#1 C:\wamp64\www\event\system\CodeIgniter.php(400): CodeIgniter\CodeIgniter->runController(Object(App\Controllers\UserWSController))
#2 C:\wamp64\www\event\system\CodeIgniter.php(308): CodeIgniter\CodeIgniter->handleRequest(NULL, Object(Config\Cache), false)
#3 C:\wamp64\www\event\index.php(45): CodeIgniter\CodeIgniter->run()
#4 {main}
CRITICAL - 2020-06-20 08:49:34 --> Too few arguments to function App\Controllers\UserWSController::updateUser(), 0 passed in C:\wamp64\www\event\system\CodeIgniter.php on line 914 and exactly 1 expected
#0 C:\wamp64\www\event\system\CodeIgniter.php(914): App\Controllers\UserWSController->updateUser()
#1 C:\wamp64\www\event\system\CodeIgniter.php(400): CodeIgniter\CodeIgniter->runController(Object(App\Controllers\UserWSController))
#2 C:\wamp64\www\event\system\CodeIgniter.php(308): CodeIgniter\CodeIgniter->handleRequest(NULL, Object(Config\Cache), false)
#3 C:\wamp64\www\event\index.php(45): CodeIgniter\CodeIgniter->run()
#4 {main}
CRITICAL - 2020-06-20 09:48:40 --> syntax error, unexpected '{'
#0 C:\wamp64\www\event\system\Autoloader\Autoloader.php(296): CodeIgniter\Autoloader\Autoloader->requireFile('C:\\wamp64\\www\\e...')
#1 C:\wamp64\www\event\system\Autoloader\Autoloader.php(258): CodeIgniter\Autoloader\Autoloader->loadInNamespace('App\\Controllers...')
#2 [internal function]: CodeIgniter\Autoloader\Autoloader->loadClass('App\\Controllers...')
#3 [internal function]: spl_autoload_call('App\\Controllers...')
#4 C:\wamp64\www\event\system\CodeIgniter.php(865): class_exists('\\App\\Controller...', true)
#5 C:\wamp64\www\event\system\CodeIgniter.php(390): CodeIgniter\CodeIgniter->startController()
#6 C:\wamp64\www\event\system\CodeIgniter.php(308): CodeIgniter\CodeIgniter->handleRequest(NULL, Object(Config\Cache), false)
#7 C:\wamp64\www\event\index.php(45): CodeIgniter\CodeIgniter->run()
#8 {main}
CRITICAL - 2020-06-20 09:50:18 --> Call to undefined function App\Controllers\isnullOrEmpty()
#0 C:\wamp64\www\event\system\CodeIgniter.php(914): App\Controllers\UserWSController->userRegistration()
#1 C:\wamp64\www\event\system\CodeIgniter.php(400): CodeIgniter\CodeIgniter->runController(Object(App\Controllers\UserWSController))
#2 C:\wamp64\www\event\system\CodeIgniter.php(308): CodeIgniter\CodeIgniter->handleRequest(NULL, Object(Config\Cache), false)
#3 C:\wamp64\www\event\index.php(45): CodeIgniter\CodeIgniter->run()
#4 {main}
CRITICAL - 2020-06-20 10:01:22 --> Call to undefined method App\Controllers\UtilController::isnullOrEmpty()
#0 C:\wamp64\www\event\system\CodeIgniter.php(914): App\Controllers\UserWSController->userRegistration()
#1 C:\wamp64\www\event\system\CodeIgniter.php(400): CodeIgniter\CodeIgniter->runController(Object(App\Controllers\UserWSController))
#2 C:\wamp64\www\event\system\CodeIgniter.php(308): CodeIgniter\CodeIgniter->handleRequest(NULL, Object(Config\Cache), false)
#3 C:\wamp64\www\event\index.php(45): CodeIgniter\CodeIgniter->run()
#4 {main}
CRITICAL - 2020-06-20 10:14:35 --> syntax error, unexpected '$userSaved' (T_VARIABLE)
#0 C:\wamp64\www\event\system\Autoloader\Autoloader.php(296): CodeIgniter\Autoloader\Autoloader->requireFile('C:\\wamp64\\www\\e...')
#1 C:\wamp64\www\event\system\Autoloader\Autoloader.php(258): CodeIgniter\Autoloader\Autoloader->loadInNamespace('App\\Controllers...')
#2 [internal function]: CodeIgniter\Autoloader\Autoloader->loadClass('App\\Controllers...')
#3 [internal function]: spl_autoload_call('App\\Controllers...')
#4 C:\wamp64\www\event\system\CodeIgniter.php(865): class_exists('\\App\\Controller...', true)
#5 C:\wamp64\www\event\system\CodeIgniter.php(390): CodeIgniter\CodeIgniter->startController()
#6 C:\wamp64\www\event\system\CodeIgniter.php(308): CodeIgniter\CodeIgniter->handleRequest(NULL, Object(Config\Cache), false)
#7 C:\wamp64\www\event\index.php(45): CodeIgniter\CodeIgniter->run()
#8 {main}
