CRITICAL - 2021-12-01 02:56:01 --> Class 'App\Controllers\DateTime' not found
#0 /home/wezmg/domains/wez.mg/public_html/services/system/CodeIgniter.php(914): App\Controllers\EventController->pageInfoEvent()
#1 /home/wezmg/domains/wez.mg/public_html/services/system/CodeIgniter.php(400): CodeIgniter\CodeIgniter->runController(Object(App\Controllers\EventController))
#2 /home/wezmg/domains/wez.mg/public_html/services/system/CodeIgniter.php(308): CodeIgniter\CodeIgniter->handleRequest(NULL, Object(Config\Cache), false)
#3 /home/wezmg/domains/wez.mg/public_html/services/index.php(45): CodeIgniter\CodeIgniter->run()
#4 {main}
CRITICAL - 2021-12-01 02:56:04 --> Class 'App\Controllers\DateTime' not found
#0 /home/wezmg/domains/wez.mg/public_html/services/system/CodeIgniter.php(914): App\Controllers\EventController->pageInfoEvent()
#1 /home/wezmg/domains/wez.mg/public_html/services/system/CodeIgniter.php(400): CodeIgniter\CodeIgniter->runController(Object(App\Controllers\EventController))
#2 /home/wezmg/domains/wez.mg/public_html/services/system/CodeIgniter.php(308): CodeIgniter\CodeIgniter->handleRequest(NULL, Object(Config\Cache), false)
#3 /home/wezmg/domains/wez.mg/public_html/services/index.php(45): CodeIgniter\CodeIgniter->run()
#4 {main}
CRITICAL - 2021-12-01 03:01:29 --> Cannot add or update a child row: a foreign key constraint fails (`wezmg_wezdb`.`token`, CONSTRAINT `token_ibfk_1` FOREIGN KEY (`idUser`) REFERENCES `user` (`idUser`) ON DELETE CASCADE)
#0 /home/wezmg/domains/wez.mg/public_html/services/system/Database/MySQLi/Connection.php(331): mysqli->query('INSERT INTO `to...')
#1 /home/wezmg/domains/wez.mg/public_html/services/system/Database/BaseConnection.php(738): CodeIgniter\Database\MySQLi\Connection->execute('INSERT INTO `to...')
#2 /home/wezmg/domains/wez.mg/public_html/services/system/Database/BaseConnection.php(666): CodeIgniter\Database\BaseConnection->simpleQuery('INSERT INTO `to...')
#3 /home/wezmg/domains/wez.mg/public_html/services/system/Database/BaseBuilder.php(2234): CodeIgniter\Database\BaseConnection->query('INSERT INTO `to...', Array, false)
#4 /home/wezmg/domains/wez.mg/public_html/services/system/Model.php(729): CodeIgniter\Database\BaseBuilder->insert()
#5 /home/wezmg/domains/wez.mg/public_html/services/system/Model.php(557): CodeIgniter\Model->insert(Array, false)
#6 /home/wezmg/domains/wez.mg/public_html/services/app/Models/TokenModel.php(26): CodeIgniter\Model->save(Object(App\Entities\Token))
#7 /home/wezmg/domains/wez.mg/public_html/services/app/Controllers/TokenWSController.php(22): App\Models\TokenModel->saveToken(Object(App\Entities\Token))
#8 /home/wezmg/domains/wez.mg/public_html/services/system/CodeIgniter.php(914): App\Controllers\TokenWSController->saveToken()
#9 /home/wezmg/domains/wez.mg/public_html/services/system/CodeIgniter.php(400): CodeIgniter\CodeIgniter->runController(Object(App\Controllers\TokenWSController))
#10 /home/wezmg/domains/wez.mg/public_html/services/system/CodeIgniter.php(308): CodeIgniter\CodeIgniter->handleRequest(NULL, Object(Config\Cache), false)
#11 /home/wezmg/domains/wez.mg/public_html/services/index.php(45): CodeIgniter\CodeIgniter->run()
#12 {main}
CRITICAL - 2021-12-01 03:30:02 --> Cannot add or update a child row: a foreign key constraint fails (`wezmg_wezdb`.`commentevent`, CONSTRAINT `lienEventComment` FOREIGN KEY (`idEvent`) REFERENCES `event` (`idEvent`) ON DELETE CASCADE ON UPDATE CASCADE)
#0 /home/wezmg/domains/wez.mg/public_html/services/system/Database/MySQLi/Connection.php(331): mysqli->query('INSERT INTO `co...')
#1 /home/wezmg/domains/wez.mg/public_html/services/system/Database/BaseConnection.php(738): CodeIgniter\Database\MySQLi\Connection->execute('INSERT INTO `co...')
#2 /home/wezmg/domains/wez.mg/public_html/services/system/Database/BaseConnection.php(666): CodeIgniter\Database\BaseConnection->simpleQuery('INSERT INTO `co...')
#3 /home/wezmg/domains/wez.mg/public_html/services/system/Database/BaseBuilder.php(2234): CodeIgniter\Database\BaseConnection->query('INSERT INTO `co...', Array, false)
#4 /home/wezmg/domains/wez.mg/public_html/services/system/Model.php(729): CodeIgniter\Database\BaseBuilder->insert()
#5 /home/wezmg/domains/wez.mg/public_html/services/system/Model.php(557): CodeIgniter\Model->insert(Array, false)
#6 /home/wezmg/domains/wez.mg/public_html/services/app/Models/CommentEventModel.php(28): CodeIgniter\Model->save(Object(App\Entities\CommentEvent))
#7 /home/wezmg/domains/wez.mg/public_html/services/app/Controllers/EventController.php(73): App\Models\CommentEventModel->saveComm(Object(App\Entities\CommentEvent))
#8 /home/wezmg/domains/wez.mg/public_html/services/system/CodeIgniter.php(914): App\Controllers\EventController->eventUpdateState()
#9 /home/wezmg/domains/wez.mg/public_html/services/system/CodeIgniter.php(400): CodeIgniter\CodeIgniter->runController(Object(App\Controllers\EventController))
#10 /home/wezmg/domains/wez.mg/public_html/services/system/CodeIgniter.php(308): CodeIgniter\CodeIgniter->handleRequest(NULL, Object(Config\Cache), false)
#11 /home/wezmg/domains/wez.mg/public_html/services/index.php(45): CodeIgniter\CodeIgniter->run()
#12 {main}
CRITICAL - 2021-12-01 03:46:34 --> Cannot add or update a child row: a foreign key constraint fails (`wezmg_wezdb`.`token`, CONSTRAINT `token_ibfk_1` FOREIGN KEY (`idUser`) REFERENCES `user` (`idUser`) ON DELETE CASCADE)
#0 /home/wezmg/domains/wez.mg/public_html/services/system/Database/MySQLi/Connection.php(331): mysqli->query('INSERT INTO `to...')
#1 /home/wezmg/domains/wez.mg/public_html/services/system/Database/BaseConnection.php(738): CodeIgniter\Database\MySQLi\Connection->execute('INSERT INTO `to...')
#2 /home/wezmg/domains/wez.mg/public_html/services/system/Database/BaseConnection.php(666): CodeIgniter\Database\BaseConnection->simpleQuery('INSERT INTO `to...')
#3 /home/wezmg/domains/wez.mg/public_html/services/system/Database/BaseBuilder.php(2234): CodeIgniter\Database\BaseConnection->query('INSERT INTO `to...', Array, false)
#4 /home/wezmg/domains/wez.mg/public_html/services/system/Model.php(729): CodeIgniter\Database\BaseBuilder->insert()
#5 /home/wezmg/domains/wez.mg/public_html/services/system/Model.php(557): CodeIgniter\Model->insert(Array, false)
#6 /home/wezmg/domains/wez.mg/public_html/services/app/Models/TokenModel.php(26): CodeIgniter\Model->save(Object(App\Entities\Token))
#7 /home/wezmg/domains/wez.mg/public_html/services/app/Controllers/TokenWSController.php(22): App\Models\TokenModel->saveToken(Object(App\Entities\Token))
#8 /home/wezmg/domains/wez.mg/public_html/services/system/CodeIgniter.php(914): App\Controllers\TokenWSController->saveToken()
#9 /home/wezmg/domains/wez.mg/public_html/services/system/CodeIgniter.php(400): CodeIgniter\CodeIgniter->runController(Object(App\Controllers\TokenWSController))
#10 /home/wezmg/domains/wez.mg/public_html/services/system/CodeIgniter.php(308): CodeIgniter\CodeIgniter->handleRequest(NULL, Object(Config\Cache), false)
#11 /home/wezmg/domains/wez.mg/public_html/services/index.php(45): CodeIgniter\CodeIgniter->run()
#12 {main}
CRITICAL - 2021-12-01 05:24:17 --> Cannot add or update a child row: a foreign key constraint fails (`wezmg_wezdb`.`token`, CONSTRAINT `token_ibfk_1` FOREIGN KEY (`idUser`) REFERENCES `user` (`idUser`) ON DELETE CASCADE)
#0 /home/wezmg/domains/wez.mg/public_html/services/system/Database/MySQLi/Connection.php(331): mysqli->query('INSERT INTO `to...')
#1 /home/wezmg/domains/wez.mg/public_html/services/system/Database/BaseConnection.php(738): CodeIgniter\Database\MySQLi\Connection->execute('INSERT INTO `to...')
#2 /home/wezmg/domains/wez.mg/public_html/services/system/Database/BaseConnection.php(666): CodeIgniter\Database\BaseConnection->simpleQuery('INSERT INTO `to...')
#3 /home/wezmg/domains/wez.mg/public_html/services/system/Database/BaseBuilder.php(2234): CodeIgniter\Database\BaseConnection->query('INSERT INTO `to...', Array, false)
#4 /home/wezmg/domains/wez.mg/public_html/services/system/Model.php(729): CodeIgniter\Database\BaseBuilder->insert()
#5 /home/wezmg/domains/wez.mg/public_html/services/system/Model.php(557): CodeIgniter\Model->insert(Array, false)
#6 /home/wezmg/domains/wez.mg/public_html/services/app/Models/TokenModel.php(26): CodeIgniter\Model->save(Object(App\Entities\Token))
#7 /home/wezmg/domains/wez.mg/public_html/services/app/Controllers/TokenWSController.php(22): App\Models\TokenModel->saveToken(Object(App\Entities\Token))
#8 /home/wezmg/domains/wez.mg/public_html/services/system/CodeIgniter.php(914): App\Controllers\TokenWSController->saveToken()
#9 /home/wezmg/domains/wez.mg/public_html/services/system/CodeIgniter.php(400): CodeIgniter\CodeIgniter->runController(Object(App\Controllers\TokenWSController))
#10 /home/wezmg/domains/wez.mg/public_html/services/system/CodeIgniter.php(308): CodeIgniter\CodeIgniter->handleRequest(NULL, Object(Config\Cache), false)
#11 /home/wezmg/domains/wez.mg/public_html/services/index.php(45): CodeIgniter\CodeIgniter->run()
#12 {main}
CRITICAL - 2021-12-01 05:47:53 --> Cannot add or update a child row: a foreign key constraint fails (`wezmg_wezdb`.`token`, CONSTRAINT `token_ibfk_1` FOREIGN KEY (`idUser`) REFERENCES `user` (`idUser`) ON DELETE CASCADE)
#0 /home/wezmg/domains/wez.mg/public_html/services/system/Database/MySQLi/Connection.php(331): mysqli->query('INSERT INTO `to...')
#1 /home/wezmg/domains/wez.mg/public_html/services/system/Database/BaseConnection.php(738): CodeIgniter\Database\MySQLi\Connection->execute('INSERT INTO `to...')
#2 /home/wezmg/domains/wez.mg/public_html/services/system/Database/BaseConnection.php(666): CodeIgniter\Database\BaseConnection->simpleQuery('INSERT INTO `to...')
#3 /home/wezmg/domains/wez.mg/public_html/services/system/Database/BaseBuilder.php(2234): CodeIgniter\Database\BaseConnection->query('INSERT INTO `to...', Array, false)
#4 /home/wezmg/domains/wez.mg/public_html/services/system/Model.php(729): CodeIgniter\Database\BaseBuilder->insert()
#5 /home/wezmg/domains/wez.mg/public_html/services/system/Model.php(557): CodeIgniter\Model->insert(Array, false)
#6 /home/wezmg/domains/wez.mg/public_html/services/app/Models/TokenModel.php(26): CodeIgniter\Model->save(Object(App\Entities\Token))
#7 /home/wezmg/domains/wez.mg/public_html/services/app/Controllers/TokenWSController.php(22): App\Models\TokenModel->saveToken(Object(App\Entities\Token))
#8 /home/wezmg/domains/wez.mg/public_html/services/system/CodeIgniter.php(914): App\Controllers\TokenWSController->saveToken()
#9 /home/wezmg/domains/wez.mg/public_html/services/system/CodeIgniter.php(400): CodeIgniter\CodeIgniter->runController(Object(App\Controllers\TokenWSController))
#10 /home/wezmg/domains/wez.mg/public_html/services/system/CodeIgniter.php(308): CodeIgniter\CodeIgniter->handleRequest(NULL, Object(Config\Cache), false)
#11 /home/wezmg/domains/wez.mg/public_html/services/index.php(45): CodeIgniter\CodeIgniter->run()
#12 {main}
CRITICAL - 2021-12-01 06:07:46 --> Cannot add or update a child row: a foreign key constraint fails (`wezmg_wezdb`.`token`, CONSTRAINT `token_ibfk_1` FOREIGN KEY (`idUser`) REFERENCES `user` (`idUser`) ON DELETE CASCADE)
#0 /home/wezmg/domains/wez.mg/public_html/services/system/Database/MySQLi/Connection.php(331): mysqli->query('INSERT INTO `to...')
#1 /home/wezmg/domains/wez.mg/public_html/services/system/Database/BaseConnection.php(738): CodeIgniter\Database\MySQLi\Connection->execute('INSERT INTO `to...')
#2 /home/wezmg/domains/wez.mg/public_html/services/system/Database/BaseConnection.php(666): CodeIgniter\Database\BaseConnection->simpleQuery('INSERT INTO `to...')
#3 /home/wezmg/domains/wez.mg/public_html/services/system/Database/BaseBuilder.php(2234): CodeIgniter\Database\BaseConnection->query('INSERT INTO `to...', Array, false)
#4 /home/wezmg/domains/wez.mg/public_html/services/system/Model.php(729): CodeIgniter\Database\BaseBuilder->insert()
#5 /home/wezmg/domains/wez.mg/public_html/services/system/Model.php(557): CodeIgniter\Model->insert(Array, false)
#6 /home/wezmg/domains/wez.mg/public_html/services/app/Models/TokenModel.php(26): CodeIgniter\Model->save(Object(App\Entities\Token))
#7 /home/wezmg/domains/wez.mg/public_html/services/app/Controllers/TokenWSController.php(22): App\Models\TokenModel->saveToken(Object(App\Entities\Token))
#8 /home/wezmg/domains/wez.mg/public_html/services/system/CodeIgniter.php(914): App\Controllers\TokenWSController->saveToken()
#9 /home/wezmg/domains/wez.mg/public_html/services/system/CodeIgniter.php(400): CodeIgniter\CodeIgniter->runController(Object(App\Controllers\TokenWSController))
#10 /home/wezmg/domains/wez.mg/public_html/services/system/CodeIgniter.php(308): CodeIgniter\CodeIgniter->handleRequest(NULL, Object(Config\Cache), false)
#11 /home/wezmg/domains/wez.mg/public_html/services/index.php(45): CodeIgniter\CodeIgniter->run()
#12 {main}
CRITICAL - 2021-12-01 08:19:54 --> Cannot add or update a child row: a foreign key constraint fails (`wezmg_wezdb`.`token`, CONSTRAINT `token_ibfk_1` FOREIGN KEY (`idUser`) REFERENCES `user` (`idUser`) ON DELETE CASCADE)
#0 /home/wezmg/domains/wez.mg/public_html/services/system/Database/MySQLi/Connection.php(331): mysqli->query('INSERT INTO `to...')
#1 /home/wezmg/domains/wez.mg/public_html/services/system/Database/BaseConnection.php(738): CodeIgniter\Database\MySQLi\Connection->execute('INSERT INTO `to...')
#2 /home/wezmg/domains/wez.mg/public_html/services/system/Database/BaseConnection.php(666): CodeIgniter\Database\BaseConnection->simpleQuery('INSERT INTO `to...')
#3 /home/wezmg/domains/wez.mg/public_html/services/system/Database/BaseBuilder.php(2234): CodeIgniter\Database\BaseConnection->query('INSERT INTO `to...', Array, false)
#4 /home/wezmg/domains/wez.mg/public_html/services/system/Model.php(729): CodeIgniter\Database\BaseBuilder->insert()
#5 /home/wezmg/domains/wez.mg/public_html/services/system/Model.php(557): CodeIgniter\Model->insert(Array, false)
#6 /home/wezmg/domains/wez.mg/public_html/services/app/Models/TokenModel.php(26): CodeIgniter\Model->save(Object(App\Entities\Token))
#7 /home/wezmg/domains/wez.mg/public_html/services/app/Controllers/TokenWSController.php(22): App\Models\TokenModel->saveToken(Object(App\Entities\Token))
#8 /home/wezmg/domains/wez.mg/public_html/services/system/CodeIgniter.php(914): App\Controllers\TokenWSController->saveToken()
#9 /home/wezmg/domains/wez.mg/public_html/services/system/CodeIgniter.php(400): CodeIgniter\CodeIgniter->runController(Object(App\Controllers\TokenWSController))
#10 /home/wezmg/domains/wez.mg/public_html/services/system/CodeIgniter.php(308): CodeIgniter\CodeIgniter->handleRequest(NULL, Object(Config\Cache), false)
#11 /home/wezmg/domains/wez.mg/public_html/services/index.php(45): CodeIgniter\CodeIgniter->run()
#12 {main}
CRITICAL - 2021-12-01 08:26:02 --> Cannot add or update a child row: a foreign key constraint fails (`wezmg_wezdb`.`token`, CONSTRAINT `token_ibfk_1` FOREIGN KEY (`idUser`) REFERENCES `user` (`idUser`) ON DELETE CASCADE)
#0 /home/wezmg/domains/wez.mg/public_html/services/system/Database/MySQLi/Connection.php(331): mysqli->query('INSERT INTO `to...')
#1 /home/wezmg/domains/wez.mg/public_html/services/system/Database/BaseConnection.php(738): CodeIgniter\Database\MySQLi\Connection->execute('INSERT INTO `to...')
#2 /home/wezmg/domains/wez.mg/public_html/services/system/Database/BaseConnection.php(666): CodeIgniter\Database\BaseConnection->simpleQuery('INSERT INTO `to...')
#3 /home/wezmg/domains/wez.mg/public_html/services/system/Database/BaseBuilder.php(2234): CodeIgniter\Database\BaseConnection->query('INSERT INTO `to...', Array, false)
#4 /home/wezmg/domains/wez.mg/public_html/services/system/Model.php(729): CodeIgniter\Database\BaseBuilder->insert()
#5 /home/wezmg/domains/wez.mg/public_html/services/system/Model.php(557): CodeIgniter\Model->insert(Array, false)
#6 /home/wezmg/domains/wez.mg/public_html/services/app/Models/TokenModel.php(26): CodeIgniter\Model->save(Object(App\Entities\Token))
#7 /home/wezmg/domains/wez.mg/public_html/services/app/Controllers/TokenWSController.php(22): App\Models\TokenModel->saveToken(Object(App\Entities\Token))
#8 /home/wezmg/domains/wez.mg/public_html/services/system/CodeIgniter.php(914): App\Controllers\TokenWSController->saveToken()
#9 /home/wezmg/domains/wez.mg/public_html/services/system/CodeIgniter.php(400): CodeIgniter\CodeIgniter->runController(Object(App\Controllers\TokenWSController))
#10 /home/wezmg/domains/wez.mg/public_html/services/system/CodeIgniter.php(308): CodeIgniter\CodeIgniter->handleRequest(NULL, Object(Config\Cache), false)
#11 /home/wezmg/domains/wez.mg/public_html/services/index.php(45): CodeIgniter\CodeIgniter->run()
#12 {main}
CRITICAL - 2021-12-01 08:27:17 --> Cannot add or update a child row: a foreign key constraint fails (`wezmg_wezdb`.`token`, CONSTRAINT `token_ibfk_1` FOREIGN KEY (`idUser`) REFERENCES `user` (`idUser`) ON DELETE CASCADE)
#0 /home/wezmg/domains/wez.mg/public_html/services/system/Database/MySQLi/Connection.php(331): mysqli->query('INSERT INTO `to...')
#1 /home/wezmg/domains/wez.mg/public_html/services/system/Database/BaseConnection.php(738): CodeIgniter\Database\MySQLi\Connection->execute('INSERT INTO `to...')
#2 /home/wezmg/domains/wez.mg/public_html/services/system/Database/BaseConnection.php(666): CodeIgniter\Database\BaseConnection->simpleQuery('INSERT INTO `to...')
#3 /home/wezmg/domains/wez.mg/public_html/services/system/Database/BaseBuilder.php(2234): CodeIgniter\Database\BaseConnection->query('INSERT INTO `to...', Array, false)
#4 /home/wezmg/domains/wez.mg/public_html/services/system/Model.php(729): CodeIgniter\Database\BaseBuilder->insert()
#5 /home/wezmg/domains/wez.mg/public_html/services/system/Model.php(557): CodeIgniter\Model->insert(Array, false)
#6 /home/wezmg/domains/wez.mg/public_html/services/app/Models/TokenModel.php(26): CodeIgniter\Model->save(Object(App\Entities\Token))
#7 /home/wezmg/domains/wez.mg/public_html/services/app/Controllers/TokenWSController.php(22): App\Models\TokenModel->saveToken(Object(App\Entities\Token))
#8 /home/wezmg/domains/wez.mg/public_html/services/system/CodeIgniter.php(914): App\Controllers\TokenWSController->saveToken()
#9 /home/wezmg/domains/wez.mg/public_html/services/system/CodeIgniter.php(400): CodeIgniter\CodeIgniter->runController(Object(App\Controllers\TokenWSController))
#10 /home/wezmg/domains/wez.mg/public_html/services/system/CodeIgniter.php(308): CodeIgniter\CodeIgniter->handleRequest(NULL, Object(Config\Cache), false)
#11 /home/wezmg/domains/wez.mg/public_html/services/index.php(45): CodeIgniter\CodeIgniter->run()
#12 {main}
CRITICAL - 2021-12-01 08:35:59 --> Cannot add or update a child row: a foreign key constraint fails (`wezmg_wezdb`.`token`, CONSTRAINT `token_ibfk_1` FOREIGN KEY (`idUser`) REFERENCES `user` (`idUser`) ON DELETE CASCADE)
#0 /home/wezmg/domains/wez.mg/public_html/services/system/Database/MySQLi/Connection.php(331): mysqli->query('INSERT INTO `to...')
#1 /home/wezmg/domains/wez.mg/public_html/services/system/Database/BaseConnection.php(738): CodeIgniter\Database\MySQLi\Connection->execute('INSERT INTO `to...')
#2 /home/wezmg/domains/wez.mg/public_html/services/system/Database/BaseConnection.php(666): CodeIgniter\Database\BaseConnection->simpleQuery('INSERT INTO `to...')
#3 /home/wezmg/domains/wez.mg/public_html/services/system/Database/BaseBuilder.php(2234): CodeIgniter\Database\BaseConnection->query('INSERT INTO `to...', Array, false)
#4 /home/wezmg/domains/wez.mg/public_html/services/system/Model.php(729): CodeIgniter\Database\BaseBuilder->insert()
#5 /home/wezmg/domains/wez.mg/public_html/services/system/Model.php(557): CodeIgniter\Model->insert(Array, false)
#6 /home/wezmg/domains/wez.mg/public_html/services/app/Models/TokenModel.php(26): CodeIgniter\Model->save(Object(App\Entities\Token))
#7 /home/wezmg/domains/wez.mg/public_html/services/app/Controllers/TokenWSController.php(22): App\Models\TokenModel->saveToken(Object(App\Entities\Token))
#8 /home/wezmg/domains/wez.mg/public_html/services/system/CodeIgniter.php(914): App\Controllers\TokenWSController->saveToken()
#9 /home/wezmg/domains/wez.mg/public_html/services/system/CodeIgniter.php(400): CodeIgniter\CodeIgniter->runController(Object(App\Controllers\TokenWSController))
#10 /home/wezmg/domains/wez.mg/public_html/services/system/CodeIgniter.php(308): CodeIgniter\CodeIgniter->handleRequest(NULL, Object(Config\Cache), false)
#11 /home/wezmg/domains/wez.mg/public_html/services/index.php(45): CodeIgniter\CodeIgniter->run()
#12 {main}
CRITICAL - 2021-12-01 08:43:06 --> Cannot add or update a child row: a foreign key constraint fails (`wezmg_wezdb`.`token`, CONSTRAINT `token_ibfk_1` FOREIGN KEY (`idUser`) REFERENCES `user` (`idUser`) ON DELETE CASCADE)
#0 /home/wezmg/domains/wez.mg/public_html/services/system/Database/MySQLi/Connection.php(331): mysqli->query('INSERT INTO `to...')
#1 /home/wezmg/domains/wez.mg/public_html/services/system/Database/BaseConnection.php(738): CodeIgniter\Database\MySQLi\Connection->execute('INSERT INTO `to...')
#2 /home/wezmg/domains/wez.mg/public_html/services/system/Database/BaseConnection.php(666): CodeIgniter\Database\BaseConnection->simpleQuery('INSERT INTO `to...')
#3 /home/wezmg/domains/wez.mg/public_html/services/system/Database/BaseBuilder.php(2234): CodeIgniter\Database\BaseConnection->query('INSERT INTO `to...', Array, false)
#4 /home/wezmg/domains/wez.mg/public_html/services/system/Model.php(729): CodeIgniter\Database\BaseBuilder->insert()
#5 /home/wezmg/domains/wez.mg/public_html/services/system/Model.php(557): CodeIgniter\Model->insert(Array, false)
#6 /home/wezmg/domains/wez.mg/public_html/services/app/Models/TokenModel.php(26): CodeIgniter\Model->save(Object(App\Entities\Token))
#7 /home/wezmg/domains/wez.mg/public_html/services/app/Controllers/TokenWSController.php(22): App\Models\TokenModel->saveToken(Object(App\Entities\Token))
#8 /home/wezmg/domains/wez.mg/public_html/services/system/CodeIgniter.php(914): App\Controllers\TokenWSController->saveToken()
#9 /home/wezmg/domains/wez.mg/public_html/services/system/CodeIgniter.php(400): CodeIgniter\CodeIgniter->runController(Object(App\Controllers\TokenWSController))
#10 /home/wezmg/domains/wez.mg/public_html/services/system/CodeIgniter.php(308): CodeIgniter\CodeIgniter->handleRequest(NULL, Object(Config\Cache), false)
#11 /home/wezmg/domains/wez.mg/public_html/services/index.php(45): CodeIgniter\CodeIgniter->run()
#12 {main}
CRITICAL - 2021-12-01 08:44:03 --> Cannot add or update a child row: a foreign key constraint fails (`wezmg_wezdb`.`token`, CONSTRAINT `token_ibfk_1` FOREIGN KEY (`idUser`) REFERENCES `user` (`idUser`) ON DELETE CASCADE)
#0 /home/wezmg/domains/wez.mg/public_html/services/system/Database/MySQLi/Connection.php(331): mysqli->query('INSERT INTO `to...')
#1 /home/wezmg/domains/wez.mg/public_html/services/system/Database/BaseConnection.php(738): CodeIgniter\Database\MySQLi\Connection->execute('INSERT INTO `to...')
#2 /home/wezmg/domains/wez.mg/public_html/services/system/Database/BaseConnection.php(666): CodeIgniter\Database\BaseConnection->simpleQuery('INSERT INTO `to...')
#3 /home/wezmg/domains/wez.mg/public_html/services/system/Database/BaseBuilder.php(2234): CodeIgniter\Database\BaseConnection->query('INSERT INTO `to...', Array, false)
#4 /home/wezmg/domains/wez.mg/public_html/services/system/Model.php(729): CodeIgniter\Database\BaseBuilder->insert()
#5 /home/wezmg/domains/wez.mg/public_html/services/system/Model.php(557): CodeIgniter\Model->insert(Array, false)
#6 /home/wezmg/domains/wez.mg/public_html/services/app/Models/TokenModel.php(26): CodeIgniter\Model->save(Object(App\Entities\Token))
#7 /home/wezmg/domains/wez.mg/public_html/services/app/Controllers/TokenWSController.php(22): App\Models\TokenModel->saveToken(Object(App\Entities\Token))
#8 /home/wezmg/domains/wez.mg/public_html/services/system/CodeIgniter.php(914): App\Controllers\TokenWSController->saveToken()
#9 /home/wezmg/domains/wez.mg/public_html/services/system/CodeIgniter.php(400): CodeIgniter\CodeIgniter->runController(Object(App\Controllers\TokenWSController))
#10 /home/wezmg/domains/wez.mg/public_html/services/system/CodeIgniter.php(308): CodeIgniter\CodeIgniter->handleRequest(NULL, Object(Config\Cache), false)
#11 /home/wezmg/domains/wez.mg/public_html/services/index.php(45): CodeIgniter\CodeIgniter->run()
#12 {main}
CRITICAL - 2021-12-01 08:44:42 --> Cannot add or update a child row: a foreign key constraint fails (`wezmg_wezdb`.`token`, CONSTRAINT `token_ibfk_1` FOREIGN KEY (`idUser`) REFERENCES `user` (`idUser`) ON DELETE CASCADE)
#0 /home/wezmg/domains/wez.mg/public_html/services/system/Database/MySQLi/Connection.php(331): mysqli->query('INSERT INTO `to...')
#1 /home/wezmg/domains/wez.mg/public_html/services/system/Database/BaseConnection.php(738): CodeIgniter\Database\MySQLi\Connection->execute('INSERT INTO `to...')
#2 /home/wezmg/domains/wez.mg/public_html/services/system/Database/BaseConnection.php(666): CodeIgniter\Database\BaseConnection->simpleQuery('INSERT INTO `to...')
#3 /home/wezmg/domains/wez.mg/public_html/services/system/Database/BaseBuilder.php(2234): CodeIgniter\Database\BaseConnection->query('INSERT INTO `to...', Array, false)
#4 /home/wezmg/domains/wez.mg/public_html/services/system/Model.php(729): CodeIgniter\Database\BaseBuilder->insert()
#5 /home/wezmg/domains/wez.mg/public_html/services/system/Model.php(557): CodeIgniter\Model->insert(Array, false)
#6 /home/wezmg/domains/wez.mg/public_html/services/app/Models/TokenModel.php(26): CodeIgniter\Model->save(Object(App\Entities\Token))
#7 /home/wezmg/domains/wez.mg/public_html/services/app/Controllers/TokenWSController.php(22): App\Models\TokenModel->saveToken(Object(App\Entities\Token))
#8 /home/wezmg/domains/wez.mg/public_html/services/system/CodeIgniter.php(914): App\Controllers\TokenWSController->saveToken()
#9 /home/wezmg/domains/wez.mg/public_html/services/system/CodeIgniter.php(400): CodeIgniter\CodeIgniter->runController(Object(App\Controllers\TokenWSController))
#10 /home/wezmg/domains/wez.mg/public_html/services/system/CodeIgniter.php(308): CodeIgniter\CodeIgniter->handleRequest(NULL, Object(Config\Cache), false)
#11 /home/wezmg/domains/wez.mg/public_html/services/index.php(45): CodeIgniter\CodeIgniter->run()
#12 {main}
CRITICAL - 2021-12-01 09:11:56 --> Cannot add or update a child row: a foreign key constraint fails (`wezmg_wezdb`.`token`, CONSTRAINT `token_ibfk_1` FOREIGN KEY (`idUser`) REFERENCES `user` (`idUser`) ON DELETE CASCADE)
#0 /home/wezmg/domains/wez.mg/public_html/services/system/Database/MySQLi/Connection.php(331): mysqli->query('INSERT INTO `to...')
#1 /home/wezmg/domains/wez.mg/public_html/services/system/Database/BaseConnection.php(738): CodeIgniter\Database\MySQLi\Connection->execute('INSERT INTO `to...')
#2 /home/wezmg/domains/wez.mg/public_html/services/system/Database/BaseConnection.php(666): CodeIgniter\Database\BaseConnection->simpleQuery('INSERT INTO `to...')
#3 /home/wezmg/domains/wez.mg/public_html/services/system/Database/BaseBuilder.php(2234): CodeIgniter\Database\BaseConnection->query('INSERT INTO `to...', Array, false)
#4 /home/wezmg/domains/wez.mg/public_html/services/system/Model.php(729): CodeIgniter\Database\BaseBuilder->insert()
#5 /home/wezmg/domains/wez.mg/public_html/services/system/Model.php(557): CodeIgniter\Model->insert(Array, false)
#6 /home/wezmg/domains/wez.mg/public_html/services/app/Models/TokenModel.php(26): CodeIgniter\Model->save(Object(App\Entities\Token))
#7 /home/wezmg/domains/wez.mg/public_html/services/app/Controllers/TokenWSController.php(22): App\Models\TokenModel->saveToken(Object(App\Entities\Token))
#8 /home/wezmg/domains/wez.mg/public_html/services/system/CodeIgniter.php(914): App\Controllers\TokenWSController->saveToken()
#9 /home/wezmg/domains/wez.mg/public_html/services/system/CodeIgniter.php(400): CodeIgniter\CodeIgniter->runController(Object(App\Controllers\TokenWSController))
#10 /home/wezmg/domains/wez.mg/public_html/services/system/CodeIgniter.php(308): CodeIgniter\CodeIgniter->handleRequest(NULL, Object(Config\Cache), false)
#11 /home/wezmg/domains/wez.mg/public_html/services/index.php(45): CodeIgniter\CodeIgniter->run()
#12 {main}
CRITICAL - 2021-12-01 10:50:22 --> Cannot add or update a child row: a foreign key constraint fails (`wezmg_wezdb`.`token`, CONSTRAINT `token_ibfk_1` FOREIGN KEY (`idUser`) REFERENCES `user` (`idUser`) ON DELETE CASCADE)
#0 /home/wezmg/domains/wez.mg/public_html/services/system/Database/MySQLi/Connection.php(331): mysqli->query('INSERT INTO `to...')
#1 /home/wezmg/domains/wez.mg/public_html/services/system/Database/BaseConnection.php(738): CodeIgniter\Database\MySQLi\Connection->execute('INSERT INTO `to...')
#2 /home/wezmg/domains/wez.mg/public_html/services/system/Database/BaseConnection.php(666): CodeIgniter\Database\BaseConnection->simpleQuery('INSERT INTO `to...')
#3 /home/wezmg/domains/wez.mg/public_html/services/system/Database/BaseBuilder.php(2234): CodeIgniter\Database\BaseConnection->query('INSERT INTO `to...', Array, false)
#4 /home/wezmg/domains/wez.mg/public_html/services/system/Model.php(729): CodeIgniter\Database\BaseBuilder->insert()
#5 /home/wezmg/domains/wez.mg/public_html/services/system/Model.php(557): CodeIgniter\Model->insert(Array, false)
#6 /home/wezmg/domains/wez.mg/public_html/services/app/Models/TokenModel.php(26): CodeIgniter\Model->save(Object(App\Entities\Token))
#7 /home/wezmg/domains/wez.mg/public_html/services/app/Controllers/TokenWSController.php(22): App\Models\TokenModel->saveToken(Object(App\Entities\Token))
#8 /home/wezmg/domains/wez.mg/public_html/services/system/CodeIgniter.php(914): App\Controllers\TokenWSController->saveToken()
#9 /home/wezmg/domains/wez.mg/public_html/services/system/CodeIgniter.php(400): CodeIgniter\CodeIgniter->runController(Object(App\Controllers\TokenWSController))
#10 /home/wezmg/domains/wez.mg/public_html/services/system/CodeIgniter.php(308): CodeIgniter\CodeIgniter->handleRequest(NULL, Object(Config\Cache), false)
#11 /home/wezmg/domains/wez.mg/public_html/services/index.php(45): CodeIgniter\CodeIgniter->run()
#12 {main}
CRITICAL - 2021-12-01 10:50:34 --> Cannot add or update a child row: a foreign key constraint fails (`wezmg_wezdb`.`token`, CONSTRAINT `token_ibfk_1` FOREIGN KEY (`idUser`) REFERENCES `user` (`idUser`) ON DELETE CASCADE)
#0 /home/wezmg/domains/wez.mg/public_html/services/system/Database/MySQLi/Connection.php(331): mysqli->query('INSERT INTO `to...')
#1 /home/wezmg/domains/wez.mg/public_html/services/system/Database/BaseConnection.php(738): CodeIgniter\Database\MySQLi\Connection->execute('INSERT INTO `to...')
#2 /home/wezmg/domains/wez.mg/public_html/services/system/Database/BaseConnection.php(666): CodeIgniter\Database\BaseConnection->simpleQuery('INSERT INTO `to...')
#3 /home/wezmg/domains/wez.mg/public_html/services/system/Database/BaseBuilder.php(2234): CodeIgniter\Database\BaseConnection->query('INSERT INTO `to...', Array, false)
#4 /home/wezmg/domains/wez.mg/public_html/services/system/Model.php(729): CodeIgniter\Database\BaseBuilder->insert()
#5 /home/wezmg/domains/wez.mg/public_html/services/system/Model.php(557): CodeIgniter\Model->insert(Array, false)
#6 /home/wezmg/domains/wez.mg/public_html/services/app/Models/TokenModel.php(26): CodeIgniter\Model->save(Object(App\Entities\Token))
#7 /home/wezmg/domains/wez.mg/public_html/services/app/Controllers/TokenWSController.php(22): App\Models\TokenModel->saveToken(Object(App\Entities\Token))
#8 /home/wezmg/domains/wez.mg/public_html/services/system/CodeIgniter.php(914): App\Controllers\TokenWSController->saveToken()
#9 /home/wezmg/domains/wez.mg/public_html/services/system/CodeIgniter.php(400): CodeIgniter\CodeIgniter->runController(Object(App\Controllers\TokenWSController))
#10 /home/wezmg/domains/wez.mg/public_html/services/system/CodeIgniter.php(308): CodeIgniter\CodeIgniter->handleRequest(NULL, Object(Config\Cache), false)
#11 /home/wezmg/domains/wez.mg/public_html/services/index.php(45): CodeIgniter\CodeIgniter->run()
#12 {main}
CRITICAL - 2021-12-01 23:21:52 --> Cannot add or update a child row: a foreign key constraint fails (`wezmg_wezdb`.`token`, CONSTRAINT `token_ibfk_1` FOREIGN KEY (`idUser`) REFERENCES `user` (`idUser`) ON DELETE CASCADE)
#0 /home/wezmg/domains/wez.mg/public_html/services/system/Database/MySQLi/Connection.php(331): mysqli->query('INSERT INTO `to...')
#1 /home/wezmg/domains/wez.mg/public_html/services/system/Database/BaseConnection.php(738): CodeIgniter\Database\MySQLi\Connection->execute('INSERT INTO `to...')
#2 /home/wezmg/domains/wez.mg/public_html/services/system/Database/BaseConnection.php(666): CodeIgniter\Database\BaseConnection->simpleQuery('INSERT INTO `to...')
#3 /home/wezmg/domains/wez.mg/public_html/services/system/Database/BaseBuilder.php(2234): CodeIgniter\Database\BaseConnection->query('INSERT INTO `to...', Array, false)
#4 /home/wezmg/domains/wez.mg/public_html/services/system/Model.php(729): CodeIgniter\Database\BaseBuilder->insert()
#5 /home/wezmg/domains/wez.mg/public_html/services/system/Model.php(557): CodeIgniter\Model->insert(Array, false)
#6 /home/wezmg/domains/wez.mg/public_html/services/app/Models/TokenModel.php(26): CodeIgniter\Model->save(Object(App\Entities\Token))
#7 /home/wezmg/domains/wez.mg/public_html/services/app/Controllers/TokenWSController.php(22): App\Models\TokenModel->saveToken(Object(App\Entities\Token))
#8 /home/wezmg/domains/wez.mg/public_html/services/system/CodeIgniter.php(914): App\Controllers\TokenWSController->saveToken()
#9 /home/wezmg/domains/wez.mg/public_html/services/system/CodeIgniter.php(400): CodeIgniter\CodeIgniter->runController(Object(App\Controllers\TokenWSController))
#10 /home/wezmg/domains/wez.mg/public_html/services/system/CodeIgniter.php(308): CodeIgniter\CodeIgniter->handleRequest(NULL, Object(Config\Cache), false)
#11 /home/wezmg/domains/wez.mg/public_html/services/index.php(45): CodeIgniter\CodeIgniter->run()
#12 {main}
CRITICAL - 2021-12-01 23:23:51 --> Cannot add or update a child row: a foreign key constraint fails (`wezmg_wezdb`.`token`, CONSTRAINT `token_ibfk_1` FOREIGN KEY (`idUser`) REFERENCES `user` (`idUser`) ON DELETE CASCADE)
#0 /home/wezmg/domains/wez.mg/public_html/services/system/Database/MySQLi/Connection.php(331): mysqli->query('INSERT INTO `to...')
#1 /home/wezmg/domains/wez.mg/public_html/services/system/Database/BaseConnection.php(738): CodeIgniter\Database\MySQLi\Connection->execute('INSERT INTO `to...')
#2 /home/wezmg/domains/wez.mg/public_html/services/system/Database/BaseConnection.php(666): CodeIgniter\Database\BaseConnection->simpleQuery('INSERT INTO `to...')
#3 /home/wezmg/domains/wez.mg/public_html/services/system/Database/BaseBuilder.php(2234): CodeIgniter\Database\BaseConnection->query('INSERT INTO `to...', Array, false)
#4 /home/wezmg/domains/wez.mg/public_html/services/system/Model.php(729): CodeIgniter\Database\BaseBuilder->insert()
#5 /home/wezmg/domains/wez.mg/public_html/services/system/Model.php(557): CodeIgniter\Model->insert(Array, false)
#6 /home/wezmg/domains/wez.mg/public_html/services/app/Models/TokenModel.php(26): CodeIgniter\Model->save(Object(App\Entities\Token))
#7 /home/wezmg/domains/wez.mg/public_html/services/app/Controllers/TokenWSController.php(22): App\Models\TokenModel->saveToken(Object(App\Entities\Token))
#8 /home/wezmg/domains/wez.mg/public_html/services/system/CodeIgniter.php(914): App\Controllers\TokenWSController->saveToken()
#9 /home/wezmg/domains/wez.mg/public_html/services/system/CodeIgniter.php(400): CodeIgniter\CodeIgniter->runController(Object(App\Controllers\TokenWSController))
#10 /home/wezmg/domains/wez.mg/public_html/services/system/CodeIgniter.php(308): CodeIgniter\CodeIgniter->handleRequest(NULL, Object(Config\Cache), false)
#11 /home/wezmg/domains/wez.mg/public_html/services/index.php(45): CodeIgniter\CodeIgniter->run()
#12 {main}
