CRITICAL - 2022-10-03 12:16:11 --> Duplicate entry '' for key 'login'
#0 /home/wezmg/domains/wez.mg/public_html/system/Database/MySQLi/Connection.php(331): mysqli->query('UPDATE `user` S...')
#1 /home/wezmg/domains/wez.mg/public_html/system/Database/BaseConnection.php(738): CodeIgniter\Database\MySQLi\Connection->execute('UPDATE `user` S...')
#2 /home/wezmg/domains/wez.mg/public_html/system/Database/BaseConnection.php(666): CodeIgniter\Database\BaseConnection->simpleQuery('UPDATE `user` S...')
#3 /home/wezmg/domains/wez.mg/public_html/system/Database/BaseBuilder.php(2441): CodeIgniter\Database\BaseConnection->query('UPDATE `user` S...', Array, false)
#4 /home/wezmg/domains/wez.mg/public_html/system/Model.php(864): CodeIgniter\Database\BaseBuilder->update()
#5 /home/wezmg/domains/wez.mg/public_html/app/Models/UserModel.php(224): CodeIgniter\Model->update(NULL, Array)
#6 /home/wezmg/domains/wez.mg/public_html/app/Controllers/UserWSController.php(211): App\Models\UserModel->updateUser(NULL, Object(App\Entities\User))
#7 /home/wezmg/domains/wez.mg/public_html/system/CodeIgniter.php(914): App\Controllers\UserWSController->updateUser()
#8 /home/wezmg/domains/wez.mg/public_html/system/CodeIgniter.php(400): CodeIgniter\CodeIgniter->runController(Object(App\Controllers\UserWSController))
#9 /home/wezmg/domains/wez.mg/public_html/system/CodeIgniter.php(308): CodeIgniter\CodeIgniter->handleRequest(NULL, Object(Config\Cache), false)
#10 /home/wezmg/domains/wez.mg/public_html/index.php(45): CodeIgniter\CodeIgniter->run()
#11 {main}
CRITICAL - 2022-10-03 12:16:47 --> Duplicate entry '' for key 'login'
#0 /home/wezmg/domains/wez.mg/public_html/system/Database/MySQLi/Connection.php(331): mysqli->query('UPDATE `user` S...')
#1 /home/wezmg/domains/wez.mg/public_html/system/Database/BaseConnection.php(738): CodeIgniter\Database\MySQLi\Connection->execute('UPDATE `user` S...')
#2 /home/wezmg/domains/wez.mg/public_html/system/Database/BaseConnection.php(666): CodeIgniter\Database\BaseConnection->simpleQuery('UPDATE `user` S...')
#3 /home/wezmg/domains/wez.mg/public_html/system/Database/BaseBuilder.php(2441): CodeIgniter\Database\BaseConnection->query('UPDATE `user` S...', Array, false)
#4 /home/wezmg/domains/wez.mg/public_html/system/Model.php(864): CodeIgniter\Database\BaseBuilder->update()
#5 /home/wezmg/domains/wez.mg/public_html/app/Models/UserModel.php(224): CodeIgniter\Model->update(NULL, Array)
#6 /home/wezmg/domains/wez.mg/public_html/app/Controllers/UserWSController.php(211): App\Models\UserModel->updateUser(NULL, Object(App\Entities\User))
#7 /home/wezmg/domains/wez.mg/public_html/system/CodeIgniter.php(914): App\Controllers\UserWSController->updateUser()
#8 /home/wezmg/domains/wez.mg/public_html/system/CodeIgniter.php(400): CodeIgniter\CodeIgniter->runController(Object(App\Controllers\UserWSController))
#9 /home/wezmg/domains/wez.mg/public_html/system/CodeIgniter.php(308): CodeIgniter\CodeIgniter->handleRequest(NULL, Object(Config\Cache), false)
#10 /home/wezmg/domains/wez.mg/public_html/index.php(45): CodeIgniter\CodeIgniter->run()
#11 {main}
CRITICAL - 2022-10-03 12:20:39 --> Duplicate entry '' for key 'login'
#0 /home/wezmg/domains/wez.mg/public_html/system/Database/MySQLi/Connection.php(331): mysqli->query('UPDATE `user` S...')
#1 /home/wezmg/domains/wez.mg/public_html/system/Database/BaseConnection.php(738): CodeIgniter\Database\MySQLi\Connection->execute('UPDATE `user` S...')
#2 /home/wezmg/domains/wez.mg/public_html/system/Database/BaseConnection.php(666): CodeIgniter\Database\BaseConnection->simpleQuery('UPDATE `user` S...')
#3 /home/wezmg/domains/wez.mg/public_html/system/Database/BaseBuilder.php(2441): CodeIgniter\Database\BaseConnection->query('UPDATE `user` S...', Array, false)
#4 /home/wezmg/domains/wez.mg/public_html/system/Model.php(864): CodeIgniter\Database\BaseBuilder->update()
#5 /home/wezmg/domains/wez.mg/public_html/app/Models/UserModel.php(224): CodeIgniter\Model->update(NULL, Array)
#6 /home/wezmg/domains/wez.mg/public_html/app/Controllers/UserWSController.php(211): App\Models\UserModel->updateUser(NULL, Object(App\Entities\User))
#7 /home/wezmg/domains/wez.mg/public_html/system/CodeIgniter.php(914): App\Controllers\UserWSController->updateUser()
#8 /home/wezmg/domains/wez.mg/public_html/system/CodeIgniter.php(400): CodeIgniter\CodeIgniter->runController(Object(App\Controllers\UserWSController))
#9 /home/wezmg/domains/wez.mg/public_html/system/CodeIgniter.php(308): CodeIgniter\CodeIgniter->handleRequest(NULL, Object(Config\Cache), false)
#10 /home/wezmg/domains/wez.mg/public_html/index.php(45): CodeIgniter\CodeIgniter->run()
#11 {main}
CRITICAL - 2022-10-03 13:29:10 --> syntax error, unexpected '->' (T_OBJECT_OPERATOR)
#0 /home/wezmg/domains/wez.mg/public_html/system/Autoloader/Autoloader.php(296): CodeIgniter\Autoloader\Autoloader->requireFile('/home/wezmg/dom...')
#1 /home/wezmg/domains/wez.mg/public_html/system/Autoloader/Autoloader.php(258): CodeIgniter\Autoloader\Autoloader->loadInNamespace('App\\Controllers...')
#2 [internal function]: CodeIgniter\Autoloader\Autoloader->loadClass('App\\Controllers...')
#3 [internal function]: spl_autoload_call('App\\Controllers...')
#4 /home/wezmg/domains/wez.mg/public_html/system/CodeIgniter.php(865): class_exists('\\App\\Controller...', true)
#5 /home/wezmg/domains/wez.mg/public_html/system/CodeIgniter.php(390): CodeIgniter\CodeIgniter->startController()
#6 /home/wezmg/domains/wez.mg/public_html/system/CodeIgniter.php(308): CodeIgniter\CodeIgniter->handleRequest(NULL, Object(Config\Cache), false)
#7 /home/wezmg/domains/wez.mg/public_html/index.php(45): CodeIgniter\CodeIgniter->run()
#8 {main}
CRITICAL - 2022-10-03 13:34:50 --> syntax error, unexpected '$userModel' (T_VARIABLE)
#0 /home/wezmg/domains/wez.mg/public_html/system/Autoloader/Autoloader.php(296): CodeIgniter\Autoloader\Autoloader->requireFile('/home/wezmg/dom...')
#1 /home/wezmg/domains/wez.mg/public_html/system/Autoloader/Autoloader.php(258): CodeIgniter\Autoloader\Autoloader->loadInNamespace('App\\Controllers...')
#2 [internal function]: CodeIgniter\Autoloader\Autoloader->loadClass('App\\Controllers...')
#3 [internal function]: spl_autoload_call('App\\Controllers...')
#4 /home/wezmg/domains/wez.mg/public_html/system/CodeIgniter.php(865): class_exists('\\App\\Controller...', true)
#5 /home/wezmg/domains/wez.mg/public_html/system/CodeIgniter.php(390): CodeIgniter\CodeIgniter->startController()
#6 /home/wezmg/domains/wez.mg/public_html/system/CodeIgniter.php(308): CodeIgniter\CodeIgniter->handleRequest(NULL, Object(Config\Cache), false)
#7 /home/wezmg/domains/wez.mg/public_html/index.php(45): CodeIgniter\CodeIgniter->run()
#8 {main}
