CRITICAL - 2020-06-17 01:32:39 --> syntax error, unexpected 'public' (T_PUBLIC)
#0 C:\wamp64\www\event\system\Autoloader\Autoloader.php(296): CodeIgniter\Autoloader\Autoloader->requireFile('C:\\wamp64\\www\\e...')
#1 C:\wamp64\www\event\system\Autoloader\Autoloader.php(258): CodeIgniter\Autoloader\Autoloader->loadInNamespace('App\\Controllers...')
#2 [internal function]: CodeIgniter\Autoloader\Autoloader->loadClass('App\\Controllers...')
#3 [internal function]: spl_autoload_call('App\\Controllers...')
#4 C:\wamp64\www\event\system\CodeIgniter.php(865): class_exists('\\App\\Controller...', true)
#5 C:\wamp64\www\event\system\CodeIgniter.php(390): CodeIgniter\CodeIgniter->startController()
#6 C:\wamp64\www\event\system\CodeIgniter.php(308): CodeIgniter\CodeIgniter->handleRequest(NULL, Object(Config\Cache), false)
#7 C:\wamp64\www\event\index.php(45): CodeIgniter\CodeIgniter->run()
#8 {main}
CRITICAL - 2020-06-17 02:38:17 --> Argument 2 passed to view() must be of the type array, null given, called in C:\wamp64\www\event\app\Controllers\OrganizerController.php on line 117
#0 C:\wamp64\www\event\app\Controllers\OrganizerController.php(117): view('evenement_liste', NULL)
#1 C:\wamp64\www\event\system\CodeIgniter.php(914): App\Controllers\OrganizerController->save()
#2 C:\wamp64\www\event\system\CodeIgniter.php(400): CodeIgniter\CodeIgniter->runController(Object(App\Controllers\OrganizerController))
#3 C:\wamp64\www\event\system\CodeIgniter.php(308): CodeIgniter\CodeIgniter->handleRequest(NULL, Object(Config\Cache), false)
#4 C:\wamp64\www\event\index.php(45): CodeIgniter\CodeIgniter->run()
#5 {main}
CRITICAL - 2020-06-17 04:13:23 --> Argument 2 passed to view() must be of the type array, null given, called in C:\wamp64\www\event\app\Controllers\OrganizerController.php on line 94
#0 C:\wamp64\www\event\app\Controllers\OrganizerController.php(94): view('organisateur_aj...', NULL)
#1 C:\wamp64\www\event\system\CodeIgniter.php(914): App\Controllers\OrganizerController->updateOrganizer()
#2 C:\wamp64\www\event\system\CodeIgniter.php(400): CodeIgniter\CodeIgniter->runController(Object(App\Controllers\OrganizerController))
#3 C:\wamp64\www\event\system\CodeIgniter.php(308): CodeIgniter\CodeIgniter->handleRequest(NULL, Object(Config\Cache), false)
#4 C:\wamp64\www\event\index.php(45): CodeIgniter\CodeIgniter->run()
#5 {main}
CRITICAL - 2020-06-17 06:49:04 --> Call to undefined method App\Models\EventModel::getById
#0 C:\wamp64\www\event\app\Controllers\EventController.php(118): CodeIgniter\Model->__call('getById', Array)
#1 C:\wamp64\www\event\system\CodeIgniter.php(914): App\Controllers\EventController->update()
#2 C:\wamp64\www\event\system\CodeIgniter.php(400): CodeIgniter\CodeIgniter->runController(Object(App\Controllers\EventController))
#3 C:\wamp64\www\event\system\CodeIgniter.php(308): CodeIgniter\CodeIgniter->handleRequest(NULL, Object(Config\Cache), false)
#4 C:\wamp64\www\event\index.php(45): CodeIgniter\CodeIgniter->run()
#5 {main}
CRITICAL - 2020-06-17 07:51:02 --> syntax error, unexpected ''true"'' (T_CONSTANT_ENCAPSED_STRING), expecting ',' or ';'
#0 C:\wamp64\www\event\system\Common.php(1087): CodeIgniter\View\View->render('evenement_ajout', Array, true)
#1 C:\wamp64\www\event\app\Controllers\EventController.php(37): view('evenement_ajout', Array)
#2 C:\wamp64\www\event\app\Controllers\EventController.php(119): App\Controllers\EventController->ajout()
#3 C:\wamp64\www\event\system\CodeIgniter.php(914): App\Controllers\EventController->update()
#4 C:\wamp64\www\event\system\CodeIgniter.php(400): CodeIgniter\CodeIgniter->runController(Object(App\Controllers\EventController))
#5 C:\wamp64\www\event\system\CodeIgniter.php(308): CodeIgniter\CodeIgniter->handleRequest(NULL, Object(Config\Cache), false)
#6 C:\wamp64\www\event\index.php(45): CodeIgniter\CodeIgniter->run()
#7 {main}
CRITICAL - 2020-06-17 07:51:19 --> syntax error, unexpected ''true"'' (T_CONSTANT_ENCAPSED_STRING), expecting ',' or ';'
#0 C:\wamp64\www\event\system\Common.php(1087): CodeIgniter\View\View->render('evenement_ajout', Array, true)
#1 C:\wamp64\www\event\app\Controllers\EventController.php(37): view('evenement_ajout', Array)
#2 C:\wamp64\www\event\app\Controllers\EventController.php(119): App\Controllers\EventController->ajout()
#3 C:\wamp64\www\event\system\CodeIgniter.php(914): App\Controllers\EventController->update()
#4 C:\wamp64\www\event\system\CodeIgniter.php(400): CodeIgniter\CodeIgniter->runController(Object(App\Controllers\EventController))
#5 C:\wamp64\www\event\system\CodeIgniter.php(308): CodeIgniter\CodeIgniter->handleRequest(NULL, Object(Config\Cache), false)
#6 C:\wamp64\www\event\index.php(45): CodeIgniter\CodeIgniter->run()
#7 {main}
CRITICAL - 2020-06-17 07:52:10 --> syntax error, unexpected ''true"'' (T_CONSTANT_ENCAPSED_STRING), expecting ',' or ';'
#0 C:\wamp64\www\event\system\Common.php(1087): CodeIgniter\View\View->render('evenement_ajout', Array, true)
#1 C:\wamp64\www\event\app\Controllers\EventController.php(37): view('evenement_ajout', Array)
#2 C:\wamp64\www\event\app\Controllers\EventController.php(119): App\Controllers\EventController->ajout()
#3 C:\wamp64\www\event\system\CodeIgniter.php(914): App\Controllers\EventController->update()
#4 C:\wamp64\www\event\system\CodeIgniter.php(400): CodeIgniter\CodeIgniter->runController(Object(App\Controllers\EventController))
#5 C:\wamp64\www\event\system\CodeIgniter.php(308): CodeIgniter\CodeIgniter->handleRequest(NULL, Object(Config\Cache), false)
#6 C:\wamp64\www\event\index.php(45): CodeIgniter\CodeIgniter->run()
#7 {main}
CRITICAL - 2020-06-17 07:55:13 --> Object of class stdClass could not be converted to string
#0 C:\wamp64\www\event\app\Controllers\EventController.php(119): CodeIgniter\Debug\Exceptions->errorHandler(4096, 'Object of class...', 'C:\\wamp64\\www\\e...', 119, Array)
#1 C:\wamp64\www\event\system\CodeIgniter.php(914): App\Controllers\EventController->update()
#2 C:\wamp64\www\event\system\CodeIgniter.php(400): CodeIgniter\CodeIgniter->runController(Object(App\Controllers\EventController))
#3 C:\wamp64\www\event\system\CodeIgniter.php(308): CodeIgniter\CodeIgniter->handleRequest(NULL, Object(Config\Cache), false)
#4 C:\wamp64\www\event\index.php(45): CodeIgniter\CodeIgniter->run()
#5 {main}
