CRITICAL - 2021-11-09 01:26:34 --> Table 'wezmg_wezdb.eventsffcomment' doesn't exist
#0 /home/wezmg/domains/wez.mg/public_html/services/system/Database/MySQLi/Connection.php(331): mysqli->query('SELECT *\nFROM `...')
#1 /home/wezmg/domains/wez.mg/public_html/services/system/Database/BaseConnection.php(738): CodeIgniter\Database\MySQLi\Connection->execute('SELECT *\nFROM `...')
#2 /home/wezmg/domains/wez.mg/public_html/services/system/Database/BaseConnection.php(666): CodeIgniter\Database\BaseConnection->simpleQuery('SELECT *\nFROM `...')
#3 /home/wezmg/domains/wez.mg/public_html/services/system/Database/BaseBuilder.php(1845): CodeIgniter\Database\BaseConnection->query('SELECT *\nFROM `...', Array, false)
#4 /home/wezmg/domains/wez.mg/public_html/services/system/Model.php(445): CodeIgniter\Database\BaseBuilder->get()
#5 /home/wezmg/domains/wez.mg/public_html/services/app/Models/EventCommentModel.php(15): CodeIgniter\Model->findAll()
#6 /home/wezmg/domains/wez.mg/public_html/services/app/Controllers/EventController.php(50): App\Models\EventCommentModel->eventCommentList()
#7 /home/wezmg/domains/wez.mg/public_html/services/system/CodeIgniter.php(914): App\Controllers\EventController->eventUpdateState()
#8 /home/wezmg/domains/wez.mg/public_html/services/system/CodeIgniter.php(400): CodeIgniter\CodeIgniter->runController(Object(App\Controllers\EventController))
#9 /home/wezmg/domains/wez.mg/public_html/services/system/CodeIgniter.php(308): CodeIgniter\CodeIgniter->handleRequest(NULL, Object(Config\Cache), false)
#10 /home/wezmg/domains/wez.mg/public_html/services/index.php(45): CodeIgniter\CodeIgniter->run()
#11 {main}
CRITICAL - 2021-11-09 02:26:41 --> Class 'App\Entities\CommentEvent' not found
#0 /home/wezmg/domains/wez.mg/public_html/services/system/CodeIgniter.php(914): App\Controllers\EventController->eventUpdateState()
#1 /home/wezmg/domains/wez.mg/public_html/services/system/CodeIgniter.php(400): CodeIgniter\CodeIgniter->runController(Object(App\Controllers\EventController))
#2 /home/wezmg/domains/wez.mg/public_html/services/system/CodeIgniter.php(308): CodeIgniter\CodeIgniter->handleRequest(NULL, Object(Config\Cache), false)
#3 /home/wezmg/domains/wez.mg/public_html/services/index.php(45): CodeIgniter\CodeIgniter->run()
#4 {main}
CRITICAL - 2021-11-09 02:32:10 --> Column 'datecomment' cannot be null
#0 /home/wezmg/domains/wez.mg/public_html/services/system/Database/MySQLi/Connection.php(331): mysqli->query('INSERT INTO `co...')
#1 /home/wezmg/domains/wez.mg/public_html/services/system/Database/BaseConnection.php(738): CodeIgniter\Database\MySQLi\Connection->execute('INSERT INTO `co...')
#2 /home/wezmg/domains/wez.mg/public_html/services/system/Database/BaseConnection.php(666): CodeIgniter\Database\BaseConnection->simpleQuery('INSERT INTO `co...')
#3 /home/wezmg/domains/wez.mg/public_html/services/system/Database/BaseBuilder.php(2234): CodeIgniter\Database\BaseConnection->query('INSERT INTO `co...', Array, false)
#4 /home/wezmg/domains/wez.mg/public_html/services/system/Model.php(729): CodeIgniter\Database\BaseBuilder->insert()
#5 /home/wezmg/domains/wez.mg/public_html/services/system/Model.php(557): CodeIgniter\Model->insert(Array, false)
#6 /home/wezmg/domains/wez.mg/public_html/services/app/Models/CommentEventModel.php(19): CodeIgniter\Model->save(Object(App\Entities\CommentEvent))
#7 /home/wezmg/domains/wez.mg/public_html/services/app/Controllers/EventController.php(47): App\Models\CommentEventModel->saveComm(Object(App\Entities\CommentEvent))
#8 /home/wezmg/domains/wez.mg/public_html/services/system/CodeIgniter.php(914): App\Controllers\EventController->eventUpdateState()
#9 /home/wezmg/domains/wez.mg/public_html/services/system/CodeIgniter.php(400): CodeIgniter\CodeIgniter->runController(Object(App\Controllers\EventController))
#10 /home/wezmg/domains/wez.mg/public_html/services/system/CodeIgniter.php(308): CodeIgniter\CodeIgniter->handleRequest(NULL, Object(Config\Cache), false)
#11 /home/wezmg/domains/wez.mg/public_html/services/index.php(45): CodeIgniter\CodeIgniter->run()
#12 {main}
CRITICAL - 2021-11-09 02:45:47 --> Cannot use object of type stdClass as array
#0 /home/wezmg/domains/wez.mg/public_html/services/system/View/View.php(246): include()
#1 /home/wezmg/domains/wez.mg/public_html/services/system/Common.php(1087): CodeIgniter\View\View->render('evenement_info', Array, true)
#2 /home/wezmg/domains/wez.mg/public_html/services/app/Controllers/EventController.php(1290): view('evenement_info', Array)
#3 /home/wezmg/domains/wez.mg/public_html/services/system/CodeIgniter.php(914): App\Controllers\EventController->pageInfoEvent()
#4 /home/wezmg/domains/wez.mg/public_html/services/system/CodeIgniter.php(400): CodeIgniter\CodeIgniter->runController(Object(App\Controllers\EventController))
#5 /home/wezmg/domains/wez.mg/public_html/services/system/CodeIgniter.php(308): CodeIgniter\CodeIgniter->handleRequest(NULL, Object(Config\Cache), false)
#6 /home/wezmg/domains/wez.mg/public_html/services/index.php(45): CodeIgniter\CodeIgniter->run()
#7 {main}
CRITICAL - 2021-11-09 03:14:42 --> Cannot add or update a child row: a foreign key constraint fails (`wezmg_wezdb`.`token`, CONSTRAINT `token_ibfk_1` FOREIGN KEY (`idUser`) REFERENCES `user` (`idUser`) ON DELETE CASCADE)
#0 /home/wezmg/domains/wez.mg/public_html/services/system/Database/MySQLi/Connection.php(331): mysqli->query('INSERT INTO `to...')
#1 /home/wezmg/domains/wez.mg/public_html/services/system/Database/BaseConnection.php(738): CodeIgniter\Database\MySQLi\Connection->execute('INSERT INTO `to...')
#2 /home/wezmg/domains/wez.mg/public_html/services/system/Database/BaseConnection.php(666): CodeIgniter\Database\BaseConnection->simpleQuery('INSERT INTO `to...')
#3 /home/wezmg/domains/wez.mg/public_html/services/system/Database/BaseBuilder.php(2234): CodeIgniter\Database\BaseConnection->query('INSERT INTO `to...', Array, false)
#4 /home/wezmg/domains/wez.mg/public_html/services/system/Model.php(729): CodeIgniter\Database\BaseBuilder->insert()
#5 /home/wezmg/domains/wez.mg/public_html/services/system/Model.php(557): CodeIgniter\Model->insert(Array, false)
#6 /home/wezmg/domains/wez.mg/public_html/services/app/Models/TokenModel.php(26): CodeIgniter\Model->save(Object(App\Entities\Token))
#7 /home/wezmg/domains/wez.mg/public_html/services/app/Controllers/TokenWSController.php(22): App\Models\TokenModel->saveToken(Object(App\Entities\Token))
#8 /home/wezmg/domains/wez.mg/public_html/services/system/CodeIgniter.php(914): App\Controllers\TokenWSController->saveToken()
#9 /home/wezmg/domains/wez.mg/public_html/services/system/CodeIgniter.php(400): CodeIgniter\CodeIgniter->runController(Object(App\Controllers\TokenWSController))
#10 /home/wezmg/domains/wez.mg/public_html/services/system/CodeIgniter.php(308): CodeIgniter\CodeIgniter->handleRequest(NULL, Object(Config\Cache), false)
#11 /home/wezmg/domains/wez.mg/public_html/services/index.php(45): CodeIgniter\CodeIgniter->run()
#12 {main}
CRITICAL - 2021-11-09 03:16:23 --> Cannot add or update a child row: a foreign key constraint fails (`wezmg_wezdb`.`token`, CONSTRAINT `token_ibfk_1` FOREIGN KEY (`idUser`) REFERENCES `user` (`idUser`) ON DELETE CASCADE)
#0 /home/wezmg/domains/wez.mg/public_html/services/system/Database/MySQLi/Connection.php(331): mysqli->query('INSERT INTO `to...')
#1 /home/wezmg/domains/wez.mg/public_html/services/system/Database/BaseConnection.php(738): CodeIgniter\Database\MySQLi\Connection->execute('INSERT INTO `to...')
#2 /home/wezmg/domains/wez.mg/public_html/services/system/Database/BaseConnection.php(666): CodeIgniter\Database\BaseConnection->simpleQuery('INSERT INTO `to...')
#3 /home/wezmg/domains/wez.mg/public_html/services/system/Database/BaseBuilder.php(2234): CodeIgniter\Database\BaseConnection->query('INSERT INTO `to...', Array, false)
#4 /home/wezmg/domains/wez.mg/public_html/services/system/Model.php(729): CodeIgniter\Database\BaseBuilder->insert()
#5 /home/wezmg/domains/wez.mg/public_html/services/system/Model.php(557): CodeIgniter\Model->insert(Array, false)
#6 /home/wezmg/domains/wez.mg/public_html/services/app/Models/TokenModel.php(26): CodeIgniter\Model->save(Object(App\Entities\Token))
#7 /home/wezmg/domains/wez.mg/public_html/services/app/Controllers/TokenWSController.php(22): App\Models\TokenModel->saveToken(Object(App\Entities\Token))
#8 /home/wezmg/domains/wez.mg/public_html/services/system/CodeIgniter.php(914): App\Controllers\TokenWSController->saveToken()
#9 /home/wezmg/domains/wez.mg/public_html/services/system/CodeIgniter.php(400): CodeIgniter\CodeIgniter->runController(Object(App\Controllers\TokenWSController))
#10 /home/wezmg/domains/wez.mg/public_html/services/system/CodeIgniter.php(308): CodeIgniter\CodeIgniter->handleRequest(NULL, Object(Config\Cache), false)
#11 /home/wezmg/domains/wez.mg/public_html/services/index.php(45): CodeIgniter\CodeIgniter->run()
#12 {main}
CRITICAL - 2021-11-09 05:44:36 --> Use of undefined constant firstCharacterN - assumed 'firstCharacterN' (this will throw an Error in a future version of PHP)
#0 /home/wezmg/domains/wez.mg/public_html/services/app/Views/evenement_info.php(188): CodeIgniter\Debug\Exceptions->errorHandler(2, 'Use of undefine...', '/home/wezmg/dom...', 188, Array)
#1 /home/wezmg/domains/wez.mg/public_html/services/system/View/View.php(246): include('/home/wezmg/dom...')
#2 /home/wezmg/domains/wez.mg/public_html/services/system/Common.php(1087): CodeIgniter\View\View->render('evenement_info', Array, true)
#3 /home/wezmg/domains/wez.mg/public_html/services/app/Controllers/EventController.php(1290): view('evenement_info', Array)
#4 /home/wezmg/domains/wez.mg/public_html/services/system/CodeIgniter.php(914): App\Controllers\EventController->pageInfoEvent()
#5 /home/wezmg/domains/wez.mg/public_html/services/system/CodeIgniter.php(400): CodeIgniter\CodeIgniter->runController(Object(App\Controllers\EventController))
#6 /home/wezmg/domains/wez.mg/public_html/services/system/CodeIgniter.php(308): CodeIgniter\CodeIgniter->handleRequest(NULL, Object(Config\Cache), false)
#7 /home/wezmg/domains/wez.mg/public_html/services/index.php(45): CodeIgniter\CodeIgniter->run()
#8 {main}
CRITICAL - 2021-11-09 07:27:41 --> Class 'EventController' not found
#0 /home/wezmg/domains/wez.mg/public_html/services/system/CodeIgniter.php(914): App\Controllers\UserController->listeAdminRefonte()
#1 /home/wezmg/domains/wez.mg/public_html/services/system/CodeIgniter.php(400): CodeIgniter\CodeIgniter->runController(Object(App\Controllers\UserController))
#2 /home/wezmg/domains/wez.mg/public_html/services/system/CodeIgniter.php(308): CodeIgniter\CodeIgniter->handleRequest(NULL, Object(Config\Cache), false)
#3 /home/wezmg/domains/wez.mg/public_html/services/index.php(45): CodeIgniter\CodeIgniter->run()
#4 {main}
CRITICAL - 2021-11-09 12:25:50 --> Class 'App\Models\EventModel' not found
#0 /home/wezmg/domains/wez.mg/public_html/services/system/CodeIgniter.php(914): App\Controllers\EventController->pageInfoEvent()
#1 /home/wezmg/domains/wez.mg/public_html/services/system/CodeIgniter.php(400): CodeIgniter\CodeIgniter->runController(Object(App\Controllers\EventController))
#2 /home/wezmg/domains/wez.mg/public_html/services/system/CodeIgniter.php(308): CodeIgniter\CodeIgniter->handleRequest(NULL, Object(Config\Cache), false)
#3 /home/wezmg/domains/wez.mg/public_html/services/index.php(45): CodeIgniter\CodeIgniter->run()
#4 {main}
CRITICAL - 2021-11-09 12:25:57 --> Class 'App\Models\EventModel' not found
#0 /home/wezmg/domains/wez.mg/public_html/services/app/Controllers/EventController.php(307): App\Controllers\EventController->getListEventByDetail(0, false)
#1 /home/wezmg/domains/wez.mg/public_html/services/system/CodeIgniter.php(914): App\Controllers\EventController->listeRefonte()
#2 /home/wezmg/domains/wez.mg/public_html/services/system/CodeIgniter.php(400): CodeIgniter\CodeIgniter->runController(Object(App\Controllers\EventController))
#3 /home/wezmg/domains/wez.mg/public_html/services/system/CodeIgniter.php(308): CodeIgniter\CodeIgniter->handleRequest(NULL, Object(Config\Cache), false)
#4 /home/wezmg/domains/wez.mg/public_html/services/index.php(45): CodeIgniter\CodeIgniter->run()
#5 {main}
CRITICAL - 2021-11-09 12:29:51 --> Class 'App\Models\EventModel' not found
#0 /home/wezmg/domains/wez.mg/public_html/services/app/Controllers/EventController.php(307): App\Controllers\EventController->getListEventByDetail(0, false)
#1 /home/wezmg/domains/wez.mg/public_html/services/system/CodeIgniter.php(914): App\Controllers\EventController->listeRefonte()
#2 /home/wezmg/domains/wez.mg/public_html/services/system/CodeIgniter.php(400): CodeIgniter\CodeIgniter->runController(Object(App\Controllers\EventController))
#3 /home/wezmg/domains/wez.mg/public_html/services/system/CodeIgniter.php(308): CodeIgniter\CodeIgniter->handleRequest(NULL, Object(Config\Cache), false)
#4 /home/wezmg/domains/wez.mg/public_html/services/index.php(45): CodeIgniter\CodeIgniter->run()
#5 {main}
CRITICAL - 2021-11-09 12:53:05 --> Call to a member function select() on null
#0 /home/wezmg/domains/wez.mg/public_html/services/app/Controllers/EventController.php(298): App\Models\EventModel->searchEventMulti('mai')
#1 /home/wezmg/domains/wez.mg/public_html/services/system/CodeIgniter.php(914): App\Controllers\EventController->eventSearchMulti()
#2 /home/wezmg/domains/wez.mg/public_html/services/system/CodeIgniter.php(400): CodeIgniter\CodeIgniter->runController(Object(App\Controllers\EventController))
#3 /home/wezmg/domains/wez.mg/public_html/services/system/CodeIgniter.php(308): CodeIgniter\CodeIgniter->handleRequest(NULL, Object(Config\Cache), false)
#4 /home/wezmg/domains/wez.mg/public_html/services/index.php(45): CodeIgniter\CodeIgniter->run()
#5 {main}
CRITICAL - 2021-11-09 12:53:36 --> Unknown column 'organizer.name' in 'field list'
#0 /home/wezmg/domains/wez.mg/public_html/services/system/Database/MySQLi/Connection.php(331): mysqli->query('SELECT `event`....')
#1 /home/wezmg/domains/wez.mg/public_html/services/system/Database/BaseConnection.php(738): CodeIgniter\Database\MySQLi\Connection->execute('SELECT `event`....')
#2 /home/wezmg/domains/wez.mg/public_html/services/system/Database/BaseConnection.php(666): CodeIgniter\Database\BaseConnection->simpleQuery('SELECT `event`....')
#3 /home/wezmg/domains/wez.mg/public_html/services/system/Database/BaseBuilder.php(1845): CodeIgniter\Database\BaseConnection->query('SELECT `event`....', Array, false)
#4 /home/wezmg/domains/wez.mg/public_html/services/app/Models/EventModel.php(52): CodeIgniter\Database\BaseBuilder->get()
#5 /home/wezmg/domains/wez.mg/public_html/services/app/Controllers/EventController.php(298): App\Models\EventModel->searchEventMulti('mai')
#6 /home/wezmg/domains/wez.mg/public_html/services/system/CodeIgniter.php(914): App\Controllers\EventController->eventSearchMulti()
#7 /home/wezmg/domains/wez.mg/public_html/services/system/CodeIgniter.php(400): CodeIgniter\CodeIgniter->runController(Object(App\Controllers\EventController))
#8 /home/wezmg/domains/wez.mg/public_html/services/system/CodeIgniter.php(308): CodeIgniter\CodeIgniter->handleRequest(NULL, Object(Config\Cache), false)
#9 /home/wezmg/domains/wez.mg/public_html/services/index.php(45): CodeIgniter\CodeIgniter->run()
#10 {main}
CRITICAL - 2021-11-09 12:58:25 --> Unknown column 'city.nameCity' in 'field list'
#0 /home/wezmg/domains/wez.mg/public_html/services/system/Database/MySQLi/Connection.php(331): mysqli->query('SELECT `event`....')
#1 /home/wezmg/domains/wez.mg/public_html/services/system/Database/BaseConnection.php(738): CodeIgniter\Database\MySQLi\Connection->execute('SELECT `event`....')
#2 /home/wezmg/domains/wez.mg/public_html/services/system/Database/BaseConnection.php(666): CodeIgniter\Database\BaseConnection->simpleQuery('SELECT `event`....')
#3 /home/wezmg/domains/wez.mg/public_html/services/system/Database/BaseBuilder.php(1845): CodeIgniter\Database\BaseConnection->query('SELECT `event`....', Array, false)
#4 /home/wezmg/domains/wez.mg/public_html/services/app/Models/EventModel.php(54): CodeIgniter\Database\BaseBuilder->get()
#5 /home/wezmg/domains/wez.mg/public_html/services/app/Controllers/EventController.php(298): App\Models\EventModel->searchEventMulti('mai')
#6 /home/wezmg/domains/wez.mg/public_html/services/system/CodeIgniter.php(914): App\Controllers\EventController->eventSearchMulti()
#7 /home/wezmg/domains/wez.mg/public_html/services/system/CodeIgniter.php(400): CodeIgniter\CodeIgniter->runController(Object(App\Controllers\EventController))
#8 /home/wezmg/domains/wez.mg/public_html/services/system/CodeIgniter.php(308): CodeIgniter\CodeIgniter->handleRequest(NULL, Object(Config\Cache), false)
#9 /home/wezmg/domains/wez.mg/public_html/services/index.php(45): CodeIgniter\CodeIgniter->run()
#10 {main}
CRITICAL - 2021-11-09 13:45:08 --> syntax error, unexpected '','' (T_CONSTANT_ENCAPSED_STRING), expecting ',' or ';'
#0 /home/wezmg/domains/wez.mg/public_html/services/system/Common.php(1087): CodeIgniter\View\View->render('evenement_liste...', Array, true)
#1 /home/wezmg/domains/wez.mg/public_html/services/app/Controllers/EventController.php(318): view('evenement_liste...', Array)
#2 /home/wezmg/domains/wez.mg/public_html/services/system/CodeIgniter.php(914): App\Controllers\EventController->listeRefonte()
#3 /home/wezmg/domains/wez.mg/public_html/services/system/CodeIgniter.php(400): CodeIgniter\CodeIgniter->runController(Object(App\Controllers\EventController))
#4 /home/wezmg/domains/wez.mg/public_html/services/system/CodeIgniter.php(308): CodeIgniter\CodeIgniter->handleRequest(NULL, Object(Config\Cache), false)
#5 /home/wezmg/domains/wez.mg/public_html/services/index.php(45): CodeIgniter\CodeIgniter->run()
#6 {main}
