CRITICAL - 2023-03-25 06:52:32 --> Call to undefined method CodeIgniter\Database\MySQLi\Connection::insert()
#0 /home/wezmg/domains/wez.mg/public_html/app/Controllers/EventController.php(332): App\Models\EventModel->saveEvent(Object(App\Entities\Event))
#1 /home/wezmg/domains/wez.mg/public_html/system/CodeIgniter.php(914): App\Controllers\EventController->saveRefont()
#2 /home/wezmg/domains/wez.mg/public_html/system/CodeIgniter.php(400): CodeIgniter\CodeIgniter->runController(Object(App\Controllers\EventController))
#3 /home/wezmg/domains/wez.mg/public_html/system/CodeIgniter.php(308): CodeIgniter\CodeIgniter->handleRequest(NULL, Object(Config\Cache), false)
#4 /home/wezmg/domains/wez.mg/public_html/index.php(45): CodeIgniter\CodeIgniter->run()
#5 {main}
CRITICAL - 2023-03-25 06:55:40 --> Call to undefined method CodeIgniter\Database\MySQLi\Connection::insert()
#0 /home/wezmg/domains/wez.mg/public_html/app/Controllers/EventController.php(332): App\Models\EventModel->saveEvent(Object(App\Entities\Event))
#1 /home/wezmg/domains/wez.mg/public_html/system/CodeIgniter.php(914): App\Controllers\EventController->saveRefont()
#2 /home/wezmg/domains/wez.mg/public_html/system/CodeIgniter.php(400): CodeIgniter\CodeIgniter->runController(Object(App\Controllers\EventController))
#3 /home/wezmg/domains/wez.mg/public_html/system/CodeIgniter.php(308): CodeIgniter\CodeIgniter->handleRequest(NULL, Object(Config\Cache), false)
#4 /home/wezmg/domains/wez.mg/public_html/index.php(45): CodeIgniter\CodeIgniter->run()
#5 {main}
CRITICAL - 2023-03-25 06:56:38 --> Call to a member function table() on null
#0 /home/wezmg/domains/wez.mg/public_html/app/Controllers/EventController.php(332): App\Models\EventModel->saveEvent(Object(App\Entities\Event))
#1 /home/wezmg/domains/wez.mg/public_html/system/CodeIgniter.php(914): App\Controllers\EventController->saveRefont()
#2 /home/wezmg/domains/wez.mg/public_html/system/CodeIgniter.php(400): CodeIgniter\CodeIgniter->runController(Object(App\Controllers\EventController))
#3 /home/wezmg/domains/wez.mg/public_html/system/CodeIgniter.php(308): CodeIgniter\CodeIgniter->handleRequest(NULL, Object(Config\Cache), false)
#4 /home/wezmg/domains/wez.mg/public_html/index.php(45): CodeIgniter\CodeIgniter->run()
#5 {main}
CRITICAL - 2023-03-25 06:57:56 --> Argument 1 passed to CodeIgniter\Database\BaseBuilder::insert() must be of the type array or null, object given, called in /home/wezmg/domains/wez.mg/public_html/app/Models/EventModel.php on line 171
#0 /home/wezmg/domains/wez.mg/public_html/app/Models/EventModel.php(171): CodeIgniter\Database\BaseBuilder->insert(Object(App\Entities\Event))
#1 /home/wezmg/domains/wez.mg/public_html/app/Controllers/EventController.php(332): App\Models\EventModel->saveEvent(Object(App\Entities\Event))
#2 /home/wezmg/domains/wez.mg/public_html/system/CodeIgniter.php(914): App\Controllers\EventController->saveRefont()
#3 /home/wezmg/domains/wez.mg/public_html/system/CodeIgniter.php(400): CodeIgniter\CodeIgniter->runController(Object(App\Controllers\EventController))
#4 /home/wezmg/domains/wez.mg/public_html/system/CodeIgniter.php(308): CodeIgniter\CodeIgniter->handleRequest(NULL, Object(Config\Cache), false)
#5 /home/wezmg/domains/wez.mg/public_html/index.php(45): CodeIgniter\CodeIgniter->run()
#6 {main}
CRITICAL - 2023-03-25 06:59:05 --> You have an error in your SQL syntax; check the manual that corresponds to your MariaDB server version for the right syntax to use near '' at line 1
#0 /home/wezmg/domains/wez.mg/public_html/system/Database/MySQLi/Connection.php(331): mysqli->query('INSERT INTO `ev...')
#1 /home/wezmg/domains/wez.mg/public_html/system/Database/BaseConnection.php(738): CodeIgniter\Database\MySQLi\Connection->execute('INSERT INTO `ev...')
#2 /home/wezmg/domains/wez.mg/public_html/system/Database/BaseConnection.php(666): CodeIgniter\Database\BaseConnection->simpleQuery('INSERT INTO `ev...')
#3 /home/wezmg/domains/wez.mg/public_html/system/Database/BaseBuilder.php(2234): CodeIgniter\Database\BaseConnection->query('INSERT INTO `ev...', Array, false)
#4 /home/wezmg/domains/wez.mg/public_html/app/Models/EventModel.php(171): CodeIgniter\Database\BaseBuilder->insert(Array)
#5 /home/wezmg/domains/wez.mg/public_html/app/Controllers/EventController.php(332): App\Models\EventModel->saveEvent(Object(App\Entities\Event))
#6 /home/wezmg/domains/wez.mg/public_html/system/CodeIgniter.php(914): App\Controllers\EventController->saveRefont()
#7 /home/wezmg/domains/wez.mg/public_html/system/CodeIgniter.php(400): CodeIgniter\CodeIgniter->runController(Object(App\Controllers\EventController))
#8 /home/wezmg/domains/wez.mg/public_html/system/CodeIgniter.php(308): CodeIgniter\CodeIgniter->handleRequest(NULL, Object(Config\Cache), false)
#9 /home/wezmg/domains/wez.mg/public_html/index.php(45): CodeIgniter\CodeIgniter->run()
#10 {main}
CRITICAL - 2023-03-25 07:01:27 --> You have an error in your SQL syntax; check the manual that corresponds to your MariaDB server version for the right syntax to use near '' at line 1
#0 /home/wezmg/domains/wez.mg/public_html/system/Database/MySQLi/Connection.php(331): mysqli->query('INSERT INTO `ev...')
#1 /home/wezmg/domains/wez.mg/public_html/system/Database/BaseConnection.php(738): CodeIgniter\Database\MySQLi\Connection->execute('INSERT INTO `ev...')
#2 /home/wezmg/domains/wez.mg/public_html/system/Database/BaseConnection.php(666): CodeIgniter\Database\BaseConnection->simpleQuery('INSERT INTO `ev...')
#3 /home/wezmg/domains/wez.mg/public_html/system/Database/BaseBuilder.php(2234): CodeIgniter\Database\BaseConnection->query('INSERT INTO `ev...', Array, false)
#4 /home/wezmg/domains/wez.mg/public_html/app/Models/EventModel.php(171): CodeIgniter\Database\BaseBuilder->insert(Array)
#5 /home/wezmg/domains/wez.mg/public_html/app/Controllers/EventController.php(332): App\Models\EventModel->saveEvent(Object(App\Entities\Event))
#6 /home/wezmg/domains/wez.mg/public_html/system/CodeIgniter.php(914): App\Controllers\EventController->saveRefont()
#7 /home/wezmg/domains/wez.mg/public_html/system/CodeIgniter.php(400): CodeIgniter\CodeIgniter->runController(Object(App\Controllers\EventController))
#8 /home/wezmg/domains/wez.mg/public_html/system/CodeIgniter.php(308): CodeIgniter\CodeIgniter->handleRequest(NULL, Object(Config\Cache), false)
#9 /home/wezmg/domains/wez.mg/public_html/index.php(45): CodeIgniter\CodeIgniter->run()
#10 {main}
CRITICAL - 2023-03-25 08:17:51 --> Column 'dateCreation' cannot be null
#0 /home/wezmg/domains/wez.mg/public_html/system/Database/MySQLi/Connection.php(331): mysqli->query('INSERT INTO `ev...')
#1 /home/wezmg/domains/wez.mg/public_html/system/Database/BaseConnection.php(738): CodeIgniter\Database\MySQLi\Connection->execute('INSERT INTO `ev...')
#2 /home/wezmg/domains/wez.mg/public_html/system/Database/BaseConnection.php(666): CodeIgniter\Database\BaseConnection->simpleQuery('INSERT INTO `ev...')
#3 /home/wezmg/domains/wez.mg/public_html/system/Database/BaseBuilder.php(2234): CodeIgniter\Database\BaseConnection->query('INSERT INTO `ev...', Array, false)
#4 /home/wezmg/domains/wez.mg/public_html/app/Models/EventModel.php(174): CodeIgniter\Database\BaseBuilder->insert(Array)
#5 /home/wezmg/domains/wez.mg/public_html/app/Controllers/EventController.php(332): App\Models\EventModel->saveEvent(Object(App\Entities\Event))
#6 /home/wezmg/domains/wez.mg/public_html/system/CodeIgniter.php(914): App\Controllers\EventController->saveRefont()
#7 /home/wezmg/domains/wez.mg/public_html/system/CodeIgniter.php(400): CodeIgniter\CodeIgniter->runController(Object(App\Controllers\EventController))
#8 /home/wezmg/domains/wez.mg/public_html/system/CodeIgniter.php(308): CodeIgniter\CodeIgniter->handleRequest(NULL, Object(Config\Cache), false)
#9 /home/wezmg/domains/wez.mg/public_html/index.php(45): CodeIgniter\CodeIgniter->run()
#10 {main}
CRITICAL - 2023-03-25 08:18:23 --> Call to undefined method CodeIgniter\Database\MySQLi\Builder::insert_id()
#0 /home/wezmg/domains/wez.mg/public_html/app/Controllers/EventController.php(332): App\Models\EventModel->saveEvent(Object(App\Entities\Event))
#1 /home/wezmg/domains/wez.mg/public_html/system/CodeIgniter.php(914): App\Controllers\EventController->saveRefont()
#2 /home/wezmg/domains/wez.mg/public_html/system/CodeIgniter.php(400): CodeIgniter\CodeIgniter->runController(Object(App\Controllers\EventController))
#3 /home/wezmg/domains/wez.mg/public_html/system/CodeIgniter.php(308): CodeIgniter\CodeIgniter->handleRequest(NULL, Object(Config\Cache), false)
#4 /home/wezmg/domains/wez.mg/public_html/index.php(45): CodeIgniter\CodeIgniter->run()
#5 {main}
CRITICAL - 2023-03-25 08:19:39 --> Call to undefined method CodeIgniter\Database\MySQLi\Builder::insertID()
#0 /home/wezmg/domains/wez.mg/public_html/app/Controllers/EventController.php(332): App\Models\EventModel->saveEvent(Object(App\Entities\Event))
#1 /home/wezmg/domains/wez.mg/public_html/system/CodeIgniter.php(914): App\Controllers\EventController->saveRefont()
#2 /home/wezmg/domains/wez.mg/public_html/system/CodeIgniter.php(400): CodeIgniter\CodeIgniter->runController(Object(App\Controllers\EventController))
#3 /home/wezmg/domains/wez.mg/public_html/system/CodeIgniter.php(308): CodeIgniter\CodeIgniter->handleRequest(NULL, Object(Config\Cache), false)
#4 /home/wezmg/domains/wez.mg/public_html/index.php(45): CodeIgniter\CodeIgniter->run()
#5 {main}
CRITICAL - 2023-03-25 08:44:39 --> syntax error, unexpected 'public' (T_PUBLIC), expecting end of file
#0 /home/wezmg/domains/wez.mg/public_html/system/Autoloader/Autoloader.php(296): CodeIgniter\Autoloader\Autoloader->requireFile('/home/wezmg/dom...')
#1 /home/wezmg/domains/wez.mg/public_html/system/Autoloader/Autoloader.php(258): CodeIgniter\Autoloader\Autoloader->loadInNamespace('App\\Controllers...')
#2 [internal function]: CodeIgniter\Autoloader\Autoloader->loadClass('App\\Controllers...')
#3 [internal function]: spl_autoload_call('App\\Controllers...')
#4 /home/wezmg/domains/wez.mg/public_html/system/CodeIgniter.php(865): class_exists('\\App\\Controller...', true)
#5 /home/wezmg/domains/wez.mg/public_html/system/CodeIgniter.php(390): CodeIgniter\CodeIgniter->startController()
#6 /home/wezmg/domains/wez.mg/public_html/system/CodeIgniter.php(308): CodeIgniter\CodeIgniter->handleRequest(NULL, Object(Config\Cache), false)
#7 /home/wezmg/domains/wez.mg/public_html/index.php(45): CodeIgniter\CodeIgniter->run()
#8 {main}
