CRITICAL - 2020-06-18 07:47:07 --> Use of undefined constant idE - assumed 'idE' (this will throw an Error in a future version of PHP)
#0 C:\wamp64\www\event\app\Views\evenement_liste.php(126): CodeIgniter\Debug\Exceptions->errorHandler(2, 'Use of undefine...', 'C:\\wamp64\\www\\e...', 126, Array)
#1 C:\wamp64\www\event\system\View\View.php(246): include('C:\\wamp64\\www\\e...')
#2 C:\wamp64\www\event\system\Common.php(1087): CodeIgniter\View\View->render('evenement_liste', Array, true)
#3 C:\wamp64\www\event\app\Controllers\EventController.php(25): view('evenement_liste', Array)
#4 C:\wamp64\www\event\system\CodeIgniter.php(914): App\Controllers\EventController->liste()
#5 C:\wamp64\www\event\system\CodeIgniter.php(400): CodeIgniter\CodeIgniter->runController(Object(App\Controllers\EventController))
#6 C:\wamp64\www\event\system\CodeIgniter.php(308): CodeIgniter\CodeIgniter->handleRequest(NULL, Object(Config\Cache), false)
#7 C:\wamp64\www\event\index.php(45): CodeIgniter\CodeIgniter->run()
#8 {main}
CRITICAL - 2020-06-18 07:53:23 --> syntax error, unexpected '";?>"' (T_CONSTANT_ENCAPSED_STRING), expecting ')'
#0 C:\wamp64\www\event\system\Common.php(1087): CodeIgniter\View\View->render('evenement_liste', Array, true)
#1 C:\wamp64\www\event\app\Controllers\EventController.php(25): view('evenement_liste', Array)
#2 C:\wamp64\www\event\system\CodeIgniter.php(914): App\Controllers\EventController->liste()
#3 C:\wamp64\www\event\system\CodeIgniter.php(400): CodeIgniter\CodeIgniter->runController(Object(App\Controllers\EventController))
#4 C:\wamp64\www\event\system\CodeIgniter.php(308): CodeIgniter\CodeIgniter->handleRequest(NULL, Object(Config\Cache), false)
#5 C:\wamp64\www\event\index.php(45): CodeIgniter\CodeIgniter->run()
#6 {main}
CRITICAL - 2020-06-18 07:53:35 --> syntax error, unexpected '";?>"' (T_CONSTANT_ENCAPSED_STRING), expecting ',' or ';'
#0 C:\wamp64\www\event\system\Common.php(1087): CodeIgniter\View\View->render('evenement_liste', Array, true)
#1 C:\wamp64\www\event\app\Controllers\EventController.php(25): view('evenement_liste', Array)
#2 C:\wamp64\www\event\system\CodeIgniter.php(914): App\Controllers\EventController->liste()
#3 C:\wamp64\www\event\system\CodeIgniter.php(400): CodeIgniter\CodeIgniter->runController(Object(App\Controllers\EventController))
#4 C:\wamp64\www\event\system\CodeIgniter.php(308): CodeIgniter\CodeIgniter->handleRequest(NULL, Object(Config\Cache), false)
#5 C:\wamp64\www\event\index.php(45): CodeIgniter\CodeIgniter->run()
#6 {main}
CRITICAL - 2020-06-18 07:59:15 --> syntax error, unexpected '";?>"' (T_CONSTANT_ENCAPSED_STRING), expecting ',' or ';'
#0 C:\wamp64\www\event\system\Common.php(1087): CodeIgniter\View\View->render('evenement_liste', Array, true)
#1 C:\wamp64\www\event\app\Controllers\EventController.php(25): view('evenement_liste', Array)
#2 C:\wamp64\www\event\system\CodeIgniter.php(914): App\Controllers\EventController->liste()
#3 C:\wamp64\www\event\system\CodeIgniter.php(400): CodeIgniter\CodeIgniter->runController(Object(App\Controllers\EventController))
#4 C:\wamp64\www\event\system\CodeIgniter.php(308): CodeIgniter\CodeIgniter->handleRequest(NULL, Object(Config\Cache), false)
#5 C:\wamp64\www\event\index.php(45): CodeIgniter\CodeIgniter->run()
#6 {main}
CRITICAL - 2020-06-18 08:09:04 --> Use of undefined constant idEv - assumed 'idEv' (this will throw an Error in a future version of PHP)
#0 C:\wamp64\www\event\app\Views\evenement_liste.php(127): CodeIgniter\Debug\Exceptions->errorHandler(2, 'Use of undefine...', 'C:\\wamp64\\www\\e...', 127, Array)
#1 C:\wamp64\www\event\system\View\View.php(246): include('C:\\wamp64\\www\\e...')
#2 C:\wamp64\www\event\system\Common.php(1087): CodeIgniter\View\View->render('evenement_liste', Array, true)
#3 C:\wamp64\www\event\app\Controllers\EventController.php(25): view('evenement_liste', Array)
#4 C:\wamp64\www\event\system\CodeIgniter.php(914): App\Controllers\EventController->liste()
#5 C:\wamp64\www\event\system\CodeIgniter.php(400): CodeIgniter\CodeIgniter->runController(Object(App\Controllers\EventController))
#6 C:\wamp64\www\event\system\CodeIgniter.php(308): CodeIgniter\CodeIgniter->handleRequest(NULL, Object(Config\Cache), false)
#7 C:\wamp64\www\event\index.php(45): CodeIgniter\CodeIgniter->run()
#8 {main}
CRITICAL - 2020-06-18 08:09:34 --> Use of undefined constant this - assumed 'this' (this will throw an Error in a future version of PHP)
#0 C:\wamp64\www\event\app\Views\evenement_liste.php(127): CodeIgniter\Debug\Exceptions->errorHandler(2, 'Use of undefine...', 'C:\\wamp64\\www\\e...', 127, Array)
#1 C:\wamp64\www\event\system\View\View.php(246): include('C:\\wamp64\\www\\e...')
#2 C:\wamp64\www\event\system\Common.php(1087): CodeIgniter\View\View->render('evenement_liste', Array, true)
#3 C:\wamp64\www\event\app\Controllers\EventController.php(25): view('evenement_liste', Array)
#4 C:\wamp64\www\event\system\CodeIgniter.php(914): App\Controllers\EventController->liste()
#5 C:\wamp64\www\event\system\CodeIgniter.php(400): CodeIgniter\CodeIgniter->runController(Object(App\Controllers\EventController))
#6 C:\wamp64\www\event\system\CodeIgniter.php(308): CodeIgniter\CodeIgniter->handleRequest(NULL, Object(Config\Cache), false)
#7 C:\wamp64\www\event\index.php(45): CodeIgniter\CodeIgniter->run()
#8 {main}
CRITICAL - 2020-06-18 08:10:24 --> Use of undefined constant ideve - assumed 'ideve' (this will throw an Error in a future version of PHP)
#0 C:\wamp64\www\event\app\Views\evenement_liste.php(128): CodeIgniter\Debug\Exceptions->errorHandler(2, 'Use of undefine...', 'C:\\wamp64\\www\\e...', 128, Array)
#1 C:\wamp64\www\event\system\View\View.php(246): include('C:\\wamp64\\www\\e...')
#2 C:\wamp64\www\event\system\Common.php(1087): CodeIgniter\View\View->render('evenement_liste', Array, true)
#3 C:\wamp64\www\event\app\Controllers\EventController.php(25): view('evenement_liste', Array)
#4 C:\wamp64\www\event\system\CodeIgniter.php(914): App\Controllers\EventController->liste()
#5 C:\wamp64\www\event\system\CodeIgniter.php(400): CodeIgniter\CodeIgniter->runController(Object(App\Controllers\EventController))
#6 C:\wamp64\www\event\system\CodeIgniter.php(308): CodeIgniter\CodeIgniter->handleRequest(NULL, Object(Config\Cache), false)
#7 C:\wamp64\www\event\index.php(45): CodeIgniter\CodeIgniter->run()
#8 {main}
CRITICAL - 2020-06-18 08:11:31 --> Use of undefined constant nCloneTd - assumed 'nCloneTd' (this will throw an Error in a future version of PHP)
#0 C:\wamp64\www\event\app\Views\evenement_liste.php(128): CodeIgniter\Debug\Exceptions->errorHandler(2, 'Use of undefine...', 'C:\\wamp64\\www\\e...', 128, Array)
#1 C:\wamp64\www\event\system\View\View.php(246): include('C:\\wamp64\\www\\e...')
#2 C:\wamp64\www\event\system\Common.php(1087): CodeIgniter\View\View->render('evenement_liste', Array, true)
#3 C:\wamp64\www\event\app\Controllers\EventController.php(25): view('evenement_liste', Array)
#4 C:\wamp64\www\event\system\CodeIgniter.php(914): App\Controllers\EventController->liste()
#5 C:\wamp64\www\event\system\CodeIgniter.php(400): CodeIgniter\CodeIgniter->runController(Object(App\Controllers\EventController))
#6 C:\wamp64\www\event\system\CodeIgniter.php(308): CodeIgniter\CodeIgniter->handleRequest(NULL, Object(Config\Cache), false)
#7 C:\wamp64\www\event\index.php(45): CodeIgniter\CodeIgniter->run()
#8 {main}
CRITICAL - 2020-06-18 08:15:18 --> syntax error, unexpected '2' (T_LNUMBER), expecting ')'
#0 C:\wamp64\www\event\system\Common.php(1087): CodeIgniter\View\View->render('evenement_liste', Array, true)
#1 C:\wamp64\www\event\app\Controllers\EventController.php(25): view('evenement_liste', Array)
#2 C:\wamp64\www\event\system\CodeIgniter.php(914): App\Controllers\EventController->liste()
#3 C:\wamp64\www\event\system\CodeIgniter.php(400): CodeIgniter\CodeIgniter->runController(Object(App\Controllers\EventController))
#4 C:\wamp64\www\event\system\CodeIgniter.php(308): CodeIgniter\CodeIgniter->handleRequest(NULL, Object(Config\Cache), false)
#5 C:\wamp64\www\event\index.php(45): CodeIgniter\CodeIgniter->run()
#6 {main}
CRITICAL - 2020-06-18 08:15:19 --> syntax error, unexpected '2' (T_LNUMBER), expecting ')'
#0 C:\wamp64\www\event\system\Common.php(1087): CodeIgniter\View\View->render('evenement_liste', Array, true)
#1 C:\wamp64\www\event\app\Controllers\EventController.php(25): view('evenement_liste', Array)
#2 C:\wamp64\www\event\system\CodeIgniter.php(914): App\Controllers\EventController->liste()
#3 C:\wamp64\www\event\system\CodeIgniter.php(400): CodeIgniter\CodeIgniter->runController(Object(App\Controllers\EventController))
#4 C:\wamp64\www\event\system\CodeIgniter.php(308): CodeIgniter\CodeIgniter->handleRequest(NULL, Object(Config\Cache), false)
#5 C:\wamp64\www\event\index.php(45): CodeIgniter\CodeIgniter->run()
#6 {main}
CRITICAL - 2020-06-18 08:15:19 --> syntax error, unexpected '2' (T_LNUMBER), expecting ')'
#0 C:\wamp64\www\event\system\Common.php(1087): CodeIgniter\View\View->render('evenement_liste', Array, true)
#1 C:\wamp64\www\event\app\Controllers\EventController.php(25): view('evenement_liste', Array)
#2 C:\wamp64\www\event\system\CodeIgniter.php(914): App\Controllers\EventController->liste()
#3 C:\wamp64\www\event\system\CodeIgniter.php(400): CodeIgniter\CodeIgniter->runController(Object(App\Controllers\EventController))
#4 C:\wamp64\www\event\system\CodeIgniter.php(308): CodeIgniter\CodeIgniter->handleRequest(NULL, Object(Config\Cache), false)
#5 C:\wamp64\www\event\index.php(45): CodeIgniter\CodeIgniter->run()
#6 {main}
CRITICAL - 2020-06-18 08:15:40 --> syntax error, unexpected 'idEv' (T_STRING), expecting ')'
#0 C:\wamp64\www\event\system\Common.php(1087): CodeIgniter\View\View->render('evenement_liste', Array, true)
#1 C:\wamp64\www\event\app\Controllers\EventController.php(25): view('evenement_liste', Array)
#2 C:\wamp64\www\event\system\CodeIgniter.php(914): App\Controllers\EventController->liste()
#3 C:\wamp64\www\event\system\CodeIgniter.php(400): CodeIgniter\CodeIgniter->runController(Object(App\Controllers\EventController))
#4 C:\wamp64\www\event\system\CodeIgniter.php(308): CodeIgniter\CodeIgniter->handleRequest(NULL, Object(Config\Cache), false)
#5 C:\wamp64\www\event\index.php(45): CodeIgniter\CodeIgniter->run()
#6 {main}
CRITICAL - 2020-06-18 08:15:41 --> syntax error, unexpected 'idEv' (T_STRING), expecting ')'
#0 C:\wamp64\www\event\system\Common.php(1087): CodeIgniter\View\View->render('evenement_liste', Array, true)
#1 C:\wamp64\www\event\app\Controllers\EventController.php(25): view('evenement_liste', Array)
#2 C:\wamp64\www\event\system\CodeIgniter.php(914): App\Controllers\EventController->liste()
#3 C:\wamp64\www\event\system\CodeIgniter.php(400): CodeIgniter\CodeIgniter->runController(Object(App\Controllers\EventController))
#4 C:\wamp64\www\event\system\CodeIgniter.php(308): CodeIgniter\CodeIgniter->handleRequest(NULL, Object(Config\Cache), false)
#5 C:\wamp64\www\event\index.php(45): CodeIgniter\CodeIgniter->run()
#6 {main}
CRITICAL - 2020-06-18 08:15:53 --> Use of undefined constant idEv - assumed 'idEv' (this will throw an Error in a future version of PHP)
#0 C:\wamp64\www\event\app\Views\evenement_liste.php(128): CodeIgniter\Debug\Exceptions->errorHandler(2, 'Use of undefine...', 'C:\\wamp64\\www\\e...', 128, Array)
#1 C:\wamp64\www\event\system\View\View.php(246): include('C:\\wamp64\\www\\e...')
#2 C:\wamp64\www\event\system\Common.php(1087): CodeIgniter\View\View->render('evenement_liste', Array, true)
#3 C:\wamp64\www\event\app\Controllers\EventController.php(25): view('evenement_liste', Array)
#4 C:\wamp64\www\event\system\CodeIgniter.php(914): App\Controllers\EventController->liste()
#5 C:\wamp64\www\event\system\CodeIgniter.php(400): CodeIgniter\CodeIgniter->runController(Object(App\Controllers\EventController))
#6 C:\wamp64\www\event\system\CodeIgniter.php(308): CodeIgniter\CodeIgniter->handleRequest(NULL, Object(Config\Cache), false)
#7 C:\wamp64\www\event\index.php(45): CodeIgniter\CodeIgniter->run()
#8 {main}
CRITICAL - 2020-06-18 08:16:10 --> Use of undefined constant ideve - assumed 'ideve' (this will throw an Error in a future version of PHP)
#0 C:\wamp64\www\event\app\Views\evenement_liste.php(128): CodeIgniter\Debug\Exceptions->errorHandler(2, 'Use of undefine...', 'C:\\wamp64\\www\\e...', 128, Array)
#1 C:\wamp64\www\event\system\View\View.php(246): include('C:\\wamp64\\www\\e...')
#2 C:\wamp64\www\event\system\Common.php(1087): CodeIgniter\View\View->render('evenement_liste', Array, true)
#3 C:\wamp64\www\event\app\Controllers\EventController.php(25): view('evenement_liste', Array)
#4 C:\wamp64\www\event\system\CodeIgniter.php(914): App\Controllers\EventController->liste()
#5 C:\wamp64\www\event\system\CodeIgniter.php(400): CodeIgniter\CodeIgniter->runController(Object(App\Controllers\EventController))
#6 C:\wamp64\www\event\system\CodeIgniter.php(308): CodeIgniter\CodeIgniter->handleRequest(NULL, Object(Config\Cache), false)
#7 C:\wamp64\www\event\index.php(45): CodeIgniter\CodeIgniter->run()
#8 {main}
CRITICAL - 2020-06-18 08:16:54 --> Use of undefined constant ideve - assumed 'ideve' (this will throw an Error in a future version of PHP)
#0 C:\wamp64\www\event\app\Views\evenement_liste.php(129): CodeIgniter\Debug\Exceptions->errorHandler(2, 'Use of undefine...', 'C:\\wamp64\\www\\e...', 129, Array)
#1 C:\wamp64\www\event\system\View\View.php(246): include('C:\\wamp64\\www\\e...')
#2 C:\wamp64\www\event\system\Common.php(1087): CodeIgniter\View\View->render('evenement_liste', Array, true)
#3 C:\wamp64\www\event\app\Controllers\EventController.php(25): view('evenement_liste', Array)
#4 C:\wamp64\www\event\system\CodeIgniter.php(914): App\Controllers\EventController->liste()
#5 C:\wamp64\www\event\system\CodeIgniter.php(400): CodeIgniter\CodeIgniter->runController(Object(App\Controllers\EventController))
#6 C:\wamp64\www\event\system\CodeIgniter.php(308): CodeIgniter\CodeIgniter->handleRequest(NULL, Object(Config\Cache), false)
#7 C:\wamp64\www\event\index.php(45): CodeIgniter\CodeIgniter->run()
#8 {main}
CRITICAL - 2020-06-18 08:16:56 --> Use of undefined constant ideve - assumed 'ideve' (this will throw an Error in a future version of PHP)
#0 C:\wamp64\www\event\app\Views\evenement_liste.php(129): CodeIgniter\Debug\Exceptions->errorHandler(2, 'Use of undefine...', 'C:\\wamp64\\www\\e...', 129, Array)
#1 C:\wamp64\www\event\system\View\View.php(246): include('C:\\wamp64\\www\\e...')
#2 C:\wamp64\www\event\system\Common.php(1087): CodeIgniter\View\View->render('evenement_liste', Array, true)
#3 C:\wamp64\www\event\app\Controllers\EventController.php(25): view('evenement_liste', Array)
#4 C:\wamp64\www\event\system\CodeIgniter.php(914): App\Controllers\EventController->liste()
#5 C:\wamp64\www\event\system\CodeIgniter.php(400): CodeIgniter\CodeIgniter->runController(Object(App\Controllers\EventController))
#6 C:\wamp64\www\event\system\CodeIgniter.php(308): CodeIgniter\CodeIgniter->handleRequest(NULL, Object(Config\Cache), false)
#7 C:\wamp64\www\event\index.php(45): CodeIgniter\CodeIgniter->run()
#8 {main}
CRITICAL - 2020-06-18 08:17:08 --> Use of undefined constant ideve - assumed 'ideve' (this will throw an Error in a future version of PHP)
#0 C:\wamp64\www\event\app\Views\evenement_liste.php(129): CodeIgniter\Debug\Exceptions->errorHandler(2, 'Use of undefine...', 'C:\\wamp64\\www\\e...', 129, Array)
#1 C:\wamp64\www\event\system\View\View.php(246): include('C:\\wamp64\\www\\e...')
#2 C:\wamp64\www\event\system\Common.php(1087): CodeIgniter\View\View->render('evenement_liste', Array, true)
#3 C:\wamp64\www\event\app\Controllers\EventController.php(25): view('evenement_liste', Array)
#4 C:\wamp64\www\event\system\CodeIgniter.php(914): App\Controllers\EventController->liste()
#5 C:\wamp64\www\event\system\CodeIgniter.php(400): CodeIgniter\CodeIgniter->runController(Object(App\Controllers\EventController))
#6 C:\wamp64\www\event\system\CodeIgniter.php(308): CodeIgniter\CodeIgniter->handleRequest(NULL, Object(Config\Cache), false)
#7 C:\wamp64\www\event\index.php(45): CodeIgniter\CodeIgniter->run()
#8 {main}
CRITICAL - 2020-06-18 08:17:09 --> Use of undefined constant ideve - assumed 'ideve' (this will throw an Error in a future version of PHP)
#0 C:\wamp64\www\event\app\Views\evenement_liste.php(129): CodeIgniter\Debug\Exceptions->errorHandler(2, 'Use of undefine...', 'C:\\wamp64\\www\\e...', 129, Array)
#1 C:\wamp64\www\event\system\View\View.php(246): include('C:\\wamp64\\www\\e...')
#2 C:\wamp64\www\event\system\Common.php(1087): CodeIgniter\View\View->render('evenement_liste', Array, true)
#3 C:\wamp64\www\event\app\Controllers\EventController.php(25): view('evenement_liste', Array)
#4 C:\wamp64\www\event\system\CodeIgniter.php(914): App\Controllers\EventController->liste()
#5 C:\wamp64\www\event\system\CodeIgniter.php(400): CodeIgniter\CodeIgniter->runController(Object(App\Controllers\EventController))
#6 C:\wamp64\www\event\system\CodeIgniter.php(308): CodeIgniter\CodeIgniter->handleRequest(NULL, Object(Config\Cache), false)
#7 C:\wamp64\www\event\index.php(45): CodeIgniter\CodeIgniter->run()
#8 {main}
CRITICAL - 2020-06-18 08:17:09 --> Use of undefined constant ideve - assumed 'ideve' (this will throw an Error in a future version of PHP)
#0 C:\wamp64\www\event\app\Views\evenement_liste.php(129): CodeIgniter\Debug\Exceptions->errorHandler(2, 'Use of undefine...', 'C:\\wamp64\\www\\e...', 129, Array)
#1 C:\wamp64\www\event\system\View\View.php(246): include('C:\\wamp64\\www\\e...')
#2 C:\wamp64\www\event\system\Common.php(1087): CodeIgniter\View\View->render('evenement_liste', Array, true)
#3 C:\wamp64\www\event\app\Controllers\EventController.php(25): view('evenement_liste', Array)
#4 C:\wamp64\www\event\system\CodeIgniter.php(914): App\Controllers\EventController->liste()
#5 C:\wamp64\www\event\system\CodeIgniter.php(400): CodeIgniter\CodeIgniter->runController(Object(App\Controllers\EventController))
#6 C:\wamp64\www\event\system\CodeIgniter.php(308): CodeIgniter\CodeIgniter->handleRequest(NULL, Object(Config\Cache), false)
#7 C:\wamp64\www\event\index.php(45): CodeIgniter\CodeIgniter->run()
#8 {main}
CRITICAL - 2020-06-18 08:22:55 --> Use of undefined constant ideve - assumed 'ideve' (this will throw an Error in a future version of PHP)
#0 C:\wamp64\www\event\app\Views\evenement_liste.php(128): CodeIgniter\Debug\Exceptions->errorHandler(2, 'Use of undefine...', 'C:\\wamp64\\www\\e...', 128, Array)
#1 C:\wamp64\www\event\system\View\View.php(246): include('C:\\wamp64\\www\\e...')
#2 C:\wamp64\www\event\system\Common.php(1087): CodeIgniter\View\View->render('evenement_liste', Array, true)
#3 C:\wamp64\www\event\app\Controllers\EventController.php(25): view('evenement_liste', Array)
#4 C:\wamp64\www\event\system\CodeIgniter.php(914): App\Controllers\EventController->liste()
#5 C:\wamp64\www\event\system\CodeIgniter.php(400): CodeIgniter\CodeIgniter->runController(Object(App\Controllers\EventController))
#6 C:\wamp64\www\event\system\CodeIgniter.php(308): CodeIgniter\CodeIgniter->handleRequest(NULL, Object(Config\Cache), false)
#7 C:\wamp64\www\event\index.php(45): CodeIgniter\CodeIgniter->run()
#8 {main}
CRITICAL - 2020-06-18 08:25:14 --> Use of undefined constant url - assumed 'url' (this will throw an Error in a future version of PHP)
#0 C:\wamp64\www\event\app\Views\evenement_liste.php(129): CodeIgniter\Debug\Exceptions->errorHandler(2, 'Use of undefine...', 'C:\\wamp64\\www\\e...', 129, Array)
#1 C:\wamp64\www\event\system\View\View.php(246): include('C:\\wamp64\\www\\e...')
#2 C:\wamp64\www\event\system\Common.php(1087): CodeIgniter\View\View->render('evenement_liste', Array, true)
#3 C:\wamp64\www\event\app\Controllers\EventController.php(25): view('evenement_liste', Array)
#4 C:\wamp64\www\event\system\CodeIgniter.php(914): App\Controllers\EventController->liste()
#5 C:\wamp64\www\event\system\CodeIgniter.php(400): CodeIgniter\CodeIgniter->runController(Object(App\Controllers\EventController))
#6 C:\wamp64\www\event\system\CodeIgniter.php(308): CodeIgniter\CodeIgniter->handleRequest(NULL, Object(Config\Cache), false)
#7 C:\wamp64\www\event\index.php(45): CodeIgniter\CodeIgniter->run()
#8 {main}
CRITICAL - 2020-06-18 08:25:15 --> Use of undefined constant url - assumed 'url' (this will throw an Error in a future version of PHP)
#0 C:\wamp64\www\event\app\Views\evenement_liste.php(129): CodeIgniter\Debug\Exceptions->errorHandler(2, 'Use of undefine...', 'C:\\wamp64\\www\\e...', 129, Array)
#1 C:\wamp64\www\event\system\View\View.php(246): include('C:\\wamp64\\www\\e...')
#2 C:\wamp64\www\event\system\Common.php(1087): CodeIgniter\View\View->render('evenement_liste', Array, true)
#3 C:\wamp64\www\event\app\Controllers\EventController.php(25): view('evenement_liste', Array)
#4 C:\wamp64\www\event\system\CodeIgniter.php(914): App\Controllers\EventController->liste()
#5 C:\wamp64\www\event\system\CodeIgniter.php(400): CodeIgniter\CodeIgniter->runController(Object(App\Controllers\EventController))
#6 C:\wamp64\www\event\system\CodeIgniter.php(308): CodeIgniter\CodeIgniter->handleRequest(NULL, Object(Config\Cache), false)
#7 C:\wamp64\www\event\index.php(45): CodeIgniter\CodeIgniter->run()
#8 {main}
CRITICAL - 2020-06-18 08:25:15 --> Use of undefined constant url - assumed 'url' (this will throw an Error in a future version of PHP)
#0 C:\wamp64\www\event\app\Views\evenement_liste.php(129): CodeIgniter\Debug\Exceptions->errorHandler(2, 'Use of undefine...', 'C:\\wamp64\\www\\e...', 129, Array)
#1 C:\wamp64\www\event\system\View\View.php(246): include('C:\\wamp64\\www\\e...')
#2 C:\wamp64\www\event\system\Common.php(1087): CodeIgniter\View\View->render('evenement_liste', Array, true)
#3 C:\wamp64\www\event\app\Controllers\EventController.php(25): view('evenement_liste', Array)
#4 C:\wamp64\www\event\system\CodeIgniter.php(914): App\Controllers\EventController->liste()
#5 C:\wamp64\www\event\system\CodeIgniter.php(400): CodeIgniter\CodeIgniter->runController(Object(App\Controllers\EventController))
#6 C:\wamp64\www\event\system\CodeIgniter.php(308): CodeIgniter\CodeIgniter->handleRequest(NULL, Object(Config\Cache), false)
#7 C:\wamp64\www\event\index.php(45): CodeIgniter\CodeIgniter->run()
#8 {main}
CRITICAL - 2020-06-18 08:29:20 --> Use of undefined constant url - assumed 'url' (this will throw an Error in a future version of PHP)
#0 C:\wamp64\www\event\app\Views\evenement_liste.php(129): CodeIgniter\Debug\Exceptions->errorHandler(2, 'Use of undefine...', 'C:\\wamp64\\www\\e...', 129, Array)
#1 C:\wamp64\www\event\system\View\View.php(246): include('C:\\wamp64\\www\\e...')
#2 C:\wamp64\www\event\system\Common.php(1087): CodeIgniter\View\View->render('evenement_liste', Array, true)
#3 C:\wamp64\www\event\app\Controllers\EventController.php(25): view('evenement_liste', Array)
#4 C:\wamp64\www\event\system\CodeIgniter.php(914): App\Controllers\EventController->liste()
#5 C:\wamp64\www\event\system\CodeIgniter.php(400): CodeIgniter\CodeIgniter->runController(Object(App\Controllers\EventController))
#6 C:\wamp64\www\event\system\CodeIgniter.php(308): CodeIgniter\CodeIgniter->handleRequest(NULL, Object(Config\Cache), false)
#7 C:\wamp64\www\event\index.php(45): CodeIgniter\CodeIgniter->run()
#8 {main}
CRITICAL - 2020-06-18 23:23:06 --> Argument 2 passed to view() must be of the type array, null given, called in C:\wamp64\www\event\app\Controllers\PointOfSaleController.php on line 118
#0 C:\wamp64\www\event\app\Controllers\PointOfSaleController.php(118): view('pdv_liste', NULL)
#1 C:\wamp64\www\event\system\CodeIgniter.php(914): App\Controllers\PointOfSaleController->deletePointOfSale()
#2 C:\wamp64\www\event\system\CodeIgniter.php(400): CodeIgniter\CodeIgniter->runController(Object(App\Controllers\PointOfSaleController))
#3 C:\wamp64\www\event\system\CodeIgniter.php(308): CodeIgniter\CodeIgniter->handleRequest(NULL, Object(Config\Cache), false)
#4 C:\wamp64\www\event\index.php(45): CodeIgniter\CodeIgniter->run()
#5 {main}
