CRITICAL - 2021-07-21 04:12:18 --> syntax error, unexpected '$message' (T_VARIABLE), expecting ')'
#0 /home/wezmg/domains/wez.mg/public_html/services/system/Autoloader/Autoloader.php(296): CodeIgniter\Autoloader\Autoloader->requireFile('/home/wezmg/dom...')
#1 /home/wezmg/domains/wez.mg/public_html/services/system/Autoloader/Autoloader.php(258): CodeIgniter\Autoloader\Autoloader->loadInNamespace('App\\Controllers...')
#2 [internal function]: CodeIgniter\Autoloader\Autoloader->loadClass('App\\Controllers...')
#3 [internal function]: spl_autoload_call('App\\Controllers...')
#4 /home/wezmg/domains/wez.mg/public_html/services/system/CodeIgniter.php(865): class_exists('\\App\\Controller...', true)
#5 /home/wezmg/domains/wez.mg/public_html/services/system/CodeIgniter.php(390): CodeIgniter\CodeIgniter->startController()
#6 /home/wezmg/domains/wez.mg/public_html/services/system/CodeIgniter.php(308): CodeIgniter\CodeIgniter->handleRequest(NULL, Object(Config\Cache), false)
#7 /home/wezmg/domains/wez.mg/public_html/services/index.php(45): CodeIgniter\CodeIgniter->run()
#8 {main}
CRITICAL - 2021-07-21 04:12:22 --> syntax error, unexpected '$message' (T_VARIABLE), expecting ')'
#0 /home/wezmg/domains/wez.mg/public_html/services/system/Autoloader/Autoloader.php(296): CodeIgniter\Autoloader\Autoloader->requireFile('/home/wezmg/dom...')
#1 /home/wezmg/domains/wez.mg/public_html/services/system/Autoloader/Autoloader.php(258): CodeIgniter\Autoloader\Autoloader->loadInNamespace('App\\Controllers...')
#2 [internal function]: CodeIgniter\Autoloader\Autoloader->loadClass('App\\Controllers...')
#3 [internal function]: spl_autoload_call('App\\Controllers...')
#4 /home/wezmg/domains/wez.mg/public_html/services/system/CodeIgniter.php(865): class_exists('\\App\\Controller...', true)
#5 /home/wezmg/domains/wez.mg/public_html/services/system/CodeIgniter.php(390): CodeIgniter\CodeIgniter->startController()
#6 /home/wezmg/domains/wez.mg/public_html/services/system/CodeIgniter.php(308): CodeIgniter\CodeIgniter->handleRequest(NULL, Object(Config\Cache), false)
#7 /home/wezmg/domains/wez.mg/public_html/services/index.php(45): CodeIgniter\CodeIgniter->run()
#8 {main}
CRITICAL - 2021-07-21 04:12:52 --> syntax error, unexpected '$message' (T_VARIABLE), expecting ')'
#0 /home/wezmg/domains/wez.mg/public_html/services/system/Autoloader/Autoloader.php(296): CodeIgniter\Autoloader\Autoloader->requireFile('/home/wezmg/dom...')
#1 /home/wezmg/domains/wez.mg/public_html/services/system/Autoloader/Autoloader.php(258): CodeIgniter\Autoloader\Autoloader->loadInNamespace('App\\Controllers...')
#2 [internal function]: CodeIgniter\Autoloader\Autoloader->loadClass('App\\Controllers...')
#3 [internal function]: spl_autoload_call('App\\Controllers...')
#4 /home/wezmg/domains/wez.mg/public_html/services/system/CodeIgniter.php(865): class_exists('\\App\\Controller...', true)
#5 /home/wezmg/domains/wez.mg/public_html/services/system/CodeIgniter.php(390): CodeIgniter\CodeIgniter->startController()
#6 /home/wezmg/domains/wez.mg/public_html/services/system/CodeIgniter.php(308): CodeIgniter\CodeIgniter->handleRequest(NULL, Object(Config\Cache), false)
#7 /home/wezmg/domains/wez.mg/public_html/services/index.php(45): CodeIgniter\CodeIgniter->run()
#8 {main}
CRITICAL - 2021-07-21 04:13:38 --> syntax error, unexpected '$message' (T_VARIABLE), expecting ')'
#0 /home/wezmg/domains/wez.mg/public_html/services/system/Autoloader/Autoloader.php(296): CodeIgniter\Autoloader\Autoloader->requireFile('/home/wezmg/dom...')
#1 /home/wezmg/domains/wez.mg/public_html/services/system/Autoloader/Autoloader.php(258): CodeIgniter\Autoloader\Autoloader->loadInNamespace('App\\Controllers...')
#2 [internal function]: CodeIgniter\Autoloader\Autoloader->loadClass('App\\Controllers...')
#3 [internal function]: spl_autoload_call('App\\Controllers...')
#4 /home/wezmg/domains/wez.mg/public_html/services/system/CodeIgniter.php(865): class_exists('\\App\\Controller...', true)
#5 /home/wezmg/domains/wez.mg/public_html/services/system/CodeIgniter.php(390): CodeIgniter\CodeIgniter->startController()
#6 /home/wezmg/domains/wez.mg/public_html/services/system/CodeIgniter.php(308): CodeIgniter\CodeIgniter->handleRequest(NULL, Object(Config\Cache), false)
#7 /home/wezmg/domains/wez.mg/public_html/services/index.php(45): CodeIgniter\CodeIgniter->run()
#8 {main}
CRITICAL - 2021-07-21 08:35:59 --> Debug is an invalid log level.
#0 /home/wezmg/domains/wez.mg/public_html/services/system/Log/Logger.php(337): CodeIgniter\Log\Exceptions\LogException::forInvalidLogLevel('Debug')
#1 /home/wezmg/domains/wez.mg/public_html/services/system/Common.php(724): CodeIgniter\Log\Logger->log('Debug', 'PHPMailer class...', Array)
#2 /home/wezmg/domains/wez.mg/public_html/services/app/Config/PHPMailer_Lib.php(19): log_message('Debug', 'PHPMailer class...')
#3 /home/wezmg/domains/wez.mg/public_html/services/app/Controllers/UserController.php(417): Config\PHPMailer_Lib->__construct()
#4 /home/wezmg/domains/wez.mg/public_html/services/system/CodeIgniter.php(914): App\Controllers\UserController->sendTest()
#5 /home/wezmg/domains/wez.mg/public_html/services/system/CodeIgniter.php(400): CodeIgniter\CodeIgniter->runController(Object(App\Controllers\UserController))
#6 /home/wezmg/domains/wez.mg/public_html/services/system/CodeIgniter.php(308): CodeIgniter\CodeIgniter->handleRequest(NULL, Object(Config\Cache), false)
#7 /home/wezmg/domains/wez.mg/public_html/services/index.php(45): CodeIgniter\CodeIgniter->run()
#8 {main}
CRITICAL - 2021-07-21 09:22:39 --> strpos() expects parameter 1 to be string, object given
#0 [internal function]: CodeIgniter\Debug\Exceptions->errorHandler(2, 'strpos() expect...', '/home/wezmg/dom...', 709, Array)
#1 /home/wezmg/domains/wez.mg/public_html/services/system/Email/Email.php(709): strpos(Object(CodeIgniter\Email\Email), ',')
#2 /home/wezmg/domains/wez.mg/public_html/services/system/Email/Email.php(519): CodeIgniter\Email\Email->stringToArray(Object(CodeIgniter\Email\Email))
#3 /home/wezmg/domains/wez.mg/public_html/services/app/Controllers/UserController.php(96): CodeIgniter\Email\Email->setTo(Object(CodeIgniter\Email\Email))
#4 /home/wezmg/domains/wez.mg/public_html/services/system/CodeIgniter.php(914): App\Controllers\UserController->validationReinitPwd()
#5 /home/wezmg/domains/wez.mg/public_html/services/system/CodeIgniter.php(400): CodeIgniter\CodeIgniter->runController(Object(App\Controllers\UserController))
#6 /home/wezmg/domains/wez.mg/public_html/services/system/CodeIgniter.php(308): CodeIgniter\CodeIgniter->handleRequest(NULL, Object(Config\Cache), false)
#7 /home/wezmg/domains/wez.mg/public_html/services/index.php(45): CodeIgniter\CodeIgniter->run()
#8 {main}
CRITICAL - 2021-07-21 09:23:07 --> strpos() expects parameter 1 to be string, object given
#0 [internal function]: CodeIgniter\Debug\Exceptions->errorHandler(2, 'strpos() expect...', '/home/wezmg/dom...', 709, Array)
#1 /home/wezmg/domains/wez.mg/public_html/services/system/Email/Email.php(709): strpos(Object(CodeIgniter\Email\Email), ',')
#2 /home/wezmg/domains/wez.mg/public_html/services/system/Email/Email.php(519): CodeIgniter\Email\Email->stringToArray(Object(CodeIgniter\Email\Email))
#3 /home/wezmg/domains/wez.mg/public_html/services/app/Controllers/UserController.php(96): CodeIgniter\Email\Email->setTo(Object(CodeIgniter\Email\Email))
#4 /home/wezmg/domains/wez.mg/public_html/services/system/CodeIgniter.php(914): App\Controllers\UserController->validationReinitPwd()
#5 /home/wezmg/domains/wez.mg/public_html/services/system/CodeIgniter.php(400): CodeIgniter\CodeIgniter->runController(Object(App\Controllers\UserController))
#6 /home/wezmg/domains/wez.mg/public_html/services/system/CodeIgniter.php(308): CodeIgniter\CodeIgniter->handleRequest(NULL, Object(Config\Cache), false)
#7 /home/wezmg/domains/wez.mg/public_html/services/index.php(45): CodeIgniter\CodeIgniter->run()
#8 {main}
