CRITICAL - 2020-05-18 07:15:30 --> Base 'event_db' inconnue
#0 C:\wamp\www\event\system\Database\BaseConnection.php(377): CodeIgniter\Database\MySQLi\Connection->connect(false)
#1 C:\wamp\www\event\system\Database\BaseConnection.php(643): CodeIgniter\Database\BaseConnection->initialize()
#2 C:\wamp\www\event\system\Database\BaseBuilder.php(1845): CodeIgniter\Database\BaseConnection->query('SELECT *\nFROM `...', Array, false)
#3 C:\wamp\www\event\system\Model.php(445): CodeIgniter\Database\BaseBuilder->get()
#4 C:\wamp\www\event\app\Models\EventModel.php(15): CodeIgniter\Model->findAll()
#5 C:\wamp\www\event\app\Controllers\EventWSController.php(21): App\Models\EventModel->getAll()
#6 C:\wamp\www\event\app\Controllers\EventWSController.php(12): App\Controllers\EventWSController->liste()
#7 C:\wamp\www\event\system\CodeIgniter.php(914): App\Controllers\EventWSController->index()
#8 C:\wamp\www\event\system\CodeIgniter.php(400): CodeIgniter\CodeIgniter->runController(Object(App\Controllers\EventWSController))
#9 C:\wamp\www\event\system\CodeIgniter.php(308): CodeIgniter\CodeIgniter->handleRequest(NULL, Object(Config\Cache), false)
#10 C:\wamp\www\event\public\index.php(45): CodeIgniter\CodeIgniter->run()
#11 {main}
CRITICAL - 2020-05-18 07:20:19 --> Class 'App\Controllers\PlaceModel' not found
#0 C:\wamp\www\event\system\CodeIgniter.php(914): App\Controllers\EventWSController->index()
#1 C:\wamp\www\event\system\CodeIgniter.php(400): CodeIgniter\CodeIgniter->runController(Object(App\Controllers\EventWSController))
#2 C:\wamp\www\event\system\CodeIgniter.php(308): CodeIgniter\CodeIgniter->handleRequest(NULL, Object(Config\Cache), false)
#3 C:\wamp\www\event\public\index.php(45): CodeIgniter\CodeIgniter->run()
#4 {main}
CRITICAL - 2020-05-18 07:20:33 --> syntax error, unexpected '*', expecting identifier (T_STRING) or '{'
#0 C:\wamp\www\event\system\Autoloader\Autoloader.php(296): CodeIgniter\Autoloader\Autoloader->requireFile('C:\\wamp\\www\\eve...')
#1 C:\wamp\www\event\system\Autoloader\Autoloader.php(258): CodeIgniter\Autoloader\Autoloader->loadInNamespace('App\\Controllers...')
#2 [internal function]: CodeIgniter\Autoloader\Autoloader->loadClass('App\\Controllers...')
#3 [internal function]: spl_autoload_call('App\\Controllers...')
#4 C:\wamp\www\event\system\CodeIgniter.php(865): class_exists('\\App\\Controller...', true)
#5 C:\wamp\www\event\system\CodeIgniter.php(390): CodeIgniter\CodeIgniter->startController()
#6 C:\wamp\www\event\system\CodeIgniter.php(308): CodeIgniter\CodeIgniter->handleRequest(NULL, Object(Config\Cache), false)
#7 C:\wamp\www\event\public\index.php(45): CodeIgniter\CodeIgniter->run()
#8 {main}
CRITICAL - 2020-05-18 07:20:47 --> Class 'App\Controllers\PlaceModel' not found
#0 C:\wamp\www\event\system\CodeIgniter.php(914): App\Controllers\EventWSController->index()
#1 C:\wamp\www\event\system\CodeIgniter.php(400): CodeIgniter\CodeIgniter->runController(Object(App\Controllers\EventWSController))
#2 C:\wamp\www\event\system\CodeIgniter.php(308): CodeIgniter\CodeIgniter->handleRequest(NULL, Object(Config\Cache), false)
#3 C:\wamp\www\event\public\index.php(45): CodeIgniter\CodeIgniter->run()
#4 {main}
CRITICAL - 2020-05-18 07:20:57 --> Call to undefined method App\Controllers\EventWSController::placeList()
#0 C:\wamp\www\event\system\CodeIgniter.php(914): App\Controllers\EventWSController->index()
#1 C:\wamp\www\event\system\CodeIgniter.php(400): CodeIgniter\CodeIgniter->runController(Object(App\Controllers\EventWSController))
#2 C:\wamp\www\event\system\CodeIgniter.php(308): CodeIgniter\CodeIgniter->handleRequest(NULL, Object(Config\Cache), false)
#3 C:\wamp\www\event\public\index.php(45): CodeIgniter\CodeIgniter->run()
#4 {main}
CRITICAL - 2020-05-18 07:25:28 --> syntax error, unexpected 'from' (T_STRING)
#0 C:\wamp\www\event\system\Autoloader\Autoloader.php(296): CodeIgniter\Autoloader\Autoloader->requireFile('C:\\wamp\\www\\eve...')
#1 C:\wamp\www\event\system\Autoloader\Autoloader.php(258): CodeIgniter\Autoloader\Autoloader->loadInNamespace('App\\Models\\Poin...')
#2 [internal function]: CodeIgniter\Autoloader\Autoloader->loadClass('App\\Models\\Poin...')
#3 C:\wamp\www\event\app\Controllers\EventWSController.php(11): spl_autoload_call('App\\Models\\Poin...')
#4 C:\wamp\www\event\system\CodeIgniter.php(914): App\Controllers\EventWSController->index()
#5 C:\wamp\www\event\system\CodeIgniter.php(400): CodeIgniter\CodeIgniter->runController(Object(App\Controllers\EventWSController))
#6 C:\wamp\www\event\system\CodeIgniter.php(308): CodeIgniter\CodeIgniter->handleRequest(NULL, Object(Config\Cache), false)
#7 C:\wamp\www\event\public\index.php(45): CodeIgniter\CodeIgniter->run()
#8 {main}
CRITICAL - 2020-05-18 07:25:57 --> Class 'App\Models\PointOfSaleModel' not found
#0 C:\wamp\www\event\system\CodeIgniter.php(914): App\Controllers\EventWSController->index()
#1 C:\wamp\www\event\system\CodeIgniter.php(400): CodeIgniter\CodeIgniter->runController(Object(App\Controllers\EventWSController))
#2 C:\wamp\www\event\system\CodeIgniter.php(308): CodeIgniter\CodeIgniter->handleRequest(NULL, Object(Config\Cache), false)
#3 C:\wamp\www\event\public\index.php(45): CodeIgniter\CodeIgniter->run()
#4 {main}
CRITICAL - 2020-05-18 08:20:41 --> Class 'App\Models\UserAcountModel' not found
#0 C:\wamp\www\event\system\CodeIgniter.php(914): App\Controllers\EventWSController->index()
#1 C:\wamp\www\event\system\CodeIgniter.php(400): CodeIgniter\CodeIgniter->runController(Object(App\Controllers\EventWSController))
#2 C:\wamp\www\event\system\CodeIgniter.php(308): CodeIgniter\CodeIgniter->handleRequest(NULL, Object(Config\Cache), false)
#3 C:\wamp\www\event\public\index.php(45): CodeIgniter\CodeIgniter->run()
#4 {main}
CRITICAL - 2020-05-18 08:23:12 --> Class 'App\Models\UserAcountModel' not found
#0 C:\wamp\www\event\system\CodeIgniter.php(914): App\Controllers\EventWSController->index()
#1 C:\wamp\www\event\system\CodeIgniter.php(400): CodeIgniter\CodeIgniter->runController(Object(App\Controllers\EventWSController))
#2 C:\wamp\www\event\system\CodeIgniter.php(308): CodeIgniter\CodeIgniter->handleRequest(NULL, Object(Config\Cache), false)
#3 C:\wamp\www\event\public\index.php(45): CodeIgniter\CodeIgniter->run()
#4 {main}
CRITICAL - 2020-05-18 08:23:13 --> Class 'App\Models\UserAcountModel' not found
#0 C:\wamp\www\event\system\CodeIgniter.php(914): App\Controllers\EventWSController->index()
#1 C:\wamp\www\event\system\CodeIgniter.php(400): CodeIgniter\CodeIgniter->runController(Object(App\Controllers\EventWSController))
#2 C:\wamp\www\event\system\CodeIgniter.php(308): CodeIgniter\CodeIgniter->handleRequest(NULL, Object(Config\Cache), false)
#3 C:\wamp\www\event\public\index.php(45): CodeIgniter\CodeIgniter->run()
#4 {main}
CRITICAL - 2020-05-18 08:23:13 --> Class 'App\Models\UserAcountModel' not found
#0 C:\wamp\www\event\system\CodeIgniter.php(914): App\Controllers\EventWSController->index()
#1 C:\wamp\www\event\system\CodeIgniter.php(400): CodeIgniter\CodeIgniter->runController(Object(App\Controllers\EventWSController))
#2 C:\wamp\www\event\system\CodeIgniter.php(308): CodeIgniter\CodeIgniter->handleRequest(NULL, Object(Config\Cache), false)
#3 C:\wamp\www\event\public\index.php(45): CodeIgniter\CodeIgniter->run()
#4 {main}
CRITICAL - 2020-05-18 08:47:32 --> Object of class CodeIgniter\HTTP\Response could not be converted to string
#0 C:\wamp\www\event\app\Controllers\EventWSController.php(18): CodeIgniter\Debug\Exceptions->errorHandler(4096, 'Object of class...', 'C:\\wamp\\www\\eve...', 18, Array)
#1 C:\wamp\www\event\system\CodeIgniter.php(914): App\Controllers\EventWSController->index()
#2 C:\wamp\www\event\system\CodeIgniter.php(400): CodeIgniter\CodeIgniter->runController(Object(App\Controllers\EventWSController))
#3 C:\wamp\www\event\system\CodeIgniter.php(308): CodeIgniter\CodeIgniter->handleRequest(NULL, Object(Config\Cache), false)
#4 C:\wamp\www\event\public\index.php(45): CodeIgniter\CodeIgniter->run()
#5 {main}
CRITICAL - 2020-05-18 08:50:22 --> syntax error, unexpected ',', expecting ']'
#0 C:\wamp\www\event\system\Autoloader\Autoloader.php(296): CodeIgniter\Autoloader\Autoloader->requireFile('C:\\wamp\\www\\eve...')
#1 C:\wamp\www\event\system\Autoloader\Autoloader.php(258): CodeIgniter\Autoloader\Autoloader->loadInNamespace('App\\Controllers...')
#2 [internal function]: CodeIgniter\Autoloader\Autoloader->loadClass('App\\Controllers...')
#3 [internal function]: spl_autoload_call('App\\Controllers...')
#4 C:\wamp\www\event\system\CodeIgniter.php(865): class_exists('\\App\\Controller...', true)
#5 C:\wamp\www\event\system\CodeIgniter.php(390): CodeIgniter\CodeIgniter->startController()
#6 C:\wamp\www\event\system\CodeIgniter.php(308): CodeIgniter\CodeIgniter->handleRequest(NULL, Object(Config\Cache), false)
#7 C:\wamp\www\event\public\index.php(45): CodeIgniter\CodeIgniter->run()
#8 {main}
CRITICAL - 2020-05-18 08:50:29 --> syntax error, unexpected ',', expecting ']'
#0 C:\wamp\www\event\system\Autoloader\Autoloader.php(296): CodeIgniter\Autoloader\Autoloader->requireFile('C:\\wamp\\www\\eve...')
#1 C:\wamp\www\event\system\Autoloader\Autoloader.php(258): CodeIgniter\Autoloader\Autoloader->loadInNamespace('App\\Controllers...')
#2 [internal function]: CodeIgniter\Autoloader\Autoloader->loadClass('App\\Controllers...')
#3 [internal function]: spl_autoload_call('App\\Controllers...')
#4 C:\wamp\www\event\system\CodeIgniter.php(865): class_exists('\\App\\Controller...', true)
#5 C:\wamp\www\event\system\CodeIgniter.php(390): CodeIgniter\CodeIgniter->startController()
#6 C:\wamp\www\event\system\CodeIgniter.php(308): CodeIgniter\CodeIgniter->handleRequest(NULL, Object(Config\Cache), false)
#7 C:\wamp\www\event\public\index.php(45): CodeIgniter\CodeIgniter->run()
#8 {main}
CRITICAL - 2020-05-18 08:50:30 --> syntax error, unexpected ',', expecting ']'
#0 C:\wamp\www\event\system\Autoloader\Autoloader.php(296): CodeIgniter\Autoloader\Autoloader->requireFile('C:\\wamp\\www\\eve...')
#1 C:\wamp\www\event\system\Autoloader\Autoloader.php(258): CodeIgniter\Autoloader\Autoloader->loadInNamespace('App\\Controllers...')
#2 [internal function]: CodeIgniter\Autoloader\Autoloader->loadClass('App\\Controllers...')
#3 [internal function]: spl_autoload_call('App\\Controllers...')
#4 C:\wamp\www\event\system\CodeIgniter.php(865): class_exists('\\App\\Controller...', true)
#5 C:\wamp\www\event\system\CodeIgniter.php(390): CodeIgniter\CodeIgniter->startController()
#6 C:\wamp\www\event\system\CodeIgniter.php(308): CodeIgniter\CodeIgniter->handleRequest(NULL, Object(Config\Cache), false)
#7 C:\wamp\www\event\public\index.php(45): CodeIgniter\CodeIgniter->run()
#8 {main}
CRITICAL - 2020-05-18 08:51:56 --> Object of class CodeIgniter\HTTP\Response could not be converted to string
#0 C:\wamp\www\event\app\Controllers\EventWSController.php(19): CodeIgniter\Debug\Exceptions->errorHandler(4096, 'Object of class...', 'C:\\wamp\\www\\eve...', 19, Array)
#1 C:\wamp\www\event\system\CodeIgniter.php(914): App\Controllers\EventWSController->index()
#2 C:\wamp\www\event\system\CodeIgniter.php(400): CodeIgniter\CodeIgniter->runController(Object(App\Controllers\EventWSController))
#3 C:\wamp\www\event\system\CodeIgniter.php(308): CodeIgniter\CodeIgniter->handleRequest(NULL, Object(Config\Cache), false)
#4 C:\wamp\www\event\public\index.php(45): CodeIgniter\CodeIgniter->run()
#5 {main}
CRITICAL - 2020-05-18 08:53:00 --> syntax error, unexpected ',', expecting ']'
#0 C:\wamp\www\event\system\Autoloader\Autoloader.php(296): CodeIgniter\Autoloader\Autoloader->requireFile('C:\\wamp\\www\\eve...')
#1 C:\wamp\www\event\system\Autoloader\Autoloader.php(258): CodeIgniter\Autoloader\Autoloader->loadInNamespace('App\\Controllers...')
#2 [internal function]: CodeIgniter\Autoloader\Autoloader->loadClass('App\\Controllers...')
#3 [internal function]: spl_autoload_call('App\\Controllers...')
#4 C:\wamp\www\event\system\CodeIgniter.php(865): class_exists('\\App\\Controller...', true)
#5 C:\wamp\www\event\system\CodeIgniter.php(390): CodeIgniter\CodeIgniter->startController()
#6 C:\wamp\www\event\system\CodeIgniter.php(308): CodeIgniter\CodeIgniter->handleRequest(NULL, Object(Config\Cache), false)
#7 C:\wamp\www\event\public\index.php(45): CodeIgniter\CodeIgniter->run()
#8 {main}
CRITICAL - 2020-05-18 08:53:50 --> syntax error, unexpected '[', expecting ']'
#0 C:\wamp\www\event\system\Autoloader\Autoloader.php(296): CodeIgniter\Autoloader\Autoloader->requireFile('C:\\wamp\\www\\eve...')
#1 C:\wamp\www\event\system\Autoloader\Autoloader.php(258): CodeIgniter\Autoloader\Autoloader->loadInNamespace('App\\Controllers...')
#2 [internal function]: CodeIgniter\Autoloader\Autoloader->loadClass('App\\Controllers...')
#3 [internal function]: spl_autoload_call('App\\Controllers...')
#4 C:\wamp\www\event\system\CodeIgniter.php(865): class_exists('\\App\\Controller...', true)
#5 C:\wamp\www\event\system\CodeIgniter.php(390): CodeIgniter\CodeIgniter->startController()
#6 C:\wamp\www\event\system\CodeIgniter.php(308): CodeIgniter\CodeIgniter->handleRequest(NULL, Object(Config\Cache), false)
#7 C:\wamp\www\event\public\index.php(45): CodeIgniter\CodeIgniter->run()
#8 {main}
CRITICAL - 2020-05-18 08:54:59 --> Object of class CodeIgniter\HTTP\Response could not be converted to string
#0 C:\wamp\www\event\app\Controllers\EventWSController.php(19): CodeIgniter\Debug\Exceptions->errorHandler(4096, 'Object of class...', 'C:\\wamp\\www\\eve...', 19, Array)
#1 C:\wamp\www\event\system\CodeIgniter.php(914): App\Controllers\EventWSController->index()
#2 C:\wamp\www\event\system\CodeIgniter.php(400): CodeIgniter\CodeIgniter->runController(Object(App\Controllers\EventWSController))
#3 C:\wamp\www\event\system\CodeIgniter.php(308): CodeIgniter\CodeIgniter->handleRequest(NULL, Object(Config\Cache), false)
#4 C:\wamp\www\event\public\index.php(45): CodeIgniter\CodeIgniter->run()
#5 {main}
CRITICAL - 2020-05-18 08:58:01 --> Object of class CodeIgniter\HTTP\Response could not be converted to string
#0 C:\wamp\www\event\app\Controllers\EventWSController.php(19): CodeIgniter\Debug\Exceptions->errorHandler(4096, 'Object of class...', 'C:\\wamp\\www\\eve...', 19, Array)
#1 C:\wamp\www\event\system\CodeIgniter.php(914): App\Controllers\EventWSController->index()
#2 C:\wamp\www\event\system\CodeIgniter.php(400): CodeIgniter\CodeIgniter->runController(Object(App\Controllers\EventWSController))
#3 C:\wamp\www\event\system\CodeIgniter.php(308): CodeIgniter\CodeIgniter->handleRequest(NULL, Object(Config\Cache), false)
#4 C:\wamp\www\event\public\index.php(45): CodeIgniter\CodeIgniter->run()
#5 {main}
CRITICAL - 2020-05-18 09:33:15 --> Class 'App\Controllers\OrganizerAcountModel' not found
#0 C:\wamp\www\event\system\CodeIgniter.php(914): App\Controllers\EventWSController->index()
#1 C:\wamp\www\event\system\CodeIgniter.php(400): CodeIgniter\CodeIgniter->runController(Object(App\Controllers\EventWSController))
#2 C:\wamp\www\event\system\CodeIgniter.php(308): CodeIgniter\CodeIgniter->handleRequest(NULL, Object(Config\Cache), false)
#3 C:\wamp\www\event\public\index.php(45): CodeIgniter\CodeIgniter->run()
#4 {main}
CRITICAL - 2020-05-18 10:12:52 --> Class 'App\Controllers\EventModel' not found
#0 C:\wamp\www\event\system\CodeIgniter.php(914): App\Controllers\EventWSController->index()
#1 C:\wamp\www\event\system\CodeIgniter.php(400): CodeIgniter\CodeIgniter->runController(Object(App\Controllers\EventWSController))
#2 C:\wamp\www\event\system\CodeIgniter.php(308): CodeIgniter\CodeIgniter->handleRequest(NULL, Object(Config\Cache), false)
#3 C:\wamp\www\event\public\index.php(45): CodeIgniter\CodeIgniter->run()
#4 {main}
CRITICAL - 2020-05-18 10:13:11 --> Cannot redeclare App\Models\EventModel::eventSearchByPlace()
#0 [internal function]: CodeIgniter\Debug\Exceptions->shutdownHandler()
#1 {main}
CRITICAL - 2020-05-18 10:21:38 --> Object of class CodeIgniter\HTTP\Response could not be converted to string
#0 C:\wamp\www\event\app\Controllers\EventWSController.php(19): CodeIgniter\Debug\Exceptions->errorHandler(4096, 'Object of class...', 'C:\\wamp\\www\\eve...', 19, Array)
#1 C:\wamp\www\event\system\CodeIgniter.php(914): App\Controllers\EventWSController->index()
#2 C:\wamp\www\event\system\CodeIgniter.php(400): CodeIgniter\CodeIgniter->runController(Object(App\Controllers\EventWSController))
#3 C:\wamp\www\event\system\CodeIgniter.php(308): CodeIgniter\CodeIgniter->handleRequest(NULL, Object(Config\Cache), false)
#4 C:\wamp\www\event\public\index.php(45): CodeIgniter\CodeIgniter->run()
#5 {main}
CRITICAL - 2020-05-18 10:23:40 --> Too few arguments to function App\Models\EventModel::eventSearchByOrganizer(), 0 passed in C:\wamp\www\event\app\Controllers\EventWSController.php on line 18 and exactly 1 expected
#0 C:\wamp\www\event\app\Controllers\EventWSController.php(18): App\Models\EventModel->eventSearchByOrganizer()
#1 C:\wamp\www\event\system\CodeIgniter.php(914): App\Controllers\EventWSController->index()
#2 C:\wamp\www\event\system\CodeIgniter.php(400): CodeIgniter\CodeIgniter->runController(Object(App\Controllers\EventWSController))
#3 C:\wamp\www\event\system\CodeIgniter.php(308): CodeIgniter\CodeIgniter->handleRequest(NULL, Object(Config\Cache), false)
#4 C:\wamp\www\event\public\index.php(45): CodeIgniter\CodeIgniter->run()
#5 {main}
CRITICAL - 2020-05-18 10:33:32 --> Argument 2 passed to CodeIgniter\Database\BaseBuilder::orLike() must be of the type string, null given, called in C:\wamp\www\event\app\Models\EventModel.php on line 109
#0 C:\wamp\www\event\app\Models\EventModel.php(109): CodeIgniter\Database\BaseBuilder->orLike('event.name', NULL)
#1 C:\wamp\www\event\app\Controllers\EventWSController.php(18): App\Models\EventModel->eventSearch('ko')
#2 C:\wamp\www\event\system\CodeIgniter.php(914): App\Controllers\EventWSController->index()
#3 C:\wamp\www\event\system\CodeIgniter.php(400): CodeIgniter\CodeIgniter->runController(Object(App\Controllers\EventWSController))
#4 C:\wamp\www\event\system\CodeIgniter.php(308): CodeIgniter\CodeIgniter->handleRequest(NULL, Object(Config\Cache), false)
#5 C:\wamp\www\event\public\index.php(45): CodeIgniter\CodeIgniter->run()
#6 {main}
