CRITICAL - 2020-06-15 02:48:02 --> Invalid argument supplied for foreach()
#0 C:\wamp64\www\event\app\Views\category.php(266): CodeIgniter\Debug\Exceptions->errorHandler(2, 'Invalid argumen...', 'C:\\wamp64\\www\\e...', 266, Array)
#1 C:\wamp64\www\event\system\View\View.php(246): include('C:\\wamp64\\www\\e...')
#2 C:\wamp64\www\event\system\Common.php(1087): CodeIgniter\View\View->render('category', Array, true)
#3 C:\wamp64\www\event\app\Controllers\CategoryController.php(20): view('category', Array)
#4 C:\wamp64\www\event\app\Controllers\CategoryController.php(8): App\Controllers\CategoryController->categoryList()
#5 C:\wamp64\www\event\system\CodeIgniter.php(914): App\Controllers\CategoryController->index()
#6 C:\wamp64\www\event\system\CodeIgniter.php(400): CodeIgniter\CodeIgniter->runController(Object(App\Controllers\CategoryController))
#7 C:\wamp64\www\event\system\CodeIgniter.php(308): CodeIgniter\CodeIgniter->handleRequest(NULL, Object(Config\Cache), false)
#8 C:\wamp64\www\event\index.php(45): CodeIgniter\CodeIgniter->run()
#9 {main}
CRITICAL - 2020-06-15 02:52:10 --> Invalid argument supplied for foreach()
#0 C:\wamp64\www\event\app\Views\category_list.php(266): CodeIgniter\Debug\Exceptions->errorHandler(2, 'Invalid argumen...', 'C:\\wamp64\\www\\e...', 266, Array)
#1 C:\wamp64\www\event\system\View\View.php(246): include('C:\\wamp64\\www\\e...')
#2 C:\wamp64\www\event\system\Common.php(1087): CodeIgniter\View\View->render('category_list', Array, true)
#3 C:\wamp64\www\event\app\Controllers\CategoryController.php(20): view('category_list', Array)
#4 C:\wamp64\www\event\app\Controllers\CategoryController.php(8): App\Controllers\CategoryController->categoryList()
#5 C:\wamp64\www\event\system\CodeIgniter.php(914): App\Controllers\CategoryController->index()
#6 C:\wamp64\www\event\system\CodeIgniter.php(400): CodeIgniter\CodeIgniter->runController(Object(App\Controllers\CategoryController))
#7 C:\wamp64\www\event\system\CodeIgniter.php(308): CodeIgniter\CodeIgniter->handleRequest(NULL, Object(Config\Cache), false)
#8 C:\wamp64\www\event\index.php(45): CodeIgniter\CodeIgniter->run()
#9 {main}
CRITICAL - 2020-06-15 02:52:18 --> Invalid argument supplied for foreach()
#0 C:\wamp64\www\event\app\Views\category_list.php(266): CodeIgniter\Debug\Exceptions->errorHandler(2, 'Invalid argumen...', 'C:\\wamp64\\www\\e...', 266, Array)
#1 C:\wamp64\www\event\system\View\View.php(246): include('C:\\wamp64\\www\\e...')
#2 C:\wamp64\www\event\system\Common.php(1087): CodeIgniter\View\View->render('category_list', Array, true)
#3 C:\wamp64\www\event\app\Controllers\CategoryController.php(20): view('category_list', Array)
#4 C:\wamp64\www\event\app\Controllers\CategoryController.php(8): App\Controllers\CategoryController->categoryList()
#5 C:\wamp64\www\event\system\CodeIgniter.php(914): App\Controllers\CategoryController->index()
#6 C:\wamp64\www\event\system\CodeIgniter.php(400): CodeIgniter\CodeIgniter->runController(Object(App\Controllers\CategoryController))
#7 C:\wamp64\www\event\system\CodeIgniter.php(308): CodeIgniter\CodeIgniter->handleRequest(NULL, Object(Config\Cache), false)
#8 C:\wamp64\www\event\index.php(45): CodeIgniter\CodeIgniter->run()
#9 {main}
CRITICAL - 2020-06-15 03:08:36 --> Invalid argument supplied for foreach()
#0 C:\wamp64\www\event\app\Views\category_list.php(266): CodeIgniter\Debug\Exceptions->errorHandler(2, 'Invalid argumen...', 'C:\\wamp64\\www\\e...', 266, Array)
#1 C:\wamp64\www\event\system\View\View.php(246): include('C:\\wamp64\\www\\e...')
#2 C:\wamp64\www\event\system\Common.php(1087): CodeIgniter\View\View->render('category_list', Array, true)
#3 C:\wamp64\www\event\app\Controllers\CategoryController.php(20): view('category_list', Array)
#4 C:\wamp64\www\event\app\Controllers\CategoryController.php(8): App\Controllers\CategoryController->categoryList()
#5 C:\wamp64\www\event\system\CodeIgniter.php(914): App\Controllers\CategoryController->index()
#6 C:\wamp64\www\event\system\CodeIgniter.php(400): CodeIgniter\CodeIgniter->runController(Object(App\Controllers\CategoryController))
#7 C:\wamp64\www\event\system\CodeIgniter.php(308): CodeIgniter\CodeIgniter->handleRequest(NULL, Object(Config\Cache), false)
#8 C:\wamp64\www\event\index.php(45): CodeIgniter\CodeIgniter->run()
#9 {main}
CRITICAL - 2020-06-15 03:08:37 --> Invalid argument supplied for foreach()
#0 C:\wamp64\www\event\app\Views\category_list.php(266): CodeIgniter\Debug\Exceptions->errorHandler(2, 'Invalid argumen...', 'C:\\wamp64\\www\\e...', 266, Array)
#1 C:\wamp64\www\event\system\View\View.php(246): include('C:\\wamp64\\www\\e...')
#2 C:\wamp64\www\event\system\Common.php(1087): CodeIgniter\View\View->render('category_list', Array, true)
#3 C:\wamp64\www\event\app\Controllers\CategoryController.php(20): view('category_list', Array)
#4 C:\wamp64\www\event\app\Controllers\CategoryController.php(8): App\Controllers\CategoryController->categoryList()
#5 C:\wamp64\www\event\system\CodeIgniter.php(914): App\Controllers\CategoryController->index()
#6 C:\wamp64\www\event\system\CodeIgniter.php(400): CodeIgniter\CodeIgniter->runController(Object(App\Controllers\CategoryController))
#7 C:\wamp64\www\event\system\CodeIgniter.php(308): CodeIgniter\CodeIgniter->handleRequest(NULL, Object(Config\Cache), false)
#8 C:\wamp64\www\event\index.php(45): CodeIgniter\CodeIgniter->run()
#9 {main}
CRITICAL - 2020-06-15 03:08:37 --> Invalid argument supplied for foreach()
#0 C:\wamp64\www\event\app\Views\category_list.php(266): CodeIgniter\Debug\Exceptions->errorHandler(2, 'Invalid argumen...', 'C:\\wamp64\\www\\e...', 266, Array)
#1 C:\wamp64\www\event\system\View\View.php(246): include('C:\\wamp64\\www\\e...')
#2 C:\wamp64\www\event\system\Common.php(1087): CodeIgniter\View\View->render('category_list', Array, true)
#3 C:\wamp64\www\event\app\Controllers\CategoryController.php(20): view('category_list', Array)
#4 C:\wamp64\www\event\app\Controllers\CategoryController.php(8): App\Controllers\CategoryController->categoryList()
#5 C:\wamp64\www\event\system\CodeIgniter.php(914): App\Controllers\CategoryController->index()
#6 C:\wamp64\www\event\system\CodeIgniter.php(400): CodeIgniter\CodeIgniter->runController(Object(App\Controllers\CategoryController))
#7 C:\wamp64\www\event\system\CodeIgniter.php(308): CodeIgniter\CodeIgniter->handleRequest(NULL, Object(Config\Cache), false)
#8 C:\wamp64\www\event\index.php(45): CodeIgniter\CodeIgniter->run()
#9 {main}
CRITICAL - 2020-06-15 03:08:47 --> Invalid argument supplied for foreach()
#0 C:\wamp64\www\event\app\Views\category_list.php(266): CodeIgniter\Debug\Exceptions->errorHandler(2, 'Invalid argumen...', 'C:\\wamp64\\www\\e...', 266, Array)
#1 C:\wamp64\www\event\system\View\View.php(246): include('C:\\wamp64\\www\\e...')
#2 C:\wamp64\www\event\system\Common.php(1087): CodeIgniter\View\View->render('category_list', Array, true)
#3 C:\wamp64\www\event\app\Controllers\CategoryController.php(20): view('category_list', Array)
#4 C:\wamp64\www\event\app\Controllers\CategoryController.php(8): App\Controllers\CategoryController->categoryList()
#5 C:\wamp64\www\event\system\CodeIgniter.php(914): App\Controllers\CategoryController->index()
#6 C:\wamp64\www\event\system\CodeIgniter.php(400): CodeIgniter\CodeIgniter->runController(Object(App\Controllers\CategoryController))
#7 C:\wamp64\www\event\system\CodeIgniter.php(308): CodeIgniter\CodeIgniter->handleRequest(NULL, Object(Config\Cache), false)
#8 C:\wamp64\www\event\index.php(45): CodeIgniter\CodeIgniter->run()
#9 {main}
CRITICAL - 2020-06-15 03:09:17 --> Invalid argument supplied for foreach()
#0 C:\wamp64\www\event\app\Views\category_list.php(266): CodeIgniter\Debug\Exceptions->errorHandler(2, 'Invalid argumen...', 'C:\\wamp64\\www\\e...', 266, Array)
#1 C:\wamp64\www\event\system\View\View.php(246): include('C:\\wamp64\\www\\e...')
#2 C:\wamp64\www\event\system\Common.php(1087): CodeIgniter\View\View->render('category_list', Array, true)
#3 C:\wamp64\www\event\app\Controllers\CategoryController.php(20): view('category_list', Array)
#4 C:\wamp64\www\event\app\Controllers\CategoryController.php(8): App\Controllers\CategoryController->categoryList()
#5 C:\wamp64\www\event\system\CodeIgniter.php(914): App\Controllers\CategoryController->index()
#6 C:\wamp64\www\event\system\CodeIgniter.php(400): CodeIgniter\CodeIgniter->runController(Object(App\Controllers\CategoryController))
#7 C:\wamp64\www\event\system\CodeIgniter.php(308): CodeIgniter\CodeIgniter->handleRequest(NULL, Object(Config\Cache), false)
#8 C:\wamp64\www\event\index.php(45): CodeIgniter\CodeIgniter->run()
#9 {main}
CRITICAL - 2020-06-15 03:09:18 --> Invalid argument supplied for foreach()
#0 C:\wamp64\www\event\app\Views\category_list.php(266): CodeIgniter\Debug\Exceptions->errorHandler(2, 'Invalid argumen...', 'C:\\wamp64\\www\\e...', 266, Array)
#1 C:\wamp64\www\event\system\View\View.php(246): include('C:\\wamp64\\www\\e...')
#2 C:\wamp64\www\event\system\Common.php(1087): CodeIgniter\View\View->render('category_list', Array, true)
#3 C:\wamp64\www\event\app\Controllers\CategoryController.php(20): view('category_list', Array)
#4 C:\wamp64\www\event\app\Controllers\CategoryController.php(8): App\Controllers\CategoryController->categoryList()
#5 C:\wamp64\www\event\system\CodeIgniter.php(914): App\Controllers\CategoryController->index()
#6 C:\wamp64\www\event\system\CodeIgniter.php(400): CodeIgniter\CodeIgniter->runController(Object(App\Controllers\CategoryController))
#7 C:\wamp64\www\event\system\CodeIgniter.php(308): CodeIgniter\CodeIgniter->handleRequest(NULL, Object(Config\Cache), false)
#8 C:\wamp64\www\event\index.php(45): CodeIgniter\CodeIgniter->run()
#9 {main}
CRITICAL - 2020-06-15 03:09:19 --> Invalid argument supplied for foreach()
#0 C:\wamp64\www\event\app\Views\category_list.php(266): CodeIgniter\Debug\Exceptions->errorHandler(2, 'Invalid argumen...', 'C:\\wamp64\\www\\e...', 266, Array)
#1 C:\wamp64\www\event\system\View\View.php(246): include('C:\\wamp64\\www\\e...')
#2 C:\wamp64\www\event\system\Common.php(1087): CodeIgniter\View\View->render('category_list', Array, true)
#3 C:\wamp64\www\event\app\Controllers\CategoryController.php(20): view('category_list', Array)
#4 C:\wamp64\www\event\app\Controllers\CategoryController.php(8): App\Controllers\CategoryController->categoryList()
#5 C:\wamp64\www\event\system\CodeIgniter.php(914): App\Controllers\CategoryController->index()
#6 C:\wamp64\www\event\system\CodeIgniter.php(400): CodeIgniter\CodeIgniter->runController(Object(App\Controllers\CategoryController))
#7 C:\wamp64\www\event\system\CodeIgniter.php(308): CodeIgniter\CodeIgniter->handleRequest(NULL, Object(Config\Cache), false)
#8 C:\wamp64\www\event\index.php(45): CodeIgniter\CodeIgniter->run()
#9 {main}
CRITICAL - 2020-06-15 03:09:19 --> Invalid argument supplied for foreach()
#0 C:\wamp64\www\event\app\Views\category_list.php(266): CodeIgniter\Debug\Exceptions->errorHandler(2, 'Invalid argumen...', 'C:\\wamp64\\www\\e...', 266, Array)
#1 C:\wamp64\www\event\system\View\View.php(246): include('C:\\wamp64\\www\\e...')
#2 C:\wamp64\www\event\system\Common.php(1087): CodeIgniter\View\View->render('category_list', Array, true)
#3 C:\wamp64\www\event\app\Controllers\CategoryController.php(20): view('category_list', Array)
#4 C:\wamp64\www\event\app\Controllers\CategoryController.php(8): App\Controllers\CategoryController->categoryList()
#5 C:\wamp64\www\event\system\CodeIgniter.php(914): App\Controllers\CategoryController->index()
#6 C:\wamp64\www\event\system\CodeIgniter.php(400): CodeIgniter\CodeIgniter->runController(Object(App\Controllers\CategoryController))
#7 C:\wamp64\www\event\system\CodeIgniter.php(308): CodeIgniter\CodeIgniter->handleRequest(NULL, Object(Config\Cache), false)
#8 C:\wamp64\www\event\index.php(45): CodeIgniter\CodeIgniter->run()
#9 {main}
CRITICAL - 2020-06-15 03:09:19 --> Invalid argument supplied for foreach()
#0 C:\wamp64\www\event\app\Views\category_list.php(266): CodeIgniter\Debug\Exceptions->errorHandler(2, 'Invalid argumen...', 'C:\\wamp64\\www\\e...', 266, Array)
#1 C:\wamp64\www\event\system\View\View.php(246): include('C:\\wamp64\\www\\e...')
#2 C:\wamp64\www\event\system\Common.php(1087): CodeIgniter\View\View->render('category_list', Array, true)
#3 C:\wamp64\www\event\app\Controllers\CategoryController.php(20): view('category_list', Array)
#4 C:\wamp64\www\event\app\Controllers\CategoryController.php(8): App\Controllers\CategoryController->categoryList()
#5 C:\wamp64\www\event\system\CodeIgniter.php(914): App\Controllers\CategoryController->index()
#6 C:\wamp64\www\event\system\CodeIgniter.php(400): CodeIgniter\CodeIgniter->runController(Object(App\Controllers\CategoryController))
#7 C:\wamp64\www\event\system\CodeIgniter.php(308): CodeIgniter\CodeIgniter->handleRequest(NULL, Object(Config\Cache), false)
#8 C:\wamp64\www\event\index.php(45): CodeIgniter\CodeIgniter->run()
#9 {main}
CRITICAL - 2020-06-15 03:09:19 --> Invalid argument supplied for foreach()
#0 C:\wamp64\www\event\app\Views\category_list.php(266): CodeIgniter\Debug\Exceptions->errorHandler(2, 'Invalid argumen...', 'C:\\wamp64\\www\\e...', 266, Array)
#1 C:\wamp64\www\event\system\View\View.php(246): include('C:\\wamp64\\www\\e...')
#2 C:\wamp64\www\event\system\Common.php(1087): CodeIgniter\View\View->render('category_list', Array, true)
#3 C:\wamp64\www\event\app\Controllers\CategoryController.php(20): view('category_list', Array)
#4 C:\wamp64\www\event\app\Controllers\CategoryController.php(8): App\Controllers\CategoryController->categoryList()
#5 C:\wamp64\www\event\system\CodeIgniter.php(914): App\Controllers\CategoryController->index()
#6 C:\wamp64\www\event\system\CodeIgniter.php(400): CodeIgniter\CodeIgniter->runController(Object(App\Controllers\CategoryController))
#7 C:\wamp64\www\event\system\CodeIgniter.php(308): CodeIgniter\CodeIgniter->handleRequest(NULL, Object(Config\Cache), false)
#8 C:\wamp64\www\event\index.php(45): CodeIgniter\CodeIgniter->run()
#9 {main}
CRITICAL - 2020-06-15 03:09:20 --> Invalid argument supplied for foreach()
#0 C:\wamp64\www\event\app\Views\category_list.php(266): CodeIgniter\Debug\Exceptions->errorHandler(2, 'Invalid argumen...', 'C:\\wamp64\\www\\e...', 266, Array)
#1 C:\wamp64\www\event\system\View\View.php(246): include('C:\\wamp64\\www\\e...')
#2 C:\wamp64\www\event\system\Common.php(1087): CodeIgniter\View\View->render('category_list', Array, true)
#3 C:\wamp64\www\event\app\Controllers\CategoryController.php(20): view('category_list', Array)
#4 C:\wamp64\www\event\app\Controllers\CategoryController.php(8): App\Controllers\CategoryController->categoryList()
#5 C:\wamp64\www\event\system\CodeIgniter.php(914): App\Controllers\CategoryController->index()
#6 C:\wamp64\www\event\system\CodeIgniter.php(400): CodeIgniter\CodeIgniter->runController(Object(App\Controllers\CategoryController))
#7 C:\wamp64\www\event\system\CodeIgniter.php(308): CodeIgniter\CodeIgniter->handleRequest(NULL, Object(Config\Cache), false)
#8 C:\wamp64\www\event\index.php(45): CodeIgniter\CodeIgniter->run()
#9 {main}
CRITICAL - 2020-06-15 03:09:20 --> Invalid argument supplied for foreach()
#0 C:\wamp64\www\event\app\Views\category_list.php(266): CodeIgniter\Debug\Exceptions->errorHandler(2, 'Invalid argumen...', 'C:\\wamp64\\www\\e...', 266, Array)
#1 C:\wamp64\www\event\system\View\View.php(246): include('C:\\wamp64\\www\\e...')
#2 C:\wamp64\www\event\system\Common.php(1087): CodeIgniter\View\View->render('category_list', Array, true)
#3 C:\wamp64\www\event\app\Controllers\CategoryController.php(20): view('category_list', Array)
#4 C:\wamp64\www\event\app\Controllers\CategoryController.php(8): App\Controllers\CategoryController->categoryList()
#5 C:\wamp64\www\event\system\CodeIgniter.php(914): App\Controllers\CategoryController->index()
#6 C:\wamp64\www\event\system\CodeIgniter.php(400): CodeIgniter\CodeIgniter->runController(Object(App\Controllers\CategoryController))
#7 C:\wamp64\www\event\system\CodeIgniter.php(308): CodeIgniter\CodeIgniter->handleRequest(NULL, Object(Config\Cache), false)
#8 C:\wamp64\www\event\index.php(45): CodeIgniter\CodeIgniter->run()
#9 {main}
CRITICAL - 2020-06-15 05:31:08 --> Invalid argument supplied for foreach()
#0 C:\wamp64\www\event\app\Views\place.php(254): CodeIgniter\Debug\Exceptions->errorHandler(2, 'Invalid argumen...', 'C:\\wamp64\\www\\e...', 254, Array)
#1 C:\wamp64\www\event\system\View\View.php(246): include('C:\\wamp64\\www\\e...')
#2 C:\wamp64\www\event\system\Common.php(1087): CodeIgniter\View\View->render('place', Array, true)
#3 C:\wamp64\www\event\app\Controllers\PlaceController.php(20): view('place', Array)
#4 C:\wamp64\www\event\app\Controllers\PlaceController.php(8): App\Controllers\PlaceController->placeList()
#5 C:\wamp64\www\event\system\CodeIgniter.php(914): App\Controllers\PlaceController->index()
#6 C:\wamp64\www\event\system\CodeIgniter.php(400): CodeIgniter\CodeIgniter->runController(Object(App\Controllers\PlaceController))
#7 C:\wamp64\www\event\system\CodeIgniter.php(308): CodeIgniter\CodeIgniter->handleRequest(NULL, Object(Config\Cache), false)
#8 C:\wamp64\www\event\index.php(45): CodeIgniter\CodeIgniter->run()
#9 {main}
CRITICAL - 2020-06-15 05:38:32 --> Invalid argument supplied for foreach()
#0 C:\wamp64\www\event\app\Views\place.php(266): CodeIgniter\Debug\Exceptions->errorHandler(2, 'Invalid argumen...', 'C:\\wamp64\\www\\e...', 266, Array)
#1 C:\wamp64\www\event\system\View\View.php(246): include('C:\\wamp64\\www\\e...')
#2 C:\wamp64\www\event\system\Common.php(1087): CodeIgniter\View\View->render('place', Array, true)
#3 C:\wamp64\www\event\app\Controllers\PlaceController.php(20): view('place', Array)
#4 C:\wamp64\www\event\app\Controllers\PlaceController.php(8): App\Controllers\PlaceController->placeList()
#5 C:\wamp64\www\event\system\CodeIgniter.php(914): App\Controllers\PlaceController->index()
#6 C:\wamp64\www\event\system\CodeIgniter.php(400): CodeIgniter\CodeIgniter->runController(Object(App\Controllers\PlaceController))
#7 C:\wamp64\www\event\system\CodeIgniter.php(308): CodeIgniter\CodeIgniter->handleRequest(NULL, Object(Config\Cache), false)
#8 C:\wamp64\www\event\index.php(45): CodeIgniter\CodeIgniter->run()
#9 {main}
CRITICAL - 2020-06-15 06:08:57 --> Invalid file: place.php
#0 C:\wamp64\www\event\system\View\View.php(228): CodeIgniter\Exceptions\FrameworkException::forInvalidFile('place.php')
#1 C:\wamp64\www\event\system\Common.php(1087): CodeIgniter\View\View->render('place', Array, true)
#2 C:\wamp64\www\event\app\Controllers\PlaceController.php(20): view('place', Array)
#3 C:\wamp64\www\event\app\Controllers\PlaceController.php(8): App\Controllers\PlaceController->placeList()
#4 C:\wamp64\www\event\system\CodeIgniter.php(914): App\Controllers\PlaceController->index()
#5 C:\wamp64\www\event\system\CodeIgniter.php(400): CodeIgniter\CodeIgniter->runController(Object(App\Controllers\PlaceController))
#6 C:\wamp64\www\event\system\CodeIgniter.php(308): CodeIgniter\CodeIgniter->handleRequest(NULL, Object(Config\Cache), false)
#7 C:\wamp64\www\event\index.php(45): CodeIgniter\CodeIgniter->run()
#8 {main}
CRITICAL - 2020-06-15 06:09:22 --> Invalid file: rate.php
#0 C:\wamp64\www\event\system\View\View.php(228): CodeIgniter\Exceptions\FrameworkException::forInvalidFile('rate.php')
#1 C:\wamp64\www\event\system\Common.php(1087): CodeIgniter\View\View->render('rate', Array, true)
#2 C:\wamp64\www\event\app\Controllers\PriceController.php(20): view('rate', Array)
#3 C:\wamp64\www\event\app\Controllers\PriceController.php(8): App\Controllers\PriceController->priceList()
#4 C:\wamp64\www\event\system\CodeIgniter.php(914): App\Controllers\PriceController->index()
#5 C:\wamp64\www\event\system\CodeIgniter.php(400): CodeIgniter\CodeIgniter->runController(Object(App\Controllers\PriceController))
#6 C:\wamp64\www\event\system\CodeIgniter.php(308): CodeIgniter\CodeIgniter->handleRequest(NULL, Object(Config\Cache), false)
#7 C:\wamp64\www\event\index.php(45): CodeIgniter\CodeIgniter->run()
#8 {main}
CRITICAL - 2020-06-15 06:20:16 --> Declaration of App\Models\PriceModel::save($price) must be compatible with CodeIgniter\Model::save($data): bool
#0 [internal function]: CodeIgniter\Debug\Exceptions->shutdownHandler()
#1 {main}
CRITICAL - 2020-06-15 06:21:16 --> Declaration of App\Models\PriceModel::save($price) must be compatible with CodeIgniter\Model::save($data): bool
#0 [internal function]: CodeIgniter\Debug\Exceptions->shutdownHandler()
#1 {main}
CRITICAL - 2020-06-15 06:21:19 --> Declaration of App\Models\PriceModel::save($price) must be compatible with CodeIgniter\Model::save($data): bool
#0 [internal function]: CodeIgniter\Debug\Exceptions->shutdownHandler()
#1 {main}
CRITICAL - 2020-06-15 15:15:26 --> syntax error, unexpected 'idPointOfSale' (T_STRING), expecting ')'
#0 C:\wamp64\www\event\system\Common.php(1087): CodeIgniter\View\View->render('pdv_liste', Array, true)
#1 C:\wamp64\www\event\app\Controllers\PointOfSaleController.php(17): view('pdv_liste', Array)
#2 C:\wamp64\www\event\system\CodeIgniter.php(914): App\Controllers\PointOfSaleController->liste()
#3 C:\wamp64\www\event\system\CodeIgniter.php(400): CodeIgniter\CodeIgniter->runController(Object(App\Controllers\PointOfSaleController))
#4 C:\wamp64\www\event\system\CodeIgniter.php(308): CodeIgniter\CodeIgniter->handleRequest(NULL, Object(Config\Cache), false)
#5 C:\wamp64\www\event\index.php(45): CodeIgniter\CodeIgniter->run()
#6 {main}
CRITICAL - 2020-06-15 15:16:54 --> syntax error, unexpected '"', expecting ')'
#0 C:\wamp64\www\event\system\Common.php(1087): CodeIgniter\View\View->render('pdv_liste', Array, true)
#1 C:\wamp64\www\event\app\Controllers\PointOfSaleController.php(17): view('pdv_liste', Array)
#2 C:\wamp64\www\event\system\CodeIgniter.php(914): App\Controllers\PointOfSaleController->liste()
#3 C:\wamp64\www\event\system\CodeIgniter.php(400): CodeIgniter\CodeIgniter->runController(Object(App\Controllers\PointOfSaleController))
#4 C:\wamp64\www\event\system\CodeIgniter.php(308): CodeIgniter\CodeIgniter->handleRequest(NULL, Object(Config\Cache), false)
#5 C:\wamp64\www\event\index.php(45): CodeIgniter\CodeIgniter->run()
#6 {main}
CRITICAL - 2020-06-15 15:37:33 --> syntax error, unexpected 'endforeach' (T_ENDFOREACH), expecting ',' or ';'
#0 C:\wamp64\www\event\system\Common.php(1087): CodeIgniter\View\View->render('pdv_ajout', Array, true)
#1 C:\wamp64\www\event\app\Controllers\PointOfSaleController.php(101): view('pdv_ajout', Array)
#2 C:\wamp64\www\event\system\CodeIgniter.php(914): App\Controllers\PointOfSaleController->update()
#3 C:\wamp64\www\event\system\CodeIgniter.php(400): CodeIgniter\CodeIgniter->runController(Object(App\Controllers\PointOfSaleController))
#4 C:\wamp64\www\event\system\CodeIgniter.php(308): CodeIgniter\CodeIgniter->handleRequest(NULL, Object(Config\Cache), false)
#5 C:\wamp64\www\event\index.php(45): CodeIgniter\CodeIgniter->run()
#6 {main}
CRITICAL - 2020-06-15 15:38:54 --> Cannot use object of type stdClass as array
#0 C:\wamp64\www\event\system\View\View.php(246): include()
#1 C:\wamp64\www\event\system\Common.php(1087): CodeIgniter\View\View->render('pdv_ajout', Array, true)
#2 C:\wamp64\www\event\app\Controllers\PointOfSaleController.php(101): view('pdv_ajout', Array)
#3 C:\wamp64\www\event\system\CodeIgniter.php(914): App\Controllers\PointOfSaleController->update()
#4 C:\wamp64\www\event\system\CodeIgniter.php(400): CodeIgniter\CodeIgniter->runController(Object(App\Controllers\PointOfSaleController))
#5 C:\wamp64\www\event\system\CodeIgniter.php(308): CodeIgniter\CodeIgniter->handleRequest(NULL, Object(Config\Cache), false)
#6 C:\wamp64\www\event\index.php(45): CodeIgniter\CodeIgniter->run()
#7 {main}
CRITICAL - 2020-06-15 15:40:41 --> Cannot use object of type stdClass as array
#0 C:\wamp64\www\event\system\View\View.php(246): include()
#1 C:\wamp64\www\event\system\Common.php(1087): CodeIgniter\View\View->render('pdv_ajout', Array, true)
#2 C:\wamp64\www\event\app\Controllers\PointOfSaleController.php(101): view('pdv_ajout', Array)
#3 C:\wamp64\www\event\system\CodeIgniter.php(914): App\Controllers\PointOfSaleController->update()
#4 C:\wamp64\www\event\system\CodeIgniter.php(400): CodeIgniter\CodeIgniter->runController(Object(App\Controllers\PointOfSaleController))
#5 C:\wamp64\www\event\system\CodeIgniter.php(308): CodeIgniter\CodeIgniter->handleRequest(NULL, Object(Config\Cache), false)
#6 C:\wamp64\www\event\index.php(45): CodeIgniter\CodeIgniter->run()
#7 {main}
CRITICAL - 2020-06-15 15:40:41 --> Cannot use object of type stdClass as array
#0 C:\wamp64\www\event\system\View\View.php(246): include()
#1 C:\wamp64\www\event\system\Common.php(1087): CodeIgniter\View\View->render('pdv_ajout', Array, true)
#2 C:\wamp64\www\event\app\Controllers\PointOfSaleController.php(101): view('pdv_ajout', Array)
#3 C:\wamp64\www\event\system\CodeIgniter.php(914): App\Controllers\PointOfSaleController->update()
#4 C:\wamp64\www\event\system\CodeIgniter.php(400): CodeIgniter\CodeIgniter->runController(Object(App\Controllers\PointOfSaleController))
#5 C:\wamp64\www\event\system\CodeIgniter.php(308): CodeIgniter\CodeIgniter->handleRequest(NULL, Object(Config\Cache), false)
#6 C:\wamp64\www\event\index.php(45): CodeIgniter\CodeIgniter->run()
#7 {main}
CRITICAL - 2020-06-15 15:40:41 --> Cannot use object of type stdClass as array
#0 C:\wamp64\www\event\system\View\View.php(246): include()
#1 C:\wamp64\www\event\system\Common.php(1087): CodeIgniter\View\View->render('pdv_ajout', Array, true)
#2 C:\wamp64\www\event\app\Controllers\PointOfSaleController.php(101): view('pdv_ajout', Array)
#3 C:\wamp64\www\event\system\CodeIgniter.php(914): App\Controllers\PointOfSaleController->update()
#4 C:\wamp64\www\event\system\CodeIgniter.php(400): CodeIgniter\CodeIgniter->runController(Object(App\Controllers\PointOfSaleController))
#5 C:\wamp64\www\event\system\CodeIgniter.php(308): CodeIgniter\CodeIgniter->handleRequest(NULL, Object(Config\Cache), false)
#6 C:\wamp64\www\event\index.php(45): CodeIgniter\CodeIgniter->run()
#7 {main}
CRITICAL - 2020-06-15 15:40:42 --> Cannot use object of type stdClass as array
#0 C:\wamp64\www\event\system\View\View.php(246): include()
#1 C:\wamp64\www\event\system\Common.php(1087): CodeIgniter\View\View->render('pdv_ajout', Array, true)
#2 C:\wamp64\www\event\app\Controllers\PointOfSaleController.php(101): view('pdv_ajout', Array)
#3 C:\wamp64\www\event\system\CodeIgniter.php(914): App\Controllers\PointOfSaleController->update()
#4 C:\wamp64\www\event\system\CodeIgniter.php(400): CodeIgniter\CodeIgniter->runController(Object(App\Controllers\PointOfSaleController))
#5 C:\wamp64\www\event\system\CodeIgniter.php(308): CodeIgniter\CodeIgniter->handleRequest(NULL, Object(Config\Cache), false)
#6 C:\wamp64\www\event\index.php(45): CodeIgniter\CodeIgniter->run()
#7 {main}
CRITICAL - 2020-06-15 15:44:37 --> Cannot use object of type stdClass as array
#0 C:\wamp64\www\event\system\CodeIgniter.php(914): App\Controllers\PointOfSaleController->update()
#1 C:\wamp64\www\event\system\CodeIgniter.php(400): CodeIgniter\CodeIgniter->runController(Object(App\Controllers\PointOfSaleController))
#2 C:\wamp64\www\event\system\CodeIgniter.php(308): CodeIgniter\CodeIgniter->handleRequest(NULL, Object(Config\Cache), false)
#3 C:\wamp64\www\event\index.php(45): CodeIgniter\CodeIgniter->run()
#4 {main}
CRITICAL - 2020-06-15 15:44:53 --> Cannot use object of type stdClass as array
#0 C:\wamp64\www\event\system\CodeIgniter.php(914): App\Controllers\PointOfSaleController->update()
#1 C:\wamp64\www\event\system\CodeIgniter.php(400): CodeIgniter\CodeIgniter->runController(Object(App\Controllers\PointOfSaleController))
#2 C:\wamp64\www\event\system\CodeIgniter.php(308): CodeIgniter\CodeIgniter->handleRequest(NULL, Object(Config\Cache), false)
#3 C:\wamp64\www\event\index.php(45): CodeIgniter\CodeIgniter->run()
#4 {main}
CRITICAL - 2020-06-15 15:55:54 --> syntax error, unexpected '='
#0 C:\wamp64\www\event\system\Common.php(1087): CodeIgniter\View\View->render('pdv_ajout', Array, true)
#1 C:\wamp64\www\event\app\Controllers\PointOfSaleController.php(106): view('pdv_ajout', Array)
#2 C:\wamp64\www\event\system\CodeIgniter.php(914): App\Controllers\PointOfSaleController->update()
#3 C:\wamp64\www\event\system\CodeIgniter.php(400): CodeIgniter\CodeIgniter->runController(Object(App\Controllers\PointOfSaleController))
#4 C:\wamp64\www\event\system\CodeIgniter.php(308): CodeIgniter\CodeIgniter->handleRequest(NULL, Object(Config\Cache), false)
#5 C:\wamp64\www\event\index.php(45): CodeIgniter\CodeIgniter->run()
#6 {main}
CRITICAL - 2020-06-15 16:02:17 --> syntax error, unexpected '"true"' (T_CONSTANT_ENCAPSED_STRING), expecting ',' or ';'
#0 C:\wamp64\www\event\system\Common.php(1087): CodeIgniter\View\View->render('pdv_ajout', Array, true)
#1 C:\wamp64\www\event\app\Controllers\PointOfSaleController.php(106): view('pdv_ajout', Array)
#2 C:\wamp64\www\event\system\CodeIgniter.php(914): App\Controllers\PointOfSaleController->update()
#3 C:\wamp64\www\event\system\CodeIgniter.php(400): CodeIgniter\CodeIgniter->runController(Object(App\Controllers\PointOfSaleController))
#4 C:\wamp64\www\event\system\CodeIgniter.php(308): CodeIgniter\CodeIgniter->handleRequest(NULL, Object(Config\Cache), false)
#5 C:\wamp64\www\event\index.php(45): CodeIgniter\CodeIgniter->run()
#6 {main}
CRITICAL - 2020-06-15 16:02:17 --> syntax error, unexpected '"true"' (T_CONSTANT_ENCAPSED_STRING), expecting ',' or ';'
#0 C:\wamp64\www\event\system\Common.php(1087): CodeIgniter\View\View->render('pdv_ajout', Array, true)
#1 C:\wamp64\www\event\app\Controllers\PointOfSaleController.php(106): view('pdv_ajout', Array)
#2 C:\wamp64\www\event\system\CodeIgniter.php(914): App\Controllers\PointOfSaleController->update()
#3 C:\wamp64\www\event\system\CodeIgniter.php(400): CodeIgniter\CodeIgniter->runController(Object(App\Controllers\PointOfSaleController))
#4 C:\wamp64\www\event\system\CodeIgniter.php(308): CodeIgniter\CodeIgniter->handleRequest(NULL, Object(Config\Cache), false)
#5 C:\wamp64\www\event\index.php(45): CodeIgniter\CodeIgniter->run()
#6 {main}
CRITICAL - 2020-06-15 16:02:19 --> syntax error, unexpected '"true"' (T_CONSTANT_ENCAPSED_STRING), expecting ',' or ';'
#0 C:\wamp64\www\event\system\Common.php(1087): CodeIgniter\View\View->render('pdv_ajout', Array, true)
#1 C:\wamp64\www\event\app\Controllers\PointOfSaleController.php(106): view('pdv_ajout', Array)
#2 C:\wamp64\www\event\system\CodeIgniter.php(914): App\Controllers\PointOfSaleController->update()
#3 C:\wamp64\www\event\system\CodeIgniter.php(400): CodeIgniter\CodeIgniter->runController(Object(App\Controllers\PointOfSaleController))
#4 C:\wamp64\www\event\system\CodeIgniter.php(308): CodeIgniter\CodeIgniter->handleRequest(NULL, Object(Config\Cache), false)
#5 C:\wamp64\www\event\index.php(45): CodeIgniter\CodeIgniter->run()
#6 {main}
CRITICAL - 2020-06-15 16:02:42 --> syntax error, unexpected '"true'"' (T_CONSTANT_ENCAPSED_STRING), expecting ',' or ';'
#0 C:\wamp64\www\event\system\Common.php(1087): CodeIgniter\View\View->render('pdv_ajout', Array, true)
#1 C:\wamp64\www\event\app\Controllers\PointOfSaleController.php(106): view('pdv_ajout', Array)
#2 C:\wamp64\www\event\system\CodeIgniter.php(914): App\Controllers\PointOfSaleController->update()
#3 C:\wamp64\www\event\system\CodeIgniter.php(400): CodeIgniter\CodeIgniter->runController(Object(App\Controllers\PointOfSaleController))
#4 C:\wamp64\www\event\system\CodeIgniter.php(308): CodeIgniter\CodeIgniter->handleRequest(NULL, Object(Config\Cache), false)
#5 C:\wamp64\www\event\index.php(45): CodeIgniter\CodeIgniter->run()
#6 {main}
