CRITICAL - 2020-05-05 13:12:31 --> Base 'event_db' inconnue
#0 C:\wamp\www\event\system\Database\BaseConnection.php(377): CodeIgniter\Database\MySQLi\Connection->connect(false)
#1 C:\wamp\www\event\system\Database\BaseConnection.php(643): CodeIgniter\Database\BaseConnection->initialize()
#2 C:\wamp\www\event\app\Controllers\Home.php(9): CodeIgniter\Database\BaseConnection->query('select * from e...')
#3 C:\wamp\www\event\system\CodeIgniter.php(914): App\Controllers\Home->index()
#4 C:\wamp\www\event\system\CodeIgniter.php(400): CodeIgniter\CodeIgniter->runController(Object(App\Controllers\Home))
#5 C:\wamp\www\event\system\CodeIgniter.php(308): CodeIgniter\CodeIgniter->handleRequest(NULL, Object(Config\Cache), false)
#6 C:\wamp\www\event\public\index.php(45): CodeIgniter\CodeIgniter->run()
#7 {main}
CRITICAL - 2020-05-05 13:13:36 --> Namespace declaration statement has to be the very first statement or after any declare call in the script
#0 [internal function]: CodeIgniter\Debug\Exceptions->shutdownHandler()
#1 {main}
CRITICAL - 2020-05-05 13:13:39 --> Namespace declaration statement has to be the very first statement or after any declare call in the script
#0 [internal function]: CodeIgniter\Debug\Exceptions->shutdownHandler()
#1 {main}
CRITICAL - 2020-05-05 13:14:11 --> Namespace declaration statement has to be the very first statement or after any declare call in the script
#0 [internal function]: CodeIgniter\Debug\Exceptions->shutdownHandler()
#1 {main}
CRITICAL - 2020-05-05 13:14:21 --> Namespace declaration statement has to be the very first statement or after any declare call in the script
#0 [internal function]: CodeIgniter\Debug\Exceptions->shutdownHandler()
#1 {main}
CRITICAL - 2020-05-05 13:14:22 --> Namespace declaration statement has to be the very first statement or after any declare call in the script
#0 [internal function]: CodeIgniter\Debug\Exceptions->shutdownHandler()
#1 {main}
CRITICAL - 2020-05-05 13:14:22 --> Namespace declaration statement has to be the very first statement or after any declare call in the script
#0 [internal function]: CodeIgniter\Debug\Exceptions->shutdownHandler()
#1 {main}
CRITICAL - 2020-05-05 13:14:22 --> Namespace declaration statement has to be the very first statement or after any declare call in the script
#0 [internal function]: CodeIgniter\Debug\Exceptions->shutdownHandler()
#1 {main}
CRITICAL - 2020-05-05 13:14:34 --> Namespace declaration statement has to be the very first statement or after any declare call in the script
#0 [internal function]: CodeIgniter\Debug\Exceptions->shutdownHandler()
#1 {main}
CRITICAL - 2020-05-05 13:17:31 --> Namespace declaration statement has to be the very first statement or after any declare call in the script
#0 [internal function]: CodeIgniter\Debug\Exceptions->shutdownHandler()
#1 {main}
CRITICAL - 2020-05-05 13:18:40 --> Base 'event_db' inconnue
#0 C:\wamp\www\event\system\Database\BaseConnection.php(377): CodeIgniter\Database\MySQLi\Connection->connect(false)
#1 C:\wamp\www\event\system\Database\BaseConnection.php(643): CodeIgniter\Database\BaseConnection->initialize()
#2 C:\wamp\www\event\app\Controllers\Home.php(9): CodeIgniter\Database\BaseConnection->query('select * from e...')
#3 C:\wamp\www\event\system\CodeIgniter.php(914): App\Controllers\Home->index()
#4 C:\wamp\www\event\system\CodeIgniter.php(400): CodeIgniter\CodeIgniter->runController(Object(App\Controllers\Home))
#5 C:\wamp\www\event\system\CodeIgniter.php(308): CodeIgniter\CodeIgniter->handleRequest(NULL, Object(Config\Cache), false)
#6 C:\wamp\www\event\public\index.php(45): CodeIgniter\CodeIgniter->run()
#7 {main}
CRITICAL - 2020-05-05 13:23:56 --> Call to a member function query() on null
#0 C:\wamp\www\event\system\CodeIgniter.php(914): App\Controllers\Home->index()
#1 C:\wamp\www\event\system\CodeIgniter.php(400): CodeIgniter\CodeIgniter->runController(Object(App\Controllers\Home))
#2 C:\wamp\www\event\system\CodeIgniter.php(308): CodeIgniter\CodeIgniter->handleRequest(NULL, Object(Config\Cache), false)
#3 C:\wamp\www\event\public\index.php(45): CodeIgniter\CodeIgniter->run()
#4 {main}
CRITICAL - 2020-05-05 13:24:12 --> syntax error, unexpected '$db' (T_VARIABLE), expecting function (T_FUNCTION) or const (T_CONST)
#0 C:\wamp\www\event\system\Autoloader\Autoloader.php(296): CodeIgniter\Autoloader\Autoloader->requireFile('C:\\wamp\\www\\eve...')
#1 C:\wamp\www\event\system\Autoloader\Autoloader.php(258): CodeIgniter\Autoloader\Autoloader->loadInNamespace('Config\\Database')
#2 [internal function]: CodeIgniter\Autoloader\Autoloader->loadClass('Config\\Database')
#3 C:\wamp\www\event\system\Common.php(235): spl_autoload_call('Config\\Database')
#4 C:\wamp\www\event\app\Controllers\Home.php(7): db_connect()
#5 C:\wamp\www\event\system\CodeIgniter.php(914): App\Controllers\Home->index()
#6 C:\wamp\www\event\system\CodeIgniter.php(400): CodeIgniter\CodeIgniter->runController(Object(App\Controllers\Home))
#7 C:\wamp\www\event\system\CodeIgniter.php(308): CodeIgniter\CodeIgniter->handleRequest(NULL, Object(Config\Cache), false)
#8 C:\wamp\www\event\public\index.php(45): CodeIgniter\CodeIgniter->run()
#9 {main}
CRITICAL - 2020-05-05 13:41:53 --> Call to a member function getResult() on array
#0 C:\wamp\www\event\system\CodeIgniter.php(914): App\Controllers\Home->index()
#1 C:\wamp\www\event\system\CodeIgniter.php(400): CodeIgniter\CodeIgniter->runController(Object(App\Controllers\Home))
#2 C:\wamp\www\event\system\CodeIgniter.php(308): CodeIgniter\CodeIgniter->handleRequest(NULL, Object(Config\Cache), false)
#3 C:\wamp\www\event\public\index.php(45): CodeIgniter\CodeIgniter->run()
#4 {main}
CRITICAL - 2020-05-05 13:46:28 --> syntax error, unexpected end of file, expecting function (T_FUNCTION) or const (T_CONST)
#0 C:\wamp\www\event\system\Autoloader\Autoloader.php(296): CodeIgniter\Autoloader\Autoloader->requireFile('C:\\wamp\\www\\eve...')
#1 C:\wamp\www\event\system\Autoloader\Autoloader.php(258): CodeIgniter\Autoloader\Autoloader->loadInNamespace('App\\Controllers...')
#2 [internal function]: CodeIgniter\Autoloader\Autoloader->loadClass('App\\Controllers...')
#3 [internal function]: spl_autoload_call('App\\Controllers...')
#4 C:\wamp\www\event\system\CodeIgniter.php(865): class_exists('\\App\\Controller...', true)
#5 C:\wamp\www\event\system\CodeIgniter.php(390): CodeIgniter\CodeIgniter->startController()
#6 C:\wamp\www\event\system\CodeIgniter.php(308): CodeIgniter\CodeIgniter->handleRequest(NULL, Object(Config\Cache), false)
#7 C:\wamp\www\event\public\index.php(45): CodeIgniter\CodeIgniter->run()
#8 {main}
CRITICAL - 2020-05-05 13:46:50 --> syntax error, unexpected end of file, expecting function (T_FUNCTION) or const (T_CONST)
#0 C:\wamp\www\event\system\Autoloader\Autoloader.php(296): CodeIgniter\Autoloader\Autoloader->requireFile('C:\\wamp\\www\\eve...')
#1 C:\wamp\www\event\system\Autoloader\Autoloader.php(258): CodeIgniter\Autoloader\Autoloader->loadInNamespace('App\\Controllers...')
#2 [internal function]: CodeIgniter\Autoloader\Autoloader->loadClass('App\\Controllers...')
#3 [internal function]: spl_autoload_call('App\\Controllers...')
#4 C:\wamp\www\event\system\CodeIgniter.php(865): class_exists('\\App\\Controller...', true)
#5 C:\wamp\www\event\system\CodeIgniter.php(390): CodeIgniter\CodeIgniter->startController()
#6 C:\wamp\www\event\system\CodeIgniter.php(308): CodeIgniter\CodeIgniter->handleRequest(NULL, Object(Config\Cache), false)
#7 C:\wamp\www\event\public\index.php(45): CodeIgniter\CodeIgniter->run()
#8 {main}
CRITICAL - 2020-05-05 13:49:14 --> syntax error, unexpected end of file, expecting function (T_FUNCTION) or const (T_CONST)
#0 C:\wamp\www\event\system\Autoloader\Autoloader.php(296): CodeIgniter\Autoloader\Autoloader->requireFile('C:\\wamp\\www\\eve...')
#1 C:\wamp\www\event\system\Autoloader\Autoloader.php(258): CodeIgniter\Autoloader\Autoloader->loadInNamespace('App\\Controllers...')
#2 [internal function]: CodeIgniter\Autoloader\Autoloader->loadClass('App\\Controllers...')
#3 [internal function]: spl_autoload_call('App\\Controllers...')
#4 C:\wamp\www\event\system\CodeIgniter.php(865): class_exists('\\App\\Controller...', true)
#5 C:\wamp\www\event\system\CodeIgniter.php(390): CodeIgniter\CodeIgniter->startController()
#6 C:\wamp\www\event\system\CodeIgniter.php(308): CodeIgniter\CodeIgniter->handleRequest(NULL, Object(Config\Cache), false)
#7 C:\wamp\www\event\public\index.php(45): CodeIgniter\CodeIgniter->run()
#8 {main}
