CRITICAL - 2021-07-08 09:54:51 --> Class 'Config\PHPMailer_lib' not found
#0 /home/wezmg/domains/wez.mg/public_html/services/system/CodeIgniter.php(914): App\Controllers\UserController->sendTest()
#1 /home/wezmg/domains/wez.mg/public_html/services/system/CodeIgniter.php(400): CodeIgniter\CodeIgniter->runController(Object(App\Controllers\UserController))
#2 /home/wezmg/domains/wez.mg/public_html/services/system/CodeIgniter.php(308): CodeIgniter\CodeIgniter->handleRequest(NULL, Object(Config\Cache), false)
#3 /home/wezmg/domains/wez.mg/public_html/services/index.php(45): CodeIgniter\CodeIgniter->run()
#4 {main}
CRITICAL - 2021-07-08 09:56:58 --> Class 'Config\PHPMailer_lib' not found
#0 /home/wezmg/domains/wez.mg/public_html/services/system/CodeIgniter.php(914): App\Controllers\UserController->sendTest()
#1 /home/wezmg/domains/wez.mg/public_html/services/system/CodeIgniter.php(400): CodeIgniter\CodeIgniter->runController(Object(App\Controllers\UserController))
#2 /home/wezmg/domains/wez.mg/public_html/services/system/CodeIgniter.php(308): CodeIgniter\CodeIgniter->handleRequest(NULL, Object(Config\Cache), false)
#3 /home/wezmg/domains/wez.mg/public_html/services/index.php(45): CodeIgniter\CodeIgniter->run()
#4 {main}
CRITICAL - 2021-07-08 09:57:02 --> Class 'Config\PHPMailer_lib' not found
#0 /home/wezmg/domains/wez.mg/public_html/services/system/CodeIgniter.php(914): App\Controllers\UserController->sendTest()
#1 /home/wezmg/domains/wez.mg/public_html/services/system/CodeIgniter.php(400): CodeIgniter\CodeIgniter->runController(Object(App\Controllers\UserController))
#2 /home/wezmg/domains/wez.mg/public_html/services/system/CodeIgniter.php(308): CodeIgniter\CodeIgniter->handleRequest(NULL, Object(Config\Cache), false)
#3 /home/wezmg/domains/wez.mg/public_html/services/index.php(45): CodeIgniter\CodeIgniter->run()
#4 {main}
CRITICAL - 2021-07-08 09:59:15 --> Debug is an invalid log level.
#0 /home/wezmg/domains/wez.mg/public_html/services/system/Log/Logger.php(337): CodeIgniter\Log\Exceptions\LogException::forInvalidLogLevel('Debug')
#1 /home/wezmg/domains/wez.mg/public_html/services/system/Common.php(724): CodeIgniter\Log\Logger->log('Debug', 'PHPMailer class...', Array)
#2 /home/wezmg/domains/wez.mg/public_html/services/app/Config/PHPMailer_Lib.php(19): log_message('Debug', 'PHPMailer class...')
#3 /home/wezmg/domains/wez.mg/public_html/services/app/Controllers/UserController.php(386): Config\PHPMailer_Lib->__construct()
#4 /home/wezmg/domains/wez.mg/public_html/services/system/CodeIgniter.php(914): App\Controllers\UserController->sendTest()
#5 /home/wezmg/domains/wez.mg/public_html/services/system/CodeIgniter.php(400): CodeIgniter\CodeIgniter->runController(Object(App\Controllers\UserController))
#6 /home/wezmg/domains/wez.mg/public_html/services/system/CodeIgniter.php(308): CodeIgniter\CodeIgniter->handleRequest(NULL, Object(Config\Cache), false)
#7 /home/wezmg/domains/wez.mg/public_html/services/index.php(45): CodeIgniter\CodeIgniter->run()
#8 {main}
