CRITICAL - 2021-11-10 01:37:34 --> Duplicate entry 'evangelisation' for key 'name'
#0 /home/wezmg/domains/wez.mg/public_html/services/system/Database/MySQLi/Connection.php(331): mysqli->query('INSERT INTO `ca...')
#1 /home/wezmg/domains/wez.mg/public_html/services/system/Database/BaseConnection.php(738): CodeIgniter\Database\MySQLi\Connection->execute('INSERT INTO `ca...')
#2 /home/wezmg/domains/wez.mg/public_html/services/system/Database/BaseConnection.php(666): CodeIgniter\Database\BaseConnection->simpleQuery('INSERT INTO `ca...')
#3 /home/wezmg/domains/wez.mg/public_html/services/system/Database/BaseBuilder.php(2234): CodeIgniter\Database\BaseConnection->query('INSERT INTO `ca...', Array, false)
#4 /home/wezmg/domains/wez.mg/public_html/services/system/Model.php(729): CodeIgniter\Database\BaseBuilder->insert()
#5 /home/wezmg/domains/wez.mg/public_html/services/system/Model.php(557): CodeIgniter\Model->insert(Array, false)
#6 /home/wezmg/domains/wez.mg/public_html/services/app/Models/CategoryModel.php(35): CodeIgniter\Model->save(Object(App\Entities\Category))
#7 /home/wezmg/domains/wez.mg/public_html/services/app/Controllers/CategoryController.php(12): App\Models\CategoryModel->categorySave(Object(App\Entities\Category))
#8 /home/wezmg/domains/wez.mg/public_html/services/system/CodeIgniter.php(914): App\Controllers\CategoryController->saveCategoryModal()
#9 /home/wezmg/domains/wez.mg/public_html/services/system/CodeIgniter.php(400): CodeIgniter\CodeIgniter->runController(Object(App\Controllers\CategoryController))
#10 /home/wezmg/domains/wez.mg/public_html/services/system/CodeIgniter.php(308): CodeIgniter\CodeIgniter->handleRequest(NULL, Object(Config\Cache), false)
#11 /home/wezmg/domains/wez.mg/public_html/services/index.php(45): CodeIgniter\CodeIgniter->run()
#12 {main}
CRITICAL - 2021-11-10 01:54:10 --> Duplicate entry 'evangil' for key 'name'
#0 /home/wezmg/domains/wez.mg/public_html/services/system/Database/MySQLi/Connection.php(331): mysqli->query('INSERT INTO `ca...')
#1 /home/wezmg/domains/wez.mg/public_html/services/system/Database/BaseConnection.php(738): CodeIgniter\Database\MySQLi\Connection->execute('INSERT INTO `ca...')
#2 /home/wezmg/domains/wez.mg/public_html/services/system/Database/BaseConnection.php(666): CodeIgniter\Database\BaseConnection->simpleQuery('INSERT INTO `ca...')
#3 /home/wezmg/domains/wez.mg/public_html/services/system/Database/BaseBuilder.php(2234): CodeIgniter\Database\BaseConnection->query('INSERT INTO `ca...', Array, false)
#4 /home/wezmg/domains/wez.mg/public_html/services/system/Model.php(729): CodeIgniter\Database\BaseBuilder->insert()
#5 /home/wezmg/domains/wez.mg/public_html/services/system/Model.php(557): CodeIgniter\Model->insert(Array, false)
#6 /home/wezmg/domains/wez.mg/public_html/services/app/Models/CategoryModel.php(35): CodeIgniter\Model->save(Object(App\Entities\Category))
#7 /home/wezmg/domains/wez.mg/public_html/services/app/Controllers/CategoryController.php(13): App\Models\CategoryModel->categorySave(Object(App\Entities\Category))
#8 /home/wezmg/domains/wez.mg/public_html/services/system/CodeIgniter.php(914): App\Controllers\CategoryController->saveCategoryModal()
#9 /home/wezmg/domains/wez.mg/public_html/services/system/CodeIgniter.php(400): CodeIgniter\CodeIgniter->runController(Object(App\Controllers\CategoryController))
#10 /home/wezmg/domains/wez.mg/public_html/services/system/CodeIgniter.php(308): CodeIgniter\CodeIgniter->handleRequest(NULL, Object(Config\Cache), false)
#11 /home/wezmg/domains/wez.mg/public_html/services/index.php(45): CodeIgniter\CodeIgniter->run()
#12 {main}
CRITICAL - 2021-11-10 02:00:13 --> Duplicate entry 'evangil' for key 'name'
#0 /home/wezmg/domains/wez.mg/public_html/services/system/Database/MySQLi/Connection.php(331): mysqli->query('INSERT INTO `ca...')
#1 /home/wezmg/domains/wez.mg/public_html/services/system/Database/BaseConnection.php(738): CodeIgniter\Database\MySQLi\Connection->execute('INSERT INTO `ca...')
#2 /home/wezmg/domains/wez.mg/public_html/services/system/Database/BaseConnection.php(666): CodeIgniter\Database\BaseConnection->simpleQuery('INSERT INTO `ca...')
#3 /home/wezmg/domains/wez.mg/public_html/services/system/Database/BaseBuilder.php(2234): CodeIgniter\Database\BaseConnection->query('INSERT INTO `ca...', Array, false)
#4 /home/wezmg/domains/wez.mg/public_html/services/system/Model.php(729): CodeIgniter\Database\BaseBuilder->insert()
#5 /home/wezmg/domains/wez.mg/public_html/services/system/Model.php(557): CodeIgniter\Model->insert(Array, false)
#6 /home/wezmg/domains/wez.mg/public_html/services/app/Models/CategoryModel.php(35): CodeIgniter\Model->save(Object(App\Entities\Category))
#7 /home/wezmg/domains/wez.mg/public_html/services/app/Controllers/CategoryController.php(13): App\Models\CategoryModel->categorySave(Object(App\Entities\Category))
#8 /home/wezmg/domains/wez.mg/public_html/services/system/CodeIgniter.php(914): App\Controllers\CategoryController->saveCategoryModal()
#9 /home/wezmg/domains/wez.mg/public_html/services/system/CodeIgniter.php(400): CodeIgniter\CodeIgniter->runController(Object(App\Controllers\CategoryController))
#10 /home/wezmg/domains/wez.mg/public_html/services/system/CodeIgniter.php(308): CodeIgniter\CodeIgniter->handleRequest(NULL, Object(Config\Cache), false)
#11 /home/wezmg/domains/wez.mg/public_html/services/index.php(45): CodeIgniter\CodeIgniter->run()
#12 {main}
CRITICAL - 2021-11-10 02:25:28 --> Duplicate entry 'evangil' for key 'name'
#0 /home/wezmg/domains/wez.mg/public_html/services/system/Database/MySQLi/Connection.php(331): mysqli->query('INSERT INTO `ca...')
#1 /home/wezmg/domains/wez.mg/public_html/services/system/Database/BaseConnection.php(738): CodeIgniter\Database\MySQLi\Connection->execute('INSERT INTO `ca...')
#2 /home/wezmg/domains/wez.mg/public_html/services/system/Database/BaseConnection.php(666): CodeIgniter\Database\BaseConnection->simpleQuery('INSERT INTO `ca...')
#3 /home/wezmg/domains/wez.mg/public_html/services/system/Database/BaseBuilder.php(2234): CodeIgniter\Database\BaseConnection->query('INSERT INTO `ca...', Array, false)
#4 /home/wezmg/domains/wez.mg/public_html/services/system/Model.php(729): CodeIgniter\Database\BaseBuilder->insert()
#5 /home/wezmg/domains/wez.mg/public_html/services/system/Model.php(557): CodeIgniter\Model->insert(Array, false)
#6 /home/wezmg/domains/wez.mg/public_html/services/app/Models/CategoryModel.php(35): CodeIgniter\Model->save(Object(App\Entities\Category))
#7 /home/wezmg/domains/wez.mg/public_html/services/app/Controllers/CategoryController.php(13): App\Models\CategoryModel->categorySave(Object(App\Entities\Category))
#8 /home/wezmg/domains/wez.mg/public_html/services/system/CodeIgniter.php(914): App\Controllers\CategoryController->saveCategoryModal()
#9 /home/wezmg/domains/wez.mg/public_html/services/system/CodeIgniter.php(400): CodeIgniter\CodeIgniter->runController(Object(App\Controllers\CategoryController))
#10 /home/wezmg/domains/wez.mg/public_html/services/system/CodeIgniter.php(308): CodeIgniter\CodeIgniter->handleRequest(NULL, Object(Config\Cache), false)
#11 /home/wezmg/domains/wez.mg/public_html/services/index.php(45): CodeIgniter\CodeIgniter->run()
#12 {main}
CRITICAL - 2021-11-10 02:25:30 --> Duplicate entry 'evangil' for key 'name'
#0 /home/wezmg/domains/wez.mg/public_html/services/system/Database/MySQLi/Connection.php(331): mysqli->query('INSERT INTO `ca...')
#1 /home/wezmg/domains/wez.mg/public_html/services/system/Database/BaseConnection.php(738): CodeIgniter\Database\MySQLi\Connection->execute('INSERT INTO `ca...')
#2 /home/wezmg/domains/wez.mg/public_html/services/system/Database/BaseConnection.php(666): CodeIgniter\Database\BaseConnection->simpleQuery('INSERT INTO `ca...')
#3 /home/wezmg/domains/wez.mg/public_html/services/system/Database/BaseBuilder.php(2234): CodeIgniter\Database\BaseConnection->query('INSERT INTO `ca...', Array, false)
#4 /home/wezmg/domains/wez.mg/public_html/services/system/Model.php(729): CodeIgniter\Database\BaseBuilder->insert()
#5 /home/wezmg/domains/wez.mg/public_html/services/system/Model.php(557): CodeIgniter\Model->insert(Array, false)
#6 /home/wezmg/domains/wez.mg/public_html/services/app/Models/CategoryModel.php(35): CodeIgniter\Model->save(Object(App\Entities\Category))
#7 /home/wezmg/domains/wez.mg/public_html/services/app/Controllers/CategoryController.php(13): App\Models\CategoryModel->categorySave(Object(App\Entities\Category))
#8 /home/wezmg/domains/wez.mg/public_html/services/system/CodeIgniter.php(914): App\Controllers\CategoryController->saveCategoryModal()
#9 /home/wezmg/domains/wez.mg/public_html/services/system/CodeIgniter.php(400): CodeIgniter\CodeIgniter->runController(Object(App\Controllers\CategoryController))
#10 /home/wezmg/domains/wez.mg/public_html/services/system/CodeIgniter.php(308): CodeIgniter\CodeIgniter->handleRequest(NULL, Object(Config\Cache), false)
#11 /home/wezmg/domains/wez.mg/public_html/services/index.php(45): CodeIgniter\CodeIgniter->run()
#12 {main}
CRITICAL - 2021-11-10 02:25:38 --> Duplicate entry 'evangil' for key 'name'
#0 /home/wezmg/domains/wez.mg/public_html/services/system/Database/MySQLi/Connection.php(331): mysqli->query('INSERT INTO `ca...')
#1 /home/wezmg/domains/wez.mg/public_html/services/system/Database/BaseConnection.php(738): CodeIgniter\Database\MySQLi\Connection->execute('INSERT INTO `ca...')
#2 /home/wezmg/domains/wez.mg/public_html/services/system/Database/BaseConnection.php(666): CodeIgniter\Database\BaseConnection->simpleQuery('INSERT INTO `ca...')
#3 /home/wezmg/domains/wez.mg/public_html/services/system/Database/BaseBuilder.php(2234): CodeIgniter\Database\BaseConnection->query('INSERT INTO `ca...', Array, false)
#4 /home/wezmg/domains/wez.mg/public_html/services/system/Model.php(729): CodeIgniter\Database\BaseBuilder->insert()
#5 /home/wezmg/domains/wez.mg/public_html/services/system/Model.php(557): CodeIgniter\Model->insert(Array, false)
#6 /home/wezmg/domains/wez.mg/public_html/services/app/Models/CategoryModel.php(35): CodeIgniter\Model->save(Object(App\Entities\Category))
#7 /home/wezmg/domains/wez.mg/public_html/services/app/Controllers/CategoryController.php(13): App\Models\CategoryModel->categorySave(Object(App\Entities\Category))
#8 /home/wezmg/domains/wez.mg/public_html/services/system/CodeIgniter.php(914): App\Controllers\CategoryController->saveCategoryModal()
#9 /home/wezmg/domains/wez.mg/public_html/services/system/CodeIgniter.php(400): CodeIgniter\CodeIgniter->runController(Object(App\Controllers\CategoryController))
#10 /home/wezmg/domains/wez.mg/public_html/services/system/CodeIgniter.php(308): CodeIgniter\CodeIgniter->handleRequest(NULL, Object(Config\Cache), false)
#11 /home/wezmg/domains/wez.mg/public_html/services/index.php(45): CodeIgniter\CodeIgniter->run()
#12 {main}
CRITICAL - 2021-11-10 02:25:39 --> Duplicate entry 'evangil' for key 'name'
#0 /home/wezmg/domains/wez.mg/public_html/services/system/Database/MySQLi/Connection.php(331): mysqli->query('INSERT INTO `ca...')
#1 /home/wezmg/domains/wez.mg/public_html/services/system/Database/BaseConnection.php(738): CodeIgniter\Database\MySQLi\Connection->execute('INSERT INTO `ca...')
#2 /home/wezmg/domains/wez.mg/public_html/services/system/Database/BaseConnection.php(666): CodeIgniter\Database\BaseConnection->simpleQuery('INSERT INTO `ca...')
#3 /home/wezmg/domains/wez.mg/public_html/services/system/Database/BaseBuilder.php(2234): CodeIgniter\Database\BaseConnection->query('INSERT INTO `ca...', Array, false)
#4 /home/wezmg/domains/wez.mg/public_html/services/system/Model.php(729): CodeIgniter\Database\BaseBuilder->insert()
#5 /home/wezmg/domains/wez.mg/public_html/services/system/Model.php(557): CodeIgniter\Model->insert(Array, false)
#6 /home/wezmg/domains/wez.mg/public_html/services/app/Models/CategoryModel.php(35): CodeIgniter\Model->save(Object(App\Entities\Category))
#7 /home/wezmg/domains/wez.mg/public_html/services/app/Controllers/CategoryController.php(13): App\Models\CategoryModel->categorySave(Object(App\Entities\Category))
#8 /home/wezmg/domains/wez.mg/public_html/services/system/CodeIgniter.php(914): App\Controllers\CategoryController->saveCategoryModal()
#9 /home/wezmg/domains/wez.mg/public_html/services/system/CodeIgniter.php(400): CodeIgniter\CodeIgniter->runController(Object(App\Controllers\CategoryController))
#10 /home/wezmg/domains/wez.mg/public_html/services/system/CodeIgniter.php(308): CodeIgniter\CodeIgniter->handleRequest(NULL, Object(Config\Cache), false)
#11 /home/wezmg/domains/wez.mg/public_html/services/index.php(45): CodeIgniter\CodeIgniter->run()
#12 {main}
CRITICAL - 2021-11-10 02:27:37 --> Call to a member function categoryList() on null
#0 /home/wezmg/domains/wez.mg/public_html/services/system/CodeIgniter.php(914): App\Controllers\CategoryController->saveCategoryModal()
#1 /home/wezmg/domains/wez.mg/public_html/services/system/CodeIgniter.php(400): CodeIgniter\CodeIgniter->runController(Object(App\Controllers\CategoryController))
#2 /home/wezmg/domains/wez.mg/public_html/services/system/CodeIgniter.php(308): CodeIgniter\CodeIgniter->handleRequest(NULL, Object(Config\Cache), false)
#3 /home/wezmg/domains/wez.mg/public_html/services/index.php(45): CodeIgniter\CodeIgniter->run()
#4 {main}
CRITICAL - 2021-11-10 02:32:01 --> Duplicate entry 'evangil' for key 'name'
#0 /home/wezmg/domains/wez.mg/public_html/services/system/Database/MySQLi/Connection.php(331): mysqli->query('INSERT INTO `ca...')
#1 /home/wezmg/domains/wez.mg/public_html/services/system/Database/BaseConnection.php(738): CodeIgniter\Database\MySQLi\Connection->execute('INSERT INTO `ca...')
#2 /home/wezmg/domains/wez.mg/public_html/services/system/Database/BaseConnection.php(666): CodeIgniter\Database\BaseConnection->simpleQuery('INSERT INTO `ca...')
#3 /home/wezmg/domains/wez.mg/public_html/services/system/Database/BaseBuilder.php(2234): CodeIgniter\Database\BaseConnection->query('INSERT INTO `ca...', Array, false)
#4 /home/wezmg/domains/wez.mg/public_html/services/system/Model.php(729): CodeIgniter\Database\BaseBuilder->insert()
#5 /home/wezmg/domains/wez.mg/public_html/services/system/Model.php(557): CodeIgniter\Model->insert(Array, false)
#6 /home/wezmg/domains/wez.mg/public_html/services/app/Models/CategoryModel.php(35): CodeIgniter\Model->save(Object(App\Entities\Category))
#7 /home/wezmg/domains/wez.mg/public_html/services/app/Controllers/CategoryController.php(12): App\Models\CategoryModel->categorySave(Object(App\Entities\Category))
#8 /home/wezmg/domains/wez.mg/public_html/services/system/CodeIgniter.php(914): App\Controllers\CategoryController->saveCategoryModal()
#9 /home/wezmg/domains/wez.mg/public_html/services/system/CodeIgniter.php(400): CodeIgniter\CodeIgniter->runController(Object(App\Controllers\CategoryController))
#10 /home/wezmg/domains/wez.mg/public_html/services/system/CodeIgniter.php(308): CodeIgniter\CodeIgniter->handleRequest(NULL, Object(Config\Cache), false)
#11 /home/wezmg/domains/wez.mg/public_html/services/index.php(45): CodeIgniter\CodeIgniter->run()
#12 {main}
CRITICAL - 2021-11-10 04:20:07 --> You have an error in your SQL syntax; check the manual that corresponds to your MariaDB server version for the right syntax to use near 'BEFORE event.dateEnd AND `event`.`isValidated` != 3' at line 7
#0 /home/wezmg/domains/wez.mg/public_html/services/system/Database/MySQLi/Connection.php(331): mysqli->query('SELECT `event`....')
#1 /home/wezmg/domains/wez.mg/public_html/services/system/Database/BaseConnection.php(738): CodeIgniter\Database\MySQLi\Connection->execute('SELECT `event`....')
#2 /home/wezmg/domains/wez.mg/public_html/services/system/Database/BaseConnection.php(666): CodeIgniter\Database\BaseConnection->simpleQuery('SELECT `event`....')
#3 /home/wezmg/domains/wez.mg/public_html/services/system/Database/BaseBuilder.php(1845): CodeIgniter\Database\BaseConnection->query('SELECT `event`....', Array, false)
#4 /home/wezmg/domains/wez.mg/public_html/services/app/Models/EventModel.php(174): CodeIgniter\Database\BaseBuilder->get()
#5 /home/wezmg/domains/wez.mg/public_html/services/app/Controllers/EventController.php(353): App\Models\EventModel->eventDetails(false, '')
#6 /home/wezmg/domains/wez.mg/public_html/services/app/Controllers/EventController.php(309): App\Controllers\EventController->getListEventByDetail(0, false)
#7 /home/wezmg/domains/wez.mg/public_html/services/system/CodeIgniter.php(914): App\Controllers\EventController->listeRefonte()
#8 /home/wezmg/domains/wez.mg/public_html/services/system/CodeIgniter.php(400): CodeIgniter\CodeIgniter->runController(Object(App\Controllers\EventController))
#9 /home/wezmg/domains/wez.mg/public_html/services/system/CodeIgniter.php(308): CodeIgniter\CodeIgniter->handleRequest(NULL, Object(Config\Cache), false)
#10 /home/wezmg/domains/wez.mg/public_html/services/index.php(45): CodeIgniter\CodeIgniter->run()
#11 {main}
CRITICAL - 2021-11-10 04:21:11 --> You have an error in your SQL syntax; check the manual that corresponds to your MariaDB server version for the right syntax to use near 'BEFORE event.dateEnd' at line 7
#0 /home/wezmg/domains/wez.mg/public_html/services/system/Database/MySQLi/Connection.php(331): mysqli->query('SELECT `event`....')
#1 /home/wezmg/domains/wez.mg/public_html/services/system/Database/BaseConnection.php(738): CodeIgniter\Database\MySQLi\Connection->execute('SELECT `event`....')
#2 /home/wezmg/domains/wez.mg/public_html/services/system/Database/BaseConnection.php(666): CodeIgniter\Database\BaseConnection->simpleQuery('SELECT `event`....')
#3 /home/wezmg/domains/wez.mg/public_html/services/system/Database/BaseBuilder.php(1845): CodeIgniter\Database\BaseConnection->query('SELECT `event`....', Array, false)
#4 /home/wezmg/domains/wez.mg/public_html/services/app/Models/EventModel.php(174): CodeIgniter\Database\BaseBuilder->get()
#5 /home/wezmg/domains/wez.mg/public_html/services/app/Controllers/EventController.php(353): App\Models\EventModel->eventDetails(false, '')
#6 /home/wezmg/domains/wez.mg/public_html/services/app/Controllers/EventController.php(309): App\Controllers\EventController->getListEventByDetail(0, false)
#7 /home/wezmg/domains/wez.mg/public_html/services/system/CodeIgniter.php(914): App\Controllers\EventController->listeRefonte()
#8 /home/wezmg/domains/wez.mg/public_html/services/system/CodeIgniter.php(400): CodeIgniter\CodeIgniter->runController(Object(App\Controllers\EventController))
#9 /home/wezmg/domains/wez.mg/public_html/services/system/CodeIgniter.php(308): CodeIgniter\CodeIgniter->handleRequest(NULL, Object(Config\Cache), false)
#10 /home/wezmg/domains/wez.mg/public_html/services/index.php(45): CodeIgniter\CodeIgniter->run()
#11 {main}
CRITICAL - 2021-11-10 05:57:08 --> Class 'App\Models\EventModel' not found
#0 /home/wezmg/domains/wez.mg/public_html/services/app/Controllers/EventController.php(309): App\Controllers\EventController->getListEventByDetail(0, false)
#1 /home/wezmg/domains/wez.mg/public_html/services/system/CodeIgniter.php(914): App\Controllers\EventController->listeRefonte()
#2 /home/wezmg/domains/wez.mg/public_html/services/system/CodeIgniter.php(400): CodeIgniter\CodeIgniter->runController(Object(App\Controllers\EventController))
#3 /home/wezmg/domains/wez.mg/public_html/services/system/CodeIgniter.php(308): CodeIgniter\CodeIgniter->handleRequest(NULL, Object(Config\Cache), false)
#4 /home/wezmg/domains/wez.mg/public_html/services/index.php(45): CodeIgniter\CodeIgniter->run()
#5 {main}
CRITICAL - 2021-11-10 05:59:59 --> Cannot add or update a child row: a foreign key constraint fails (`wezmg_wezdb`.`token`, CONSTRAINT `token_ibfk_1` FOREIGN KEY (`idUser`) REFERENCES `user` (`idUser`) ON DELETE CASCADE)
#0 /home/wezmg/domains/wez.mg/public_html/services/system/Database/MySQLi/Connection.php(331): mysqli->query('INSERT INTO `to...')
#1 /home/wezmg/domains/wez.mg/public_html/services/system/Database/BaseConnection.php(738): CodeIgniter\Database\MySQLi\Connection->execute('INSERT INTO `to...')
#2 /home/wezmg/domains/wez.mg/public_html/services/system/Database/BaseConnection.php(666): CodeIgniter\Database\BaseConnection->simpleQuery('INSERT INTO `to...')
#3 /home/wezmg/domains/wez.mg/public_html/services/system/Database/BaseBuilder.php(2234): CodeIgniter\Database\BaseConnection->query('INSERT INTO `to...', Array, false)
#4 /home/wezmg/domains/wez.mg/public_html/services/system/Model.php(729): CodeIgniter\Database\BaseBuilder->insert()
#5 /home/wezmg/domains/wez.mg/public_html/services/system/Model.php(557): CodeIgniter\Model->insert(Array, false)
#6 /home/wezmg/domains/wez.mg/public_html/services/app/Models/TokenModel.php(26): CodeIgniter\Model->save(Object(App\Entities\Token))
#7 /home/wezmg/domains/wez.mg/public_html/services/app/Controllers/TokenWSController.php(22): App\Models\TokenModel->saveToken(Object(App\Entities\Token))
#8 /home/wezmg/domains/wez.mg/public_html/services/system/CodeIgniter.php(914): App\Controllers\TokenWSController->saveToken()
#9 /home/wezmg/domains/wez.mg/public_html/services/system/CodeIgniter.php(400): CodeIgniter\CodeIgniter->runController(Object(App\Controllers\TokenWSController))
#10 /home/wezmg/domains/wez.mg/public_html/services/system/CodeIgniter.php(308): CodeIgniter\CodeIgniter->handleRequest(NULL, Object(Config\Cache), false)
#11 /home/wezmg/domains/wez.mg/public_html/services/index.php(45): CodeIgniter\CodeIgniter->run()
#12 {main}
CRITICAL - 2021-11-10 06:02:13 --> syntax error, unexpected end of file
#0 /home/wezmg/domains/wez.mg/public_html/services/system/Autoloader/Autoloader.php(296): CodeIgniter\Autoloader\Autoloader->requireFile('/home/wezmg/dom...')
#1 /home/wezmg/domains/wez.mg/public_html/services/system/Autoloader/Autoloader.php(258): CodeIgniter\Autoloader\Autoloader->loadInNamespace('App\\Controllers...')
#2 [internal function]: CodeIgniter\Autoloader\Autoloader->loadClass('App\\Controllers...')
#3 [internal function]: spl_autoload_call('App\\Controllers...')
#4 /home/wezmg/domains/wez.mg/public_html/services/system/CodeIgniter.php(865): class_exists('\\App\\Controller...', true)
#5 /home/wezmg/domains/wez.mg/public_html/services/system/CodeIgniter.php(390): CodeIgniter\CodeIgniter->startController()
#6 /home/wezmg/domains/wez.mg/public_html/services/system/CodeIgniter.php(308): CodeIgniter\CodeIgniter->handleRequest(NULL, Object(Config\Cache), false)
#7 /home/wezmg/domains/wez.mg/public_html/services/index.php(45): CodeIgniter\CodeIgniter->run()
#8 {main}
CRITICAL - 2021-11-10 06:22:31 --> count(): Parameter must be an array or an object that implements Countable
#0 /home/wezmg/domains/wez.mg/public_html/services/app/Views/evenement_liste_refonte.php(11): CodeIgniter\Debug\Exceptions->errorHandler(2, 'count(): Parame...', '/home/wezmg/dom...', 11, Array)
#1 /home/wezmg/domains/wez.mg/public_html/services/system/View/View.php(246): include('/home/wezmg/dom...')
#2 /home/wezmg/domains/wez.mg/public_html/services/system/Common.php(1087): CodeIgniter\View\View->render('evenement_liste...', Array, true)
#3 /home/wezmg/domains/wez.mg/public_html/services/app/Controllers/EventController.php(319): view('evenement_liste...', Array)
#4 /home/wezmg/domains/wez.mg/public_html/services/system/CodeIgniter.php(914): App\Controllers\EventController->listeRefonte()
#5 /home/wezmg/domains/wez.mg/public_html/services/system/CodeIgniter.php(400): CodeIgniter\CodeIgniter->runController(Object(App\Controllers\EventController))
#6 /home/wezmg/domains/wez.mg/public_html/services/system/CodeIgniter.php(308): CodeIgniter\CodeIgniter->handleRequest(NULL, Object(Config\Cache), false)
#7 /home/wezmg/domains/wez.mg/public_html/services/index.php(45): CodeIgniter\CodeIgniter->run()
#8 {main}
CRITICAL - 2021-11-10 06:23:30 --> count(): Parameter must be an array or an object that implements Countable
#0 /home/wezmg/domains/wez.mg/public_html/services/app/Views/evenement_liste_refonte.php(11): CodeIgniter\Debug\Exceptions->errorHandler(2, 'count(): Parame...', '/home/wezmg/dom...', 11, Array)
#1 /home/wezmg/domains/wez.mg/public_html/services/system/View/View.php(246): include('/home/wezmg/dom...')
#2 /home/wezmg/domains/wez.mg/public_html/services/system/Common.php(1087): CodeIgniter\View\View->render('evenement_liste...', Array, true)
#3 /home/wezmg/domains/wez.mg/public_html/services/app/Controllers/EventController.php(319): view('evenement_liste...', Array)
#4 /home/wezmg/domains/wez.mg/public_html/services/system/CodeIgniter.php(914): App\Controllers\EventController->listeRefonte()
#5 /home/wezmg/domains/wez.mg/public_html/services/system/CodeIgniter.php(400): CodeIgniter\CodeIgniter->runController(Object(App\Controllers\EventController))
#6 /home/wezmg/domains/wez.mg/public_html/services/system/CodeIgniter.php(308): CodeIgniter\CodeIgniter->handleRequest(NULL, Object(Config\Cache), false)
#7 /home/wezmg/domains/wez.mg/public_html/services/index.php(45): CodeIgniter\CodeIgniter->run()
#8 {main}
CRITICAL - 2021-11-10 07:23:18 --> syntax error, unexpected end of file
#0 /home/wezmg/domains/wez.mg/public_html/services/system/Autoloader/Autoloader.php(296): CodeIgniter\Autoloader\Autoloader->requireFile('/home/wezmg/dom...')
#1 /home/wezmg/domains/wez.mg/public_html/services/system/Autoloader/Autoloader.php(258): CodeIgniter\Autoloader\Autoloader->loadInNamespace('App\\Controllers...')
#2 [internal function]: CodeIgniter\Autoloader\Autoloader->loadClass('App\\Controllers...')
#3 [internal function]: spl_autoload_call('App\\Controllers...')
#4 /home/wezmg/domains/wez.mg/public_html/services/system/CodeIgniter.php(865): class_exists('\\App\\Controller...', true)
#5 /home/wezmg/domains/wez.mg/public_html/services/system/CodeIgniter.php(390): CodeIgniter\CodeIgniter->startController()
#6 /home/wezmg/domains/wez.mg/public_html/services/system/CodeIgniter.php(308): CodeIgniter\CodeIgniter->handleRequest(NULL, Object(Config\Cache), false)
#7 /home/wezmg/domains/wez.mg/public_html/services/index.php(45): CodeIgniter\CodeIgniter->run()
#8 {main}
CRITICAL - 2021-11-10 08:45:45 --> syntax error, unexpected '{'
#0 /home/wezmg/domains/wez.mg/public_html/services/system/Common.php(1087): CodeIgniter\View\View->render('evenement_ajout...', Array, true)
#1 /home/wezmg/domains/wez.mg/public_html/services/app/Controllers/EventController.php(1364): view('evenement_ajout...', Array)
#2 /home/wezmg/domains/wez.mg/public_html/services/app/Controllers/EventController.php(1340): App\Controllers\EventController->beforeAjoutEvent(Array)
#3 /home/wezmg/domains/wez.mg/public_html/services/system/CodeIgniter.php(914): App\Controllers\EventController->pageInfoEvent()
#4 /home/wezmg/domains/wez.mg/public_html/services/system/CodeIgniter.php(400): CodeIgniter\CodeIgniter->runController(Object(App\Controllers\EventController))
#5 /home/wezmg/domains/wez.mg/public_html/services/system/CodeIgniter.php(308): CodeIgniter\CodeIgniter->handleRequest(NULL, Object(Config\Cache), false)
#6 /home/wezmg/domains/wez.mg/public_html/services/index.php(45): CodeIgniter\CodeIgniter->run()
#7 {main}
CRITICAL - 2021-11-10 12:32:39 --> Cannot add or update a child row: a foreign key constraint fails (`wezmg_wezdb`.`token`, CONSTRAINT `token_ibfk_1` FOREIGN KEY (`idUser`) REFERENCES `user` (`idUser`) ON DELETE CASCADE)
#0 /home/wezmg/domains/wez.mg/public_html/services/system/Database/MySQLi/Connection.php(331): mysqli->query('INSERT INTO `to...')
#1 /home/wezmg/domains/wez.mg/public_html/services/system/Database/BaseConnection.php(738): CodeIgniter\Database\MySQLi\Connection->execute('INSERT INTO `to...')
#2 /home/wezmg/domains/wez.mg/public_html/services/system/Database/BaseConnection.php(666): CodeIgniter\Database\BaseConnection->simpleQuery('INSERT INTO `to...')
#3 /home/wezmg/domains/wez.mg/public_html/services/system/Database/BaseBuilder.php(2234): CodeIgniter\Database\BaseConnection->query('INSERT INTO `to...', Array, false)
#4 /home/wezmg/domains/wez.mg/public_html/services/system/Model.php(729): CodeIgniter\Database\BaseBuilder->insert()
#5 /home/wezmg/domains/wez.mg/public_html/services/system/Model.php(557): CodeIgniter\Model->insert(Array, false)
#6 /home/wezmg/domains/wez.mg/public_html/services/app/Models/TokenModel.php(26): CodeIgniter\Model->save(Object(App\Entities\Token))
#7 /home/wezmg/domains/wez.mg/public_html/services/app/Controllers/TokenWSController.php(22): App\Models\TokenModel->saveToken(Object(App\Entities\Token))
#8 /home/wezmg/domains/wez.mg/public_html/services/system/CodeIgniter.php(914): App\Controllers\TokenWSController->saveToken()
#9 /home/wezmg/domains/wez.mg/public_html/services/system/CodeIgniter.php(400): CodeIgniter\CodeIgniter->runController(Object(App\Controllers\TokenWSController))
#10 /home/wezmg/domains/wez.mg/public_html/services/system/CodeIgniter.php(308): CodeIgniter\CodeIgniter->handleRequest(NULL, Object(Config\Cache), false)
#11 /home/wezmg/domains/wez.mg/public_html/services/index.php(45): CodeIgniter\CodeIgniter->run()
#12 {main}
CRITICAL - 2021-11-10 23:02:59 --> Class 'App\Controllers\DateTime' not found
#0 /home/wezmg/domains/wez.mg/public_html/services/system/CodeIgniter.php(914): App\Controllers\EventController->pageInfoEvent()
#1 /home/wezmg/domains/wez.mg/public_html/services/system/CodeIgniter.php(400): CodeIgniter\CodeIgniter->runController(Object(App\Controllers\EventController))
#2 /home/wezmg/domains/wez.mg/public_html/services/system/CodeIgniter.php(308): CodeIgniter\CodeIgniter->handleRequest(NULL, Object(Config\Cache), false)
#3 /home/wezmg/domains/wez.mg/public_html/services/index.php(45): CodeIgniter\CodeIgniter->run()
#4 {main}
CRITICAL - 2021-11-10 23:04:58 --> Class 'App\Controllers\DateTime' not found
#0 /home/wezmg/domains/wez.mg/public_html/services/system/CodeIgniter.php(914): App\Controllers\EventController->pageInfoEvent()
#1 /home/wezmg/domains/wez.mg/public_html/services/system/CodeIgniter.php(400): CodeIgniter\CodeIgniter->runController(Object(App\Controllers\EventController))
#2 /home/wezmg/domains/wez.mg/public_html/services/system/CodeIgniter.php(308): CodeIgniter\CodeIgniter->handleRequest(NULL, Object(Config\Cache), false)
#3 /home/wezmg/domains/wez.mg/public_html/services/index.php(45): CodeIgniter\CodeIgniter->run()
#4 {main}
CRITICAL - 2021-11-10 23:05:41 --> Class 'App\Controllers\DateInterval' not found
#0 /home/wezmg/domains/wez.mg/public_html/services/system/CodeIgniter.php(914): App\Controllers\EventController->pageInfoEvent()
#1 /home/wezmg/domains/wez.mg/public_html/services/system/CodeIgniter.php(400): CodeIgniter\CodeIgniter->runController(Object(App\Controllers\EventController))
#2 /home/wezmg/domains/wez.mg/public_html/services/system/CodeIgniter.php(308): CodeIgniter\CodeIgniter->handleRequest(NULL, Object(Config\Cache), false)
#3 /home/wezmg/domains/wez.mg/public_html/services/index.php(45): CodeIgniter\CodeIgniter->run()
#4 {main}
