CRITICAL - 2020-05-17 06:21:17 --> Call to undefined method CodeIgniter\Database\MySQLi\Connection::select()
#0 C:\wamp\www\event\app\Controllers\EventController.php(22): App\Models\EventModel->getEventMax()
#1 C:\wamp\www\event\system\CodeIgniter.php(914): App\Controllers\EventController->index()
#2 C:\wamp\www\event\system\CodeIgniter.php(400): CodeIgniter\CodeIgniter->runController(Object(App\Controllers\EventController))
#3 C:\wamp\www\event\system\CodeIgniter.php(308): CodeIgniter\CodeIgniter->handleRequest(NULL, Object(Config\Cache), false)
#4 C:\wamp\www\event\public\index.php(45): CodeIgniter\CodeIgniter->run()
#5 {main}
CRITICAL - 2020-05-17 06:21:52 --> Call to undefined method CodeIgniter\Database\MySQLi\Connection::select()
#0 C:\wamp\www\event\app\Controllers\EventController.php(21): App\Models\EventModel->getEventMax()
#1 C:\wamp\www\event\system\CodeIgniter.php(914): App\Controllers\EventController->index()
#2 C:\wamp\www\event\system\CodeIgniter.php(400): CodeIgniter\CodeIgniter->runController(Object(App\Controllers\EventController))
#3 C:\wamp\www\event\system\CodeIgniter.php(308): CodeIgniter\CodeIgniter->handleRequest(NULL, Object(Config\Cache), false)
#4 C:\wamp\www\event\public\index.php(45): CodeIgniter\CodeIgniter->run()
#5 {main}
CRITICAL - 2020-05-17 06:30:22 --> Call to undefined method CodeIgniter\Database\MySQLi\Builder::getResult()
#0 C:\wamp\www\event\system\CodeIgniter.php(914): App\Controllers\EventController->index()
#1 C:\wamp\www\event\system\CodeIgniter.php(400): CodeIgniter\CodeIgniter->runController(Object(App\Controllers\EventController))
#2 C:\wamp\www\event\system\CodeIgniter.php(308): CodeIgniter\CodeIgniter->handleRequest(NULL, Object(Config\Cache), false)
#3 C:\wamp\www\event\public\index.php(45): CodeIgniter\CodeIgniter->run()
#4 {main}
CRITICAL - 2020-05-17 06:40:18 --> Call to a member function table() on null
#0 C:\wamp\www\event\app\Controllers\EventController.php(21): App\Models\EventModel->getEventDetails()
#1 C:\wamp\www\event\system\CodeIgniter.php(914): App\Controllers\EventController->index()
#2 C:\wamp\www\event\system\CodeIgniter.php(400): CodeIgniter\CodeIgniter->runController(Object(App\Controllers\EventController))
#3 C:\wamp\www\event\system\CodeIgniter.php(308): CodeIgniter\CodeIgniter->handleRequest(NULL, Object(Config\Cache), false)
#4 C:\wamp\www\event\public\index.php(45): CodeIgniter\CodeIgniter->run()
#5 {main}
CRITICAL - 2020-05-17 06:42:07 --> Call to a member function table() on null
#0 C:\wamp\www\event\app\Controllers\EventController.php(21): App\Models\EventModel->getEventDetails()
#1 C:\wamp\www\event\system\CodeIgniter.php(914): App\Controllers\EventController->index()
#2 C:\wamp\www\event\system\CodeIgniter.php(400): CodeIgniter\CodeIgniter->runController(Object(App\Controllers\EventController))
#3 C:\wamp\www\event\system\CodeIgniter.php(308): CodeIgniter\CodeIgniter->handleRequest(NULL, Object(Config\Cache), false)
#4 C:\wamp\www\event\public\index.php(45): CodeIgniter\CodeIgniter->run()
#5 {main}
CRITICAL - 2020-05-17 06:50:31 --> syntax error, unexpected ';'
#0 C:\wamp\www\event\system\Autoloader\Autoloader.php(296): CodeIgniter\Autoloader\Autoloader->requireFile('C:\\wamp\\www\\eve...')
#1 C:\wamp\www\event\system\Autoloader\Autoloader.php(258): CodeIgniter\Autoloader\Autoloader->loadInNamespace('App\\Controllers...')
#2 [internal function]: CodeIgniter\Autoloader\Autoloader->loadClass('App\\Controllers...')
#3 [internal function]: spl_autoload_call('App\\Controllers...')
#4 C:\wamp\www\event\system\CodeIgniter.php(865): class_exists('\\App\\Controller...', true)
#5 C:\wamp\www\event\system\CodeIgniter.php(390): CodeIgniter\CodeIgniter->startController()
#6 C:\wamp\www\event\system\CodeIgniter.php(308): CodeIgniter\CodeIgniter->handleRequest(NULL, Object(Config\Cache), false)
#7 C:\wamp\www\event\public\index.php(45): CodeIgniter\CodeIgniter->run()
#8 {main}
CRITICAL - 2020-05-17 06:50:39 --> syntax error, unexpected ';'
#0 C:\wamp\www\event\system\Autoloader\Autoloader.php(296): CodeIgniter\Autoloader\Autoloader->requireFile('C:\\wamp\\www\\eve...')
#1 C:\wamp\www\event\system\Autoloader\Autoloader.php(258): CodeIgniter\Autoloader\Autoloader->loadInNamespace('App\\Controllers...')
#2 [internal function]: CodeIgniter\Autoloader\Autoloader->loadClass('App\\Controllers...')
#3 [internal function]: spl_autoload_call('App\\Controllers...')
#4 C:\wamp\www\event\system\CodeIgniter.php(865): class_exists('\\App\\Controller...', true)
#5 C:\wamp\www\event\system\CodeIgniter.php(390): CodeIgniter\CodeIgniter->startController()
#6 C:\wamp\www\event\system\CodeIgniter.php(308): CodeIgniter\CodeIgniter->handleRequest(NULL, Object(Config\Cache), false)
#7 C:\wamp\www\event\public\index.php(45): CodeIgniter\CodeIgniter->run()
#8 {main}
CRITICAL - 2020-05-17 07:04:25 --> Argument 2 passed to view() must be of the type array, null given, called in C:\wamp\www\event\app\Controllers\EventController.php on line 10
#0 C:\wamp\www\event\app\Controllers\EventController.php(10): view('event_list', NULL)
#1 C:\wamp\www\event\system\CodeIgniter.php(914): App\Controllers\EventController->index()
#2 C:\wamp\www\event\system\CodeIgniter.php(400): CodeIgniter\CodeIgniter->runController(Object(App\Controllers\EventController))
#3 C:\wamp\www\event\system\CodeIgniter.php(308): CodeIgniter\CodeIgniter->handleRequest(NULL, Object(Config\Cache), false)
#4 C:\wamp\www\event\public\index.php(45): CodeIgniter\CodeIgniter->run()
#5 {main}
CRITICAL - 2020-05-17 07:33:18 --> Class 'App\Controllers\WS\BaseController' not found
#0 C:\wamp\www\event\system\Autoloader\Autoloader.php(365): require_once()
#1 C:\wamp\www\event\system\Autoloader\Autoloader.php(296): CodeIgniter\Autoloader\Autoloader->requireFile('C:\\wamp\\www\\eve...')
#2 C:\wamp\www\event\system\Autoloader\Autoloader.php(258): CodeIgniter\Autoloader\Autoloader->loadInNamespace('App\\Controllers...')
#3 [internal function]: CodeIgniter\Autoloader\Autoloader->loadClass('App\\Controllers...')
#4 [internal function]: spl_autoload_call('App\\Controllers...')
#5 C:\wamp\www\event\system\CodeIgniter.php(865): class_exists('\\App\\Controller...', true)
#6 C:\wamp\www\event\system\CodeIgniter.php(390): CodeIgniter\CodeIgniter->startController()
#7 C:\wamp\www\event\system\CodeIgniter.php(308): CodeIgniter\CodeIgniter->handleRequest(NULL, Object(Config\Cache), false)
#8 C:\wamp\www\event\public\index.php(45): CodeIgniter\CodeIgniter->run()
#9 {main}
CRITICAL - 2020-05-17 07:33:29 --> syntax error, unexpected 'Home' (T_STRING), expecting ')'
#0 C:\wamp\www\event\system\CodeIgniter.php(360): CodeIgniter\CodeIgniter->tryToRouteIt(NULL)
#1 C:\wamp\www\event\system\CodeIgniter.php(308): CodeIgniter\CodeIgniter->handleRequest(NULL, Object(Config\Cache), false)
#2 C:\wamp\www\event\public\index.php(45): CodeIgniter\CodeIgniter->run()
#3 {main}
CRITICAL - 2020-05-17 07:34:03 --> Class 'App\Controllers\WS\BaseController' not found
#0 C:\wamp\www\event\system\Autoloader\Autoloader.php(365): require_once()
#1 C:\wamp\www\event\system\Autoloader\Autoloader.php(296): CodeIgniter\Autoloader\Autoloader->requireFile('C:\\wamp\\www\\eve...')
#2 C:\wamp\www\event\system\Autoloader\Autoloader.php(258): CodeIgniter\Autoloader\Autoloader->loadInNamespace('App\\Controllers...')
#3 [internal function]: CodeIgniter\Autoloader\Autoloader->loadClass('App\\Controllers...')
#4 [internal function]: spl_autoload_call('App\\Controllers...')
#5 C:\wamp\www\event\system\CodeIgniter.php(865): class_exists('\\App\\Controller...', true)
#6 C:\wamp\www\event\system\CodeIgniter.php(390): CodeIgniter\CodeIgniter->startController()
#7 C:\wamp\www\event\system\CodeIgniter.php(308): CodeIgniter\CodeIgniter->handleRequest(NULL, Object(Config\Cache), false)
#8 C:\wamp\www\event\public\index.php(45): CodeIgniter\CodeIgniter->run()
#9 {main}
CRITICAL - 2020-05-17 07:35:17 --> Call to undefined method App\Controllers\EventWSController::liste()
#0 C:\wamp\www\event\system\CodeIgniter.php(914): App\Controllers\EventWSController->index()
#1 C:\wamp\www\event\system\CodeIgniter.php(400): CodeIgniter\CodeIgniter->runController(Object(App\Controllers\EventWSController))
#2 C:\wamp\www\event\system\CodeIgniter.php(308): CodeIgniter\CodeIgniter->handleRequest(NULL, Object(Config\Cache), false)
#3 C:\wamp\www\event\public\index.php(45): CodeIgniter\CodeIgniter->run()
#4 {main}
CRITICAL - 2020-05-17 08:28:07 --> Class 'App\Controllers\AgendaModel' not found
#0 C:\wamp\www\event\system\CodeIgniter.php(914): App\Controllers\EventWSController->index()
#1 C:\wamp\www\event\system\CodeIgniter.php(400): CodeIgniter\CodeIgniter->runController(Object(App\Controllers\EventWSController))
#2 C:\wamp\www\event\system\CodeIgniter.php(308): CodeIgniter\CodeIgniter->handleRequest(NULL, Object(Config\Cache), false)
#3 C:\wamp\www\event\public\index.php(45): CodeIgniter\CodeIgniter->run()
#4 {main}
CRITICAL - 2020-05-17 08:28:37 --> Call to undefined method App\Controllers\EventWSController::agendaList()
#0 C:\wamp\www\event\system\CodeIgniter.php(914): App\Controllers\EventWSController->index()
#1 C:\wamp\www\event\system\CodeIgniter.php(400): CodeIgniter\CodeIgniter->runController(Object(App\Controllers\EventWSController))
#2 C:\wamp\www\event\system\CodeIgniter.php(308): CodeIgniter\CodeIgniter->handleRequest(NULL, Object(Config\Cache), false)
#3 C:\wamp\www\event\public\index.php(45): CodeIgniter\CodeIgniter->run()
#4 {main}
CRITICAL - 2020-05-17 08:34:23 --> Too few arguments to function App\Models\AgendaModel::agendaListByIdUser(), 0 passed in C:\wamp\www\event\app\Controllers\EventWSController.php on line 17 and exactly 1 expected
#0 C:\wamp\www\event\app\Controllers\EventWSController.php(17): App\Models\AgendaModel->agendaListByIdUser()
#1 C:\wamp\www\event\system\CodeIgniter.php(914): App\Controllers\EventWSController->index()
#2 C:\wamp\www\event\system\CodeIgniter.php(400): CodeIgniter\CodeIgniter->runController(Object(App\Controllers\EventWSController))
#3 C:\wamp\www\event\system\CodeIgniter.php(308): CodeIgniter\CodeIgniter->handleRequest(NULL, Object(Config\Cache), false)
#4 C:\wamp\www\event\public\index.php(45): CodeIgniter\CodeIgniter->run()
#5 {main}
