CRITICAL - 2021-07-01 09:06:55 --> syntax error, unexpected 'public' (T_PUBLIC)
#0 /home/wezmg/domains/wez.mg/public_html/services/system/Autoloader/Autoloader.php(296): CodeIgniter\Autoloader\Autoloader->requireFile('/home/wezmg/dom...')
#1 /home/wezmg/domains/wez.mg/public_html/services/system/Autoloader/Autoloader.php(258): CodeIgniter\Autoloader\Autoloader->loadInNamespace('App\\Controllers...')
#2 [internal function]: CodeIgniter\Autoloader\Autoloader->loadClass('App\\Controllers...')
#3 [internal function]: spl_autoload_call('App\\Controllers...')
#4 /home/wezmg/domains/wez.mg/public_html/services/system/CodeIgniter.php(865): class_exists('\\App\\Controller...', true)
#5 /home/wezmg/domains/wez.mg/public_html/services/system/CodeIgniter.php(390): CodeIgniter\CodeIgniter->startController()
#6 /home/wezmg/domains/wez.mg/public_html/services/system/CodeIgniter.php(308): CodeIgniter\CodeIgniter->handleRequest(NULL, Object(Config\Cache), false)
#7 /home/wezmg/domains/wez.mg/public_html/services/index.php(45): CodeIgniter\CodeIgniter->run()
#8 {main}
CRITICAL - 2021-07-01 09:07:17 --> syntax error, unexpected 'public' (T_PUBLIC)
#0 /home/wezmg/domains/wez.mg/public_html/services/system/Autoloader/Autoloader.php(296): CodeIgniter\Autoloader\Autoloader->requireFile('/home/wezmg/dom...')
#1 /home/wezmg/domains/wez.mg/public_html/services/system/Autoloader/Autoloader.php(258): CodeIgniter\Autoloader\Autoloader->loadInNamespace('App\\Controllers...')
#2 [internal function]: CodeIgniter\Autoloader\Autoloader->loadClass('App\\Controllers...')
#3 [internal function]: spl_autoload_call('App\\Controllers...')
#4 /home/wezmg/domains/wez.mg/public_html/services/system/CodeIgniter.php(865): class_exists('\\App\\Controller...', true)
#5 /home/wezmg/domains/wez.mg/public_html/services/system/CodeIgniter.php(390): CodeIgniter\CodeIgniter->startController()
#6 /home/wezmg/domains/wez.mg/public_html/services/system/CodeIgniter.php(308): CodeIgniter\CodeIgniter->handleRequest(NULL, Object(Config\Cache), false)
#7 /home/wezmg/domains/wez.mg/public_html/services/index.php(45): CodeIgniter\CodeIgniter->run()
#8 {main}
CRITICAL - 2021-07-01 09:07:41 --> syntax error, unexpected 'public' (T_PUBLIC)
#0 /home/wezmg/domains/wez.mg/public_html/services/system/Autoloader/Autoloader.php(296): CodeIgniter\Autoloader\Autoloader->requireFile('/home/wezmg/dom...')
#1 /home/wezmg/domains/wez.mg/public_html/services/system/Autoloader/Autoloader.php(258): CodeIgniter\Autoloader\Autoloader->loadInNamespace('App\\Controllers...')
#2 [internal function]: CodeIgniter\Autoloader\Autoloader->loadClass('App\\Controllers...')
#3 [internal function]: spl_autoload_call('App\\Controllers...')
#4 /home/wezmg/domains/wez.mg/public_html/services/system/CodeIgniter.php(865): class_exists('\\App\\Controller...', true)
#5 /home/wezmg/domains/wez.mg/public_html/services/system/CodeIgniter.php(390): CodeIgniter\CodeIgniter->startController()
#6 /home/wezmg/domains/wez.mg/public_html/services/system/CodeIgniter.php(308): CodeIgniter\CodeIgniter->handleRequest(NULL, Object(Config\Cache), false)
#7 /home/wezmg/domains/wez.mg/public_html/services/index.php(45): CodeIgniter\CodeIgniter->run()
#8 {main}
